step  7040 | loss 5.9015 | lm 5.9015 | ppl 365.6 | gnorm 1.288 | lr 8.74e-05 | 129139 tok/s | Φ 0.875 | λ₁ 0.352 | ign 0.44 | mesoLG 0.49 | troph 4/4 μ2.00 | NT[DA=0.15 NE=0.20 5HT=0.35 ACh=0.25 eCB=0.10 Glu=0.45 GABA=0.15] | osc[δ=0.438 θ=0.271 γ=0.290]
step  7060 | loss 5.8512 | lm 5.8512 | ppl 347.6 | gnorm 0.972 | lr 8.67e-05 | 132022 tok/s | Φ 0.882 | λ₁ 0.352 | ign 0.43 | mesoLG 0.50 | troph 4/4 μ2.02 | NT[DA=0.15 NE=0.20 5HT=0.35 ACh=0.25 eCB=0.10 Glu=0.45 GABA=0.15] | osc[δ=0.375 θ=0.262 γ=0.363]
step  7080 | loss 5.9059 | lm 5.9059 | ppl 367.2 | gnorm 1.090 | lr 8.60e-05 | 133354 tok/s | Φ 0.851 | λ₁ 0.352 | ign 0.45 | mesoLG 0.49 | troph 4/4 μ2.04 | NT[DA=0.15 NE=0.20 5HT=0.35 ACh=0.25 eCB=0.10 Glu=0.45 GABA=0.15] | osc[δ=0.459 θ=0.240 γ=0.301]
step  7100 | loss 5.8236 | lm 5.8236 | ppl 338.2 | gnorm 0.905 | lr 8.53e-05 | 131695 tok/s | Φ 0.841 | λ₁ 0.352 | ign 0.43 | mesoLG 0.50 | troph 4/4 μ2.03 | NT[DA=0.15 NE=0.20 5HT=0.35 ACh=0.25 eCB=0.10 Glu=0.45 GABA=0.15] | osc[δ=0.432 θ=0.273 γ=0.295]
step  7120 | loss 5.7859 | lm 5.7859 | ppl 325.7 | gnorm 1.044 | lr 8.46e-05 | 132998 tok/s | Φ 0.832 | λ₁ 0.352 | ign 0.36 | mesoLG 0.47 | troph 4/4 μ2.03 | NT[DA=0.15 NE=0.20 5HT=0.35 ACh=0.25 eCB=0.10 Glu=0.45 GABA=0.15] | osc[δ=0.380 θ=0.272 γ=0.348]
step  7140 | loss 6.0000 | lm 6.0000 | ppl 403.4 | gnorm 1.105 | lr 8.39e-05 | 131887 tok/s | Φ 0.838 | λ₁ 0.352 | ign 0.39 | mesoLG 0.47 | troph 4/4 μ2.02 | NT[DA=0.15 NE=0.20 5HT=0.35 ACh=0.25 eCB=0.10 Glu=0.45 GABA=0.15] | osc[δ=0.360 θ=0.241 γ=0.399]
step  7160 | loss 5.7729 | lm 5.7729 | ppl 321.5 | gnorm 1.367 | lr 8.32e-05 | 129783 tok/s | Φ 0.897 | λ₁ 0.352 | ign 0.40 | mesoLG 0.49 | troph 4/4 μ2.02 | NT[DA=0.15 NE=0.20 5HT=0.35 ACh=0.25 eCB=0.10 Glu=0.45 GABA=0.15] | osc[δ=0.346 θ=0.262 γ=0.393]
step  7180 | loss 5.4302 | lm 5.4302 | ppl 228.2 | gnorm 1.509 | lr 8.25e-05 | 129057 tok/s | Φ 0.935 | λ₁ 0.352 | ign 0.46 | mesoLG 0.54 | troph 4/4 μ2.03 | NT[DA=0.15 NE=0.20 5HT=0.35 ACh=0.25 eCB=0.10 Glu=0.45 GABA=0.15] | osc[δ=0.390 θ=0.223 γ=0.387]
step  7200 | loss 5.3754 | lm 5.3754 | ppl 216.0 | gnorm 1.093 | lr 8.18e-05 | 128508 tok/s | Φ 0.872 | λ₁ 0.352 | ign 0.41 | mesoLG 0.51 | troph 4/4 μ2.03 | NT[DA=0.15 NE=0.20 5HT=0.35 ACh=0.25 eCB=0.10 Glu=0.45 GABA=0.15] | osc[δ=0.405 θ=0.269 γ=0.326]
step  7220 | loss 5.2560 | lm 5.2560 | ppl 191.7 | gnorm 1.014 | lr 8.11e-05 | 130785 tok/s | Φ 0.866 | λ₁ 0.352 | ign 0.44 | mesoLG 0.48 | troph 4/4 μ2.05 | NT[DA=0.15 NE=0.20 5HT=0.35 ACh=0.25 eCB=0.10 Glu=0.45 GABA=0.15] | osc[δ=0.428 θ=0.245 γ=0.327]
step  7240 | loss 5.1654 | lm 5.1654 | ppl 175.1 | gnorm 1.103 | lr 8.04e-05 | 131839 tok/s | Φ 0.930 | λ₁ 0.352 | ign 0.41 | mesoLG 0.51 | troph 4/4 μ2.05 | NT[DA=0.15 NE=0.20 5HT=0.35 ACh=0.25 eCB=0.10 Glu=0.45 GABA=0.15] | osc[δ=0.335 θ=0.264 γ=0.401]
step  7260 | loss 5.3414 | lm 5.3414 | ppl 208.8 | gnorm 1.102 | lr 7.98e-05 | 133746 tok/s | Φ 0.898 | λ₁ 0.352 | ign 0.42 | mesoLG 0.49 | troph 4/4 μ2.03 | NT[DA=0.15 NE=0.20 5HT=0.35 ACh=0.25 eCB=0.10 Glu=0.45 GABA=0.15] | osc[δ=0.330 θ=0.275 γ=0.394]
step  7280 | loss 5.4050 | lm 5.4050 | ppl 222.5 | gnorm 0.853 | lr 7.91e-05 | 134228 tok/s | Φ 0.863 | λ₁ 0.352 | ign 0.40 | mesoLG 0.49 | troph 4/4 μ2.01 | NT[DA=0.15 NE=0.20 5HT=0.35 ACh=0.25 eCB=0.10 Glu=0.45 GABA=0.15] | osc[δ=0.330 θ=0.280 γ=0.390]
step  7300 | loss 5.2885 | lm 5.2885 | ppl 198.0 | gnorm 1.627 | lr 7.84e-05 | 130921 tok/s | Φ 0.847 | λ₁ 0.352 | ign 0.44 | mesoLG 0.47 | troph 4/4 μ2.03 | NT[DA=0.15 NE=0.20 5HT=0.35 ACh=0.25 eCB=0.10 Glu=0.45 GABA=0.15] | osc[δ=0.410 θ=0.335 γ=0.255]
step  7320 | loss 5.9041 | lm 5.9041 | ppl 366.5 | gnorm 0.997 | lr 7.77e-05 | 134022 tok/s | Φ 0.879 | λ₁ 0.352 | ign 0.41 | mesoLG 0.48 | troph 4/4 μ2.03 | NT[DA=0.15 NE=0.20 5HT=0.35 ACh=0.25 eCB=0.10 Glu=0.45 GABA=0.15] | osc[δ=0.416 θ=0.299 γ=0.285]
step  7340 | loss 5.8285 | lm 5.8285 | ppl 339.9 | gnorm 1.009 | lr 7.71e-05 | 133695 tok/s | Φ 0.866 | λ₁ 0.352 | ign 0.45 | mesoLG 0.49 | troph 4/4 μ2.03 | NT[DA=0.15 NE=0.20 5HT=0.35 ACh=0.25 eCB=0.10 Glu=0.45 GABA=0.15] | osc[δ=0.468 θ=0.277 γ=0.255]
step  7360 | loss 5.6638 | lm 5.6638 | ppl 288.2 | gnorm 1.038 | lr 7.64e-05 | 134117 tok/s | Φ 0.866 | λ₁ 0.352 | ign 0.39 | mesoLG 0.51 | troph 4/4 μ2.01 | NT[DA=0.15 NE=0.20 5HT=0.35 ACh=0.25 eCB=0.10 Glu=0.45 GABA=0.15] | osc[δ=0.432 θ=0.277 γ=0.291]
step  7380 | loss 5.5151 | lm 5.5151 | ppl 248.4 | gnorm 1.028 | lr 7.58e-05 | 133233 tok/s | Φ 0.865 | λ₁ 0.352 | ign 0.43 | mesoLG 0.52 | troph 4/4 μ2.01 | NT[DA=0.15 NE=0.20 5HT=0.35 ACh=0.25 eCB=0.10 Glu=0.45 GABA=0.15] | osc[δ=0.395 θ=0.264 γ=0.341]
step  7400 | loss 5.7291 | lm 5.7291 | ppl 307.7 | gnorm 0.755 | lr 7.51e-05 | 134199 tok/s | Φ 0.823 | λ₁ 0.352 | ign 0.42 | mesoLG 0.49 | troph 4/4 μ2.02 | NT[DA=0.15 NE=0.20 5HT=0.35 ACh=0.25 eCB=0.10 Glu=0.45 GABA=0.15] | osc[δ=0.401 θ=0.227 γ=0.372]
step  7420 | loss 5.6215 | lm 5.6215 | ppl 276.3 | gnorm 0.815 | lr 7.45e-05 | 133734 tok/s | Φ 0.877 | λ₁ 0.352 | ign 0.43 | mesoLG 0.50 | troph 4/4 μ2.02 | NT[DA=0.15 NE=0.20 5HT=0.35 ACh=0.25 eCB=0.10 Glu=0.45 GABA=0.15] | osc[δ=0.371 θ=0.218 γ=0.411]
step  7440 | loss 5.7272 | lm 5.7272 | ppl 307.1 | gnorm 0.917 | lr 7.38e-05 | 133259 tok/s | Φ 0.872 | λ₁ 0.352 | ign 0.44 | mesoLG 0.50 | troph 4/4 μ2.02 | NT[DA=0.15 NE=0.20 5HT=0.35 ACh=0.25 eCB=0.10 Glu=0.45 GABA=0.15] | osc[δ=0.371 θ=0.232 γ=0.397]
step  7460 | loss 5.3977 | lm 5.3977 | ppl 220.9 | gnorm 1.166 | lr 7.32e-05 | 132833 tok/s | Φ 0.861 | λ₁ 0.352 | ign 0.42 | mesoLG 0.49 | troph 4/4 μ2.02 | NT[DA=0.15 NE=0.20 5HT=0.35 ACh=0.25 eCB=0.10 Glu=0.45 GABA=0.15] | osc[δ=0.407 θ=0.226 γ=0.367]
step  7480 | loss 5.6152 | lm 5.6152 | ppl 274.6 | gnorm 0.903 | lr 7.25e-05 | 133535 tok/s | Φ 0.859 | λ₁ 0.352 | ign 0.44 | mesoLG 0.50 | troph 4/4 μ2.03 | NT[DA=0.15 NE=0.20 5HT=0.35 ACh=0.25 eCB=0.10 Glu=0.45 GABA=0.15] | osc[δ=0.343 θ=0.233 γ=0.424]
step  7500 | loss 5.6842 | lm 5.6842 | ppl 294.2 | gnorm 0.930 | lr 7.19e-05 | 133958 tok/s | Φ 0.830 | λ₁ 0.352 | ign 0.40 | mesoLG 0.48 | troph 4/4 μ1.99 | NT[DA=0.15 NE=0.20 5HT=0.35 ACh=0.25 eCB=0.10 Glu=0.45 GABA=0.15] | osc[δ=0.401 θ=0.236 γ=0.363]
step  7520 | loss 5.7165 | lm 5.7165 | ppl 303.8 | gnorm 1.250 | lr 7.13e-05 | 133942 tok/s | Φ 0.889 | λ₁ 0.352 | ign 0.41 | mesoLG 0.50 | troph 4/4 μ1.98 | NT[DA=0.15 NE=0.20 5HT=0.35 ACh=0.25 eCB=0.10 Glu=0.45 GABA=0.15] | osc[δ=0.379 θ=0.256 γ=0.365]
step  7540 | loss 5.5068 | lm 5.5068 | ppl 246.4 | gnorm 0.962 | lr 7.06e-05 | 133487 tok/s | Φ 0.846 | λ₁ 0.352 | ign 0.41 | mesoLG 0.47 | troph 4/4 μ1.99 | NT[DA=0.15 NE=0.20 5HT=0.35 ACh=0.25 eCB=0.10 Glu=0.45 GABA=0.15] | osc[δ=0.440 θ=0.288 γ=0.272]
step  7560 | loss 5.5685 | lm 5.5685 | ppl 262.0 | gnorm 0.783 | lr 7.00e-05 | 133973 tok/s | Φ 0.844 | λ₁ 0.352 | ign 0.40 | mesoLG 0.47 | troph 4/4 μ1.98 | NT[DA=0.15 NE=0.20 5HT=0.35 ACh=0.25 eCB=0.10 Glu=0.45 GABA=0.15] | osc[δ=0.443 θ=0.268 γ=0.289]
step  7580 | loss 5.7213 | lm 5.7213 | ppl 305.3 | gnorm 0.926 | lr 6.94e-05 | 133425 tok/s | Φ 0.839 | λ₁ 0.352 | ign 0.41 | mesoLG 0.47 | troph 4/4 μ1.97 | NT[DA=0.15 NE=0.20 5HT=0.35 ACh=0.25 eCB=0.10 Glu=0.45 GABA=0.15] | osc[δ=0.492 θ=0.257 γ=0.252]
step  7600 | loss 5.3758 | lm 5.3758 | ppl 216.1 | gnorm 0.975 | lr 6.88e-05 | 131082 tok/s | Φ 0.863 | λ₁ 0.352 | ign 0.37 | mesoLG 0.49 | troph 4/4 μ1.98 | NT[DA=0.15 NE=0.20 5HT=0.35 ACh=0.25 eCB=0.10 Glu=0.45 GABA=0.15] | osc[δ=0.505 θ=0.258 γ=0.237]
step  7620 | loss 5.4066 | lm 5.4066 | ppl 222.9 | gnorm 0.884 | lr 6.82e-05 | 128655 tok/s | Φ 0.838 | λ₁ 0.352 | ign 0.39 | mesoLG 0.52 | troph 4/4 μ1.98 | NT[DA=0.15 NE=0.20 5HT=0.35 ACh=0.25 eCB=0.10 Glu=0.45 GABA=0.15] | osc[δ=0.410 θ=0.296 γ=0.294]
step  7640 | loss 5.4263 | lm 5.4263 | ppl 227.3 | gnorm 2.024 | lr 6.76e-05 | 128342 tok/s | Φ 0.884 | λ₁ 0.352 | ign 0.41 | mesoLG 0.46 | troph 4/4 μ1.96 | NT[DA=0.15 NE=0.20 5HT=0.35 ACh=0.25 eCB=0.10 Glu=0.45 GABA=0.15] | osc[δ=0.367 θ=0.320 γ=0.313]
step  7660 | loss 5.5333 | lm 5.5333 | ppl 253.0 | gnorm 1.224 | lr 6.69e-05 | 128091 tok/s | Φ 0.871 | λ₁ 0.352 | ign 0.35 | mesoLG 0.50 | troph 4/4 μ1.94 | NT[DA=0.15 NE=0.20 5HT=0.35 ACh=0.25 eCB=0.10 Glu=0.45 GABA=0.15] | osc[δ=0.332 θ=0.319 γ=0.348]
step  7680 | loss 5.6472 | lm 5.6472 | ppl 283.5 | gnorm 1.184 | lr 6.64e-05 | 128237 tok/s | Φ 0.851 | λ₁ 0.352 | ign 0.33 | mesoLG 0.51 | troph 4/4 μ1.95 | NT[DA=0.15 NE=0.20 5HT=0.35 ACh=0.25 eCB=0.10 Glu=0.45 GABA=0.15] | osc[δ=0.365 θ=0.295 γ=0.340]
step  7700 | loss 5.6964 | lm 5.6964 | ppl 297.8 | gnorm 1.225 | lr 6.58e-05 | 128143 tok/s | Φ 0.876 | λ₁ 0.352 | ign 0.33 | mesoLG 0.49 | troph 4/4 μ1.98 | NT[DA=0.15 NE=0.20 5HT=0.35 ACh=0.25 eCB=0.10 Glu=0.45 GABA=0.15] | osc[δ=0.376 θ=0.335 γ=0.290]
step  7720 | loss 5.4555 | lm 5.4555 | ppl 234.0 | gnorm 1.097 | lr 6.52e-05 | 128545 tok/s | Φ 0.831 | λ₁ 0.352 | ign 0.34 | mesoLG 0.45 | troph 4/4 μ1.99 | NT[DA=0.15 NE=0.20 5HT=0.35 ACh=0.25 eCB=0.10 Glu=0.45 GABA=0.15] | osc[δ=0.364 θ=0.274 γ=0.363]
step  7740 | loss 5.5418 | lm 5.5418 | ppl 255.1 | gnorm 0.831 | lr 6.46e-05 | 129223 tok/s | Φ 0.860 | λ₁ 0.352 | ign 0.38 | mesoLG 0.48 | troph 4/4 μ1.99 | NT[DA=0.15 NE=0.20 5HT=0.35 ACh=0.25 eCB=0.10 Glu=0.45 GABA=0.15] | osc[δ=0.429 θ=0.269 γ=0.302]
step  7760 | loss 5.5085 | lm 5.5085 | ppl 246.8 | gnorm 1.104 | lr 6.40e-05 | 132576 tok/s | Φ 0.872 | λ₁ 0.352 | ign 0.39 | mesoLG 0.51 | troph 4/4 μ2.00 | NT[DA=0.15 NE=0.20 5HT=0.35 ACh=0.25 eCB=0.10 Glu=0.45 GABA=0.15] | osc[δ=0.382 θ=0.246 γ=0.372]
step  7780 | loss 5.5544 | lm 5.5544 | ppl 258.4 | gnorm 1.324 | lr 6.34e-05 | 130231 tok/s | Φ 0.908 | λ₁ 0.352 | ign 0.43 | mesoLG 0.54 | troph 4/4 μ1.99 | NT[DA=0.15 NE=0.20 5HT=0.35 ACh=0.25 eCB=0.10 Glu=0.45 GABA=0.15] | osc[δ=0.374 θ=0.278 γ=0.348]
step  7800 | loss 5.7087 | lm 5.7087 | ppl 301.5 | gnorm 0.928 | lr 6.28e-05 | 132710 tok/s | Φ 0.858 | λ₁ 0.352 | ign 0.41 | mesoLG 0.52 | troph 4/4 μ1.99 | NT[DA=0.15 NE=0.20 5HT=0.35 ACh=0.25 eCB=0.10 Glu=0.45 GABA=0.15] | osc[δ=0.401 θ=0.288 γ=0.311]
step  7820 | loss 5.7332 | lm 5.7332 | ppl 309.0 | gnorm 1.362 | lr 6.23e-05 | 132223 tok/s | Φ 0.921 | λ₁ 0.352 | ign 0.37 | mesoLG 0.50 | troph 4/4 μ2.01 | NT[DA=0.15 NE=0.20 5HT=0.35 ACh=0.25 eCB=0.10 Glu=0.45 GABA=0.15] | osc[δ=0.427 θ=0.304 γ=0.269]
step  7840 | loss 5.7170 | lm 5.7170 | ppl 304.0 | gnorm 0.987 | lr 6.17e-05 | 132744 tok/s | Φ 0.865 | λ₁ 0.352 | ign 0.37 | mesoLG 0.53 | troph 4/4 μ2.02 | NT[DA=0.15 NE=0.20 5HT=0.35 ACh=0.25 eCB=0.10 Glu=0.45 GABA=0.15] | osc[δ=0.410 θ=0.270 γ=0.320]
step  7860 | loss 5.6667 | lm 5.6667 | ppl 289.1 | gnorm 0.818 | lr 6.11e-05 | 128022 tok/s | Φ 0.836 | λ₁ 0.352 | ign 0.40 | mesoLG 0.51 | troph 4/4 μ1.99 | NT[DA=0.15 NE=0.20 5HT=0.35 ACh=0.25 eCB=0.10 Glu=0.45 GABA=0.15] | osc[δ=0.399 θ=0.235 γ=0.366]
step  7880 | loss 5.8267 | lm 5.8267 | ppl 339.2 | gnorm 1.579 | lr 6.06e-05 | 128810 tok/s | Φ 0.883 | λ₁ 0.352 | ign 0.41 | mesoLG 0.50 | troph 4/4 μ2.00 | NT[DA=0.15 NE=0.20 5HT=0.35 ACh=0.25 eCB=0.10 Glu=0.45 GABA=0.15] | osc[δ=0.368 θ=0.253 γ=0.379]
step  7900 | loss 5.6689 | lm 5.6689 | ppl 289.7 | gnorm 1.021 | lr 6.00e-05 | 127764 tok/s | Φ 0.866 | λ₁ 0.352 | ign 0.40 | mesoLG 0.50 | troph 4/4 μ1.99 | NT[DA=0.15 NE=0.20 5HT=0.35 ACh=0.25 eCB=0.10 Glu=0.45 GABA=0.15] | osc[δ=0.403 θ=0.239 γ=0.358]
step  7920 | loss 5.4049 | lm 5.4049 | ppl 222.5 | gnorm 1.058 | lr 5.95e-05 | 129142 tok/s | Φ 0.902 | λ₁ 0.352 | ign 0.38 | mesoLG 0.51 | troph 4/4 μ2.00 | NT[DA=0.15 NE=0.20 5HT=0.35 ACh=0.25 eCB=0.10 Glu=0.45 GABA=0.15] | osc[δ=0.405 θ=0.218 γ=0.377]
step  7940 | loss 5.3281 | lm 5.3281 | ppl 206.0 | gnorm 0.651 | lr 5.89e-05 | 129513 tok/s | Φ 0.822 | λ₁ 0.352 | ign 0.39 | mesoLG 0.48 | troph 4/4 μ1.99 | NT[DA=0.15 NE=0.20 5HT=0.35 ACh=0.25 eCB=0.10 Glu=0.45 GABA=0.15] | osc[δ=0.390 θ=0.241 γ=0.369]
step  7960 | loss 5.2513 | lm 5.2513 | ppl 190.8 | gnorm 0.890 | lr 5.84e-05 | 130428 tok/s | Φ 0.831 | λ₁ 0.352 | ign 0.37 | mesoLG 0.49 | troph 4/4 μ1.98 | NT[DA=0.15 NE=0.20 5HT=0.35 ACh=0.25 eCB=0.10 Glu=0.45 GABA=0.15] | osc[δ=0.336 θ=0.211 γ=0.453]
step  7980 | loss 5.1836 | lm 5.1836 | ppl 178.3 | gnorm 0.760 | lr 5.79e-05 | 129652 tok/s | Φ 0.808 | λ₁ 0.352 | ign 0.38 | mesoLG 0.46 | troph 4/4 μ1.99 | NT[DA=0.15 NE=0.20 5HT=0.35 ACh=0.25 eCB=0.10 Glu=0.45 GABA=0.15] | osc[δ=0.360 θ=0.195 γ=0.445]
step  8000 | loss 5.4206 | lm 5.4206 | ppl 226.0 | gnorm 1.203 | lr 5.73e-05 | 131577 tok/s | Φ 0.803 | λ₁ 0.352 | ign 0.40 | mesoLG 0.46 | troph 4/4 μ1.98 | NT[DA=0.15 NE=0.20 5HT=0.35 ACh=0.25 eCB=0.10 Glu=0.45 GABA=0.15] | osc[δ=0.347 θ=0.199 γ=0.454]
[train_dsl] saved checkpoint /workspace/brian/lfs_checkpoints/dsl_arch_step8000.pt
step  8020 | loss 5.6375 | lm 5.6375 | ppl 280.8 | gnorm 1.125 | lr 5.68e-05 | 82812 tok/s | Φ 0.828 | λ₁ 0.352 | ign 0.40 | mesoLG 0.49 | troph 4/4 μ1.95 | NT[DA=0.15 NE=0.20 5HT=0.35 ACh=0.25 eCB=0.10 Glu=0.45 GABA=0.15] | osc[δ=0.412 θ=0.192 γ=0.396]
step  8040 | loss 5.5248 | lm 5.5248 | ppl 250.8 | gnorm 0.866 | lr 5.63e-05 | 133411 tok/s | Φ 0.800 | λ₁ 0.352 | ign 0.41 | mesoLG 0.48 | troph 4/4 μ1.95 | NT[DA=0.15 NE=0.20 5HT=0.35 ACh=0.25 eCB=0.10 Glu=0.45 GABA=0.15] | osc[δ=0.389 θ=0.220 γ=0.391]
step  8060 | loss 5.4153 | lm 5.4153 | ppl 224.8 | gnorm 1.018 | lr 5.58e-05 | 131525 tok/s | Φ 0.879 | λ₁ 0.352 | ign 0.39 | mesoLG 0.50 | troph 4/4 μ1.99 | NT[DA=0.15 NE=0.20 5HT=0.35 ACh=0.25 eCB=0.10 Glu=0.45 GABA=0.15] | osc[δ=0.414 θ=0.249 γ=0.338]
step  8080 | loss 5.3954 | lm 5.3954 | ppl 220.4 | gnorm 0.741 | lr 5.53e-05 | 133641 tok/s | Φ 0.859 | λ₁ 0.352 | ign 0.44 | mesoLG 0.51 | troph 4/4 μ1.98 | NT[DA=0.15 NE=0.20 5HT=0.35 ACh=0.25 eCB=0.10 Glu=0.45 GABA=0.15] | osc[δ=0.376 θ=0.336 γ=0.289]
step  8100 | loss 5.4782 | lm 5.4782 | ppl 239.4 | gnorm 0.830 | lr 5.48e-05 | 133701 tok/s | Φ 0.862 | λ₁ 0.352 | ign 0.41 | mesoLG 0.51 | troph 4/4 μ1.98 | NT[DA=0.15 NE=0.20 5HT=0.35 ACh=0.25 eCB=0.10 Glu=0.45 GABA=0.15] | osc[δ=0.350 θ=0.366 γ=0.284]
step  8120 | loss 5.5563 | lm 5.5563 | ppl 258.9 | gnorm 0.925 | lr 5.43e-05 | 134591 tok/s | Φ 0.838 | λ₁ 0.352 | ign 0.39 | mesoLG 0.47 | troph 4/4 μ1.95 | NT[DA=0.15 NE=0.20 5HT=0.35 ACh=0.25 eCB=0.10 Glu=0.45 GABA=0.15] | osc[δ=0.380 θ=0.332 γ=0.287]
step  8140 | loss 5.5960 | lm 5.5960 | ppl 269.3 | gnorm 0.938 | lr 5.38e-05 | 134114 tok/s | Φ 0.822 | λ₁ 0.352 | ign 0.40 | mesoLG 0.47 | troph 4/4 μ1.94 | NT[DA=0.15 NE=0.20 5HT=0.35 ACh=0.25 eCB=0.10 Glu=0.45 GABA=0.15] | osc[δ=0.407 θ=0.302 γ=0.291]
step  8160 | loss 5.3968 | lm 5.3968 | ppl 220.7 | gnorm 1.105 | lr 5.33e-05 | 131962 tok/s | Φ 0.833 | λ₁ 0.352 | ign 0.39 | mesoLG 0.50 | troph 4/4 μ1.95 | NT[DA=0.15 NE=0.20 5HT=0.35 ACh=0.25 eCB=0.10 Glu=0.45 GABA=0.15] | osc[δ=0.440 θ=0.224 γ=0.336]
step  8180 | loss 5.2327 | lm 5.2327 | ppl 187.3 | gnorm 1.440 | lr 5.28e-05 | 131566 tok/s | Φ 0.917 | λ₁ 0.352 | ign 0.39 | mesoLG 0.50 | troph 4/4 μ1.96 | NT[DA=0.15 NE=0.20 5HT=0.35 ACh=0.25 eCB=0.10 Glu=0.45 GABA=0.15] | osc[δ=0.348 θ=0.254 γ=0.399]
step  8200 | loss 5.2030 | lm 5.2030 | ppl 181.8 | gnorm 1.082 | lr 5.23e-05 | 131393 tok/s | Φ 0.843 | λ₁ 0.352 | ign 0.39 | mesoLG 0.45 | troph 4/4 μ1.96 | NT[DA=0.15 NE=0.20 5HT=0.35 ACh=0.25 eCB=0.10 Glu=0.45 GABA=0.15] | osc[δ=0.320 θ=0.289 γ=0.391]
step  8220 | loss 5.4216 | lm 5.4216 | ppl 226.2 | gnorm 1.086 | lr 5.18e-05 | 131882 tok/s | Φ 0.819 | λ₁ 0.352 | ign 0.38 | mesoLG 0.48 | troph 4/4 μ1.94 | NT[DA=0.15 NE=0.20 5HT=0.35 ACh=0.25 eCB=0.10 Glu=0.45 GABA=0.15] | osc[δ=0.290 θ=0.280 γ=0.430]
step  8240 | loss 5.3416 | lm 5.3416 | ppl 208.9 | gnorm 1.207 | lr 5.13e-05 | 131380 tok/s | Φ 0.879 | λ₁ 0.352 | ign 0.31 | mesoLG 0.47 | troph 4/4 μ1.93 | NT[DA=0.15 NE=0.20 5HT=0.35 ACh=0.25 eCB=0.10 Glu=0.45 GABA=0.15] | osc[δ=0.416 θ=0.236 γ=0.347]
step  8260 | loss 4.9820 | lm 4.9820 | ppl 145.8 | gnorm 1.470 | lr 5.09e-05 | 129985 tok/s | Φ 0.842 | λ₁ 0.352 | ign 0.33 | mesoLG 0.43 | troph 4/4 μ1.93 | NT[DA=0.15 NE=0.20 5HT=0.35 ACh=0.25 eCB=0.10 Glu=0.45 GABA=0.15] | osc[δ=0.400 θ=0.222 γ=0.378]
step  8280 | loss 5.1445 | lm 5.1445 | ppl 171.5 | gnorm 1.521 | lr 5.04e-05 | 132248 tok/s | Φ 0.871 | λ₁ 0.352 | ign 0.46 | mesoLG 0.45 | troph 4/4 μ1.93 | NT[DA=0.15 NE=0.20 5HT=0.35 ACh=0.25 eCB=0.10 Glu=0.45 GABA=0.15] | osc[δ=0.394 θ=0.270 γ=0.336]
step  8300 | loss 4.9872 | lm 4.9872 | ppl 146.5 | gnorm 1.309 | lr 5.00e-05 | 131684 tok/s | Φ 0.916 | λ₁ 0.352 | ign 0.39 | mesoLG 0.47 | troph 4/4 μ1.97 | NT[DA=0.15 NE=0.20 5HT=0.35 ACh=0.25 eCB=0.10 Glu=0.45 GABA=0.15] | osc[δ=0.443 θ=0.295 γ=0.262]
step  8320 | loss 5.4083 | lm 5.4083 | ppl 223.3 | gnorm 1.299 | lr 4.95e-05 | 131739 tok/s | Φ 0.857 | λ₁ 0.352 | ign 0.44 | mesoLG 0.46 | troph 4/4 μ1.99 | NT[DA=0.15 NE=0.20 5HT=0.35 ACh=0.25 eCB=0.10 Glu=0.45 GABA=0.15] | osc[δ=0.458 θ=0.295 γ=0.246]
step  8340 | loss 5.5100 | lm 5.5100 | ppl 247.2 | gnorm 0.993 | lr 4.90e-05 | 128381 tok/s | Φ 0.855 | λ₁ 0.352 | ign 0.38 | mesoLG 0.49 | troph 4/4 μ1.97 | NT[DA=0.15 NE=0.20 5HT=0.35 ACh=0.25 eCB=0.10 Glu=0.45 GABA=0.15] | osc[δ=0.440 θ=0.278 γ=0.283]
step  8360 | loss 5.5809 | lm 5.5809 | ppl 265.3 | gnorm 1.294 | lr 4.86e-05 | 128377 tok/s | Φ 0.830 | λ₁ 0.352 | ign 0.41 | mesoLG 0.47 | troph 4/4 μ1.94 | NT[DA=0.15 NE=0.20 5HT=0.35 ACh=0.25 eCB=0.10 Glu=0.45 GABA=0.15] | osc[δ=0.489 θ=0.248 γ=0.263]
step  8380 | loss 5.6642 | lm 5.6642 | ppl 288.3 | gnorm 0.934 | lr 4.82e-05 | 128210 tok/s | Φ 0.852 | λ₁ 0.352 | ign 0.40 | mesoLG 0.48 | troph 4/4 μ1.94 | NT[DA=0.15 NE=0.20 5HT=0.35 ACh=0.25 eCB=0.10 Glu=0.45 GABA=0.15] | osc[δ=0.464 θ=0.246 γ=0.290]
step  8400 | loss 5.3543 | lm 5.3543 | ppl 211.5 | gnorm 1.013 | lr 4.77e-05 | 129002 tok/s | Φ 0.841 | λ₁ 0.352 | ign 0.37 | mesoLG 0.51 | troph 4/4 μ1.95 | NT[DA=0.15 NE=0.20 5HT=0.35 ACh=0.25 eCB=0.10 Glu=0.45 GABA=0.15] | osc[δ=0.409 θ=0.355 γ=0.236]
step  8420 | loss 5.3400 | lm 5.3400 | ppl 208.5 | gnorm 0.908 | lr 4.73e-05 | 128477 tok/s | Φ 0.834 | λ₁ 0.352 | ign 0.38 | mesoLG 0.49 | troph 4/4 μ1.94 | NT[DA=0.15 NE=0.20 5HT=0.35 ACh=0.25 eCB=0.10 Glu=0.45 GABA=0.15] | osc[δ=0.376 θ=0.353 γ=0.271]
step  8440 | loss 5.5717 | lm 5.5717 | ppl 262.9 | gnorm 0.833 | lr 4.69e-05 | 128859 tok/s | Φ 0.865 | λ₁ 0.352 | ign 0.36 | mesoLG 0.49 | troph 4/4 μ1.94 | NT[DA=0.15 NE=0.20 5HT=0.35 ACh=0.25 eCB=0.10 Glu=0.45 GABA=0.15] | osc[δ=0.299 θ=0.339 γ=0.362]
step  8460 | loss 5.3168 | lm 5.3168 | ppl 203.7 | gnorm 2.252 | lr 4.64e-05 | 128435 tok/s | Φ 0.873 | λ₁ 0.352 | ign 0.37 | mesoLG 0.48 | troph 4/4 μ1.93 | NT[DA=0.15 NE=0.20 5HT=0.35 ACh=0.25 eCB=0.10 Glu=0.45 GABA=0.15] | osc[δ=0.372 θ=0.300 γ=0.328]
step  8480 | loss 5.1985 | lm 5.1985 | ppl 181.0 | gnorm 1.175 | lr 4.60e-05 | 126510 tok/s | Φ 0.852 | λ₁ 0.352 | ign 0.36 | mesoLG 0.44 | troph 4/4 μ1.92 | NT[DA=0.15 NE=0.20 5HT=0.35 ACh=0.25 eCB=0.10 Glu=0.45 GABA=0.15] | osc[δ=0.361 θ=0.364 γ=0.275]
step  8500 | loss 5.2804 | lm 5.2804 | ppl 196.4 | gnorm 1.235 | lr 4.56e-05 | 126991 tok/s | Φ 0.838 | λ₁ 0.352 | ign 0.38 | mesoLG 0.46 | troph 4/4 μ1.94 | NT[DA=0.15 NE=0.20 5HT=0.35 ACh=0.25 eCB=0.10 Glu=0.45 GABA=0.15] | osc[δ=0.402 θ=0.295 γ=0.303]
step  8520 | loss 5.1699 | lm 5.1699 | ppl 175.9 | gnorm 1.250 | lr 4.52e-05 | 131363 tok/s | Φ 0.885 | λ₁ 0.352 | ign 0.38 | mesoLG 0.53 | troph 4/4 μ1.97 | NT[DA=0.15 NE=0.20 5HT=0.35 ACh=0.25 eCB=0.10 Glu=0.45 GABA=0.15] | osc[δ=0.387 θ=0.260 γ=0.353]
step  8540 | loss 5.0673 | lm 5.0673 | ppl 158.8 | gnorm 1.080 | lr 4.48e-05 | 132087 tok/s | Φ 0.873 | λ₁ 0.352 | ign 0.35 | mesoLG 0.52 | troph 4/4 μ1.97 | NT[DA=0.15 NE=0.20 5HT=0.35 ACh=0.25 eCB=0.10 Glu=0.45 GABA=0.15] | osc[δ=0.368 θ=0.243 γ=0.389]
step  8560 | loss 5.3053 | lm 5.3053 | ppl 201.4 | gnorm 0.877 | lr 4.44e-05 | 129254 tok/s | Φ 0.847 | λ₁ 0.352 | ign 0.35 | mesoLG 0.50 | troph 4/4 μ1.94 | NT[DA=0.15 NE=0.20 5HT=0.35 ACh=0.25 eCB=0.10 Glu=0.45 GABA=0.15] | osc[δ=0.367 θ=0.256 γ=0.378]
step  8580 | loss 5.3385 | lm 5.3385 | ppl 208.2 | gnorm 1.098 | lr 4.40e-05 | 133051 tok/s | Φ 0.821 | λ₁ 0.352 | ign 0.44 | mesoLG 0.52 | troph 4/4 μ1.93 | NT[DA=0.15 NE=0.20 5HT=0.35 ACh=0.25 eCB=0.10 Glu=0.45 GABA=0.15] | osc[δ=0.421 θ=0.258 γ=0.321]
step  8600 | loss 4.8671 | lm 4.8671 | ppl 129.9 | gnorm 1.240 | lr 4.36e-05 | 131962 tok/s | Φ 0.877 | λ₁ 0.352 | ign 0.38 | mesoLG 0.51 | troph 4/4 μ1.95 | NT[DA=0.15 NE=0.20 5HT=0.35 ACh=0.25 eCB=0.10 Glu=0.45 GABA=0.15] | osc[δ=0.408 θ=0.261 γ=0.331]
step  8620 | loss 5.1387 | lm 5.1387 | ppl 170.5 | gnorm 1.765 | lr 4.33e-05 | 127964 tok/s | Φ 0.890 | λ₁ 0.352 | ign 0.36 | mesoLG 0.49 | troph 4/4 μ1.94 | NT[DA=0.15 NE=0.20 5HT=0.35 ACh=0.25 eCB=0.10 Glu=0.45 GABA=0.15] | osc[δ=0.330 θ=0.313 γ=0.356]
step  8640 | loss 4.4024 | lm 4.4024 | ppl 81.6 | gnorm 1.224 | lr 4.29e-05 | 126971 tok/s | Φ 0.934 | λ₁ 0.352 | ign 0.36 | mesoLG 0.49 | troph 4/4 μ1.98 | NT[DA=0.15 NE=0.20 5HT=0.35 ACh=0.25 eCB=0.10 Glu=0.45 GABA=0.15] | osc[δ=0.363 θ=0.311 γ=0.326]
step  8660 | loss 4.6170 | lm 4.6170 | ppl 101.2 | gnorm 1.680 | lr 4.25e-05 | 125768 tok/s | Φ 0.908 | λ₁ 0.352 | ign 0.32 | mesoLG 0.46 | troph 4/4 μ1.94 | NT[DA=0.15 NE=0.20 5HT=0.35 ACh=0.25 eCB=0.10 Glu=0.45 GABA=0.15] | osc[δ=0.342 θ=0.350 γ=0.309]
step  8680 | loss 4.7183 | lm 4.7183 | ppl 112.0 | gnorm 0.891 | lr 4.22e-05 | 127898 tok/s | Φ 0.907 | λ₁ 0.352 | ign 0.34 | mesoLG 0.47 | troph 4/4 μ1.94 | NT[DA=0.15 NE=0.20 5HT=0.35 ACh=0.25 eCB=0.10 Glu=0.45 GABA=0.15] | osc[δ=0.359 θ=0.318 γ=0.323]
step  8700 | loss 4.7296 | lm 4.7296 | ppl 113.2 | gnorm 0.843 | lr 4.18e-05 | 127816 tok/s | Φ 0.883 | λ₁ 0.352 | ign 0.37 | mesoLG 0.51 | troph 4/4 μ1.95 | NT[DA=0.15 NE=0.20 5HT=0.35 ACh=0.25 eCB=0.10 Glu=0.45 GABA=0.15] | osc[δ=0.398 θ=0.312 γ=0.290]
step  8720 | loss 5.1747 | lm 5.1747 | ppl 176.7 | gnorm 1.244 | lr 4.14e-05 | 128601 tok/s | Φ 0.849 | λ₁ 0.352 | ign 0.33 | mesoLG 0.50 | troph 4/4 μ1.90 | NT[DA=0.15 NE=0.20 5HT=0.35 ACh=0.25 eCB=0.10 Glu=0.45 GABA=0.15] | osc[δ=0.465 θ=0.260 γ=0.275]
step  8740 | loss 5.1287 | lm 5.1287 | ppl 168.8 | gnorm 1.121 | lr 4.11e-05 | 130681 tok/s | Φ 0.886 | λ₁ 0.352 | ign 0.31 | mesoLG 0.48 | troph 4/4 μ1.89 | NT[DA=0.15 NE=0.20 5HT=0.35 ACh=0.25 eCB=0.10 Glu=0.45 GABA=0.15] | osc[δ=0.466 θ=0.249 γ=0.285]
step  8760 | loss 5.0804 | lm 5.0804 | ppl 160.8 | gnorm 1.357 | lr 4.07e-05 | 129066 tok/s | Φ 0.882 | λ₁ 0.352 | ign 0.35 | mesoLG 0.48 | troph 4/4 μ1.89 | NT[DA=0.15 NE=0.20 5HT=0.35 ACh=0.25 eCB=0.10 Glu=0.45 GABA=0.15] | osc[δ=0.442 θ=0.257 γ=0.301]
step  8780 | loss 5.3174 | lm 5.3174 | ppl 203.8 | gnorm 1.612 | lr 4.04e-05 | 128895 tok/s | Φ 0.901 | λ₁ 0.352 | ign 0.34 | mesoLG 0.47 | troph 4/4 μ1.92 | NT[DA=0.15 NE=0.20 5HT=0.35 ACh=0.25 eCB=0.10 Glu=0.45 GABA=0.15] | osc[δ=0.420 θ=0.238 γ=0.341]
step  8800 | loss 5.0373 | lm 5.0373 | ppl 154.1 | gnorm 1.244 | lr 4.01e-05 | 132793 tok/s | Φ 0.887 | λ₁ 0.352 | ign 0.33 | mesoLG 0.49 | troph 4/4 μ1.92 | NT[DA=0.15 NE=0.20 5HT=0.35 ACh=0.25 eCB=0.10 Glu=0.45 GABA=0.15] | osc[δ=0.414 θ=0.246 γ=0.340]
step  8820 | loss 5.1178 | lm 5.1178 | ppl 167.0 | gnorm 0.887 | lr 3.97e-05 | 133189 tok/s | Φ 0.818 | λ₁ 0.352 | ign 0.40 | mesoLG 0.41 | troph 4/4 μ1.94 | NT[DA=0.15 NE=0.20 5HT=0.35 ACh=0.25 eCB=0.10 Glu=0.45 GABA=0.15] | osc[δ=0.406 θ=0.276 γ=0.317]
step  8840 | loss 4.9823 | lm 4.9823 | ppl 145.8 | gnorm 1.102 | lr 3.94e-05 | 132635 tok/s | Φ 0.839 | λ₁ 0.352 | ign 0.37 | mesoLG 0.48 | troph 4/4 μ1.94 | NT[DA=0.15 NE=0.20 5HT=0.35 ACh=0.25 eCB=0.10 Glu=0.45 GABA=0.15] | osc[δ=0.389 θ=0.304 γ=0.307]
step  8860 | loss 5.4099 | lm 5.4099 | ppl 223.6 | gnorm 1.325 | lr 3.91e-05 | 128312 tok/s | Φ 0.873 | λ₁ 0.352 | ign 0.33 | mesoLG 0.48 | troph 4/4 μ1.93 | NT[DA=0.15 NE=0.20 5HT=0.35 ACh=0.25 eCB=0.10 Glu=0.45 GABA=0.15] | osc[δ=0.369 θ=0.406 γ=0.226]
step  8880 | loss 5.1677 | lm 5.1677 | ppl 175.5 | gnorm 1.436 | lr 3.88e-05 | 129013 tok/s | Φ 0.896 | λ₁ 0.352 | ign 0.31 | mesoLG 0.50 | troph 4/4 μ1.92 | NT[DA=0.15 NE=0.20 5HT=0.35 ACh=0.25 eCB=0.10 Glu=0.45 GABA=0.15] | osc[δ=0.295 θ=0.410 γ=0.295]
step  8900 | loss 5.0117 | lm 5.0117 | ppl 150.2 | gnorm 1.853 | lr 3.85e-05 | 125612 tok/s | Φ 0.947 | λ₁ 0.352 | ign 0.36 | mesoLG 0.50 | troph 4/4 μ1.94 | NT[DA=0.15 NE=0.20 5HT=0.35 ACh=0.25 eCB=0.10 Glu=0.45 GABA=0.15] | osc[δ=0.341 θ=0.394 γ=0.266]
step  8920 | loss 5.2845 | lm 5.2845 | ppl 197.3 | gnorm 1.121 | lr 3.82e-05 | 126933 tok/s | Φ 0.845 | λ₁ 0.352 | ign 0.34 | mesoLG 0.48 | troph 4/4 μ1.93 | NT[DA=0.15 NE=0.20 5HT=0.35 ACh=0.25 eCB=0.10 Glu=0.45 GABA=0.15] | osc[δ=0.399 θ=0.305 γ=0.297]
step  8940 | loss 4.9988 | lm 4.9988 | ppl 148.2 | gnorm 1.176 | lr 3.79e-05 | 124037 tok/s | Φ 0.911 | λ₁ 0.352 | ign 0.33 | mesoLG 0.49 | troph 4/4 μ1.93 | NT[DA=0.15 NE=0.20 5HT=0.35 ACh=0.25 eCB=0.10 Glu=0.45 GABA=0.15] | osc[δ=0.421 θ=0.297 γ=0.282]
step  8960 | loss 4.9007 | lm 4.9007 | ppl 134.4 | gnorm 1.365 | lr 3.76e-05 | 123664 tok/s | Φ 0.888 | λ₁ 0.352 | ign 0.33 | mesoLG 0.49 | troph 4/4 μ1.95 | NT[DA=0.15 NE=0.20 5HT=0.35 ACh=0.25 eCB=0.10 Glu=0.45 GABA=0.15] | osc[δ=0.423 θ=0.278 γ=0.300]
step  8980 | loss 5.1756 | lm 5.1756 | ppl 176.9 | gnorm 1.333 | lr 3.73e-05 | 126015 tok/s | Φ 0.937 | λ₁ 0.352 | ign 0.34 | mesoLG 0.50 | troph 4/4 μ1.93 | NT[DA=0.15 NE=0.20 5HT=0.35 ACh=0.25 eCB=0.10 Glu=0.45 GABA=0.15] | osc[δ=0.412 θ=0.285 γ=0.302]
step  9000 | loss 4.8665 | lm 4.8665 | ppl 129.9 | gnorm 1.549 | lr 3.70e-05 | 130689 tok/s | Φ 0.912 | λ₁ 0.352 | ign 0.35 | mesoLG 0.54 | troph 4/4 μ1.91 | NT[DA=0.15 NE=0.20 5HT=0.35 ACh=0.25 eCB=0.10 Glu=0.45 GABA=0.15] | osc[δ=0.366 θ=0.285 γ=0.349]
[train_dsl] saved checkpoint /workspace/brian/lfs_checkpoints/dsl_arch_step9000.pt
step  9020 | loss 4.8510 | lm 4.8510 | ppl 127.9 | gnorm 1.272 | lr 3.67e-05 | 82702 tok/s | Φ 0.885 | λ₁ 0.352 | ign 0.35 | mesoLG 0.53 | troph 4/4 μ1.91 | NT[DA=0.15 NE=0.20 5HT=0.35 ACh=0.25 eCB=0.10 Glu=0.45 GABA=0.15] | osc[δ=0.316 θ=0.335 γ=0.350]
step  9040 | loss 5.4919 | lm 5.4919 | ppl 242.7 | gnorm 1.401 | lr 3.65e-05 | 132071 tok/s | Φ 0.839 | λ₁ 0.352 | ign 0.35 | mesoLG 0.49 | troph 4/4 μ1.89 | NT[DA=0.15 NE=0.20 5HT=0.35 ACh=0.25 eCB=0.10 Glu=0.45 GABA=0.15] | osc[δ=0.311 θ=0.344 γ=0.345]
step  9060 | loss 5.6040 | lm 5.6040 | ppl 271.5 | gnorm 1.108 | lr 3.62e-05 | 131711 tok/s | Φ 0.829 | λ₁ 0.352 | ign 0.34 | mesoLG 0.46 | troph 4/4 μ1.89 | NT[DA=0.15 NE=0.20 5HT=0.35 ACh=0.25 eCB=0.10 Glu=0.45 GABA=0.15] | osc[δ=0.413 θ=0.286 γ=0.301]
step  9080 | loss 5.6362 | lm 5.6362 | ppl 280.4 | gnorm 1.800 | lr 3.59e-05 | 131725 tok/s | Φ 0.890 | λ₁ 0.352 | ign 0.31 | mesoLG 0.50 | troph 4/4 μ1.88 | NT[DA=0.15 NE=0.20 5HT=0.35 ACh=0.25 eCB=0.10 Glu=0.45 GABA=0.15] | osc[δ=0.345 θ=0.283 γ=0.372]
step  9100 | loss 5.4508 | lm 5.4508 | ppl 233.0 | gnorm 0.982 | lr 3.57e-05 | 134048 tok/s | Φ 0.848 | λ₁ 0.352 | ign 0.39 | mesoLG 0.48 | troph 4/4 μ1.91 | NT[DA=0.15 NE=0.20 5HT=0.35 ACh=0.25 eCB=0.10 Glu=0.45 GABA=0.15] | osc[δ=0.331 θ=0.254 γ=0.415]
step  9120 | loss 5.3976 | lm 5.3976 | ppl 220.9 | gnorm 1.367 | lr 3.54e-05 | 133051 tok/s | Φ 0.856 | λ₁ 0.352 | ign 0.37 | mesoLG 0.52 | troph 4/4 μ1.92 | NT[DA=0.15 NE=0.20 5HT=0.35 ACh=0.25 eCB=0.10 Glu=0.45 GABA=0.15] | osc[δ=0.334 θ=0.251 γ=0.415]
step  9140 | loss 5.4264 | lm 5.4264 | ppl 227.3 | gnorm 1.048 | lr 3.52e-05 | 133841 tok/s | Φ 0.836 | λ₁ 0.352 | ign 0.34 | mesoLG 0.50 | troph 4/4 μ1.92 | NT[DA=0.15 NE=0.20 5HT=0.35 ACh=0.25 eCB=0.10 Glu=0.45 GABA=0.15] | osc[δ=0.317 θ=0.295 γ=0.388]
step  9160 | loss 5.0128 | lm 5.0128 | ppl 150.3 | gnorm 1.174 | lr 3.50e-05 | 132587 tok/s | Φ 0.869 | λ₁ 0.352 | ign 0.34 | mesoLG 0.50 | troph 4/4 μ1.91 | NT[DA=0.15 NE=0.20 5HT=0.35 ACh=0.25 eCB=0.10 Glu=0.45 GABA=0.15] | osc[δ=0.344 θ=0.303 γ=0.353]
step  9180 | loss 5.3979 | lm 5.3979 | ppl 220.9 | gnorm 1.244 | lr 3.47e-05 | 134029 tok/s | Φ 0.798 | λ₁ 0.352 | ign 0.35 | mesoLG 0.49 | troph 4/4 μ1.89 | NT[DA=0.15 NE=0.20 5HT=0.35 ACh=0.25 eCB=0.10 Glu=0.45 GABA=0.15] | osc[δ=0.363 θ=0.331 γ=0.306]
step  9200 | loss 5.5353 | lm 5.5353 | ppl 253.5 | gnorm 0.946 | lr 3.45e-05 | 134396 tok/s | Φ 0.817 | λ₁ 0.352 | ign 0.34 | mesoLG 0.48 | troph 4/4 μ1.88 | NT[DA=0.15 NE=0.20 5HT=0.35 ACh=0.25 eCB=0.10 Glu=0.45 GABA=0.15] | osc[δ=0.396 θ=0.322 γ=0.282]
step  9220 | loss 5.5568 | lm 5.5568 | ppl 259.0 | gnorm 1.572 | lr 3.43e-05 | 134175 tok/s | Φ 0.863 | λ₁ 0.352 | ign 0.37 | mesoLG 0.52 | troph 4/4 μ1.87 | NT[DA=0.15 NE=0.20 5HT=0.35 ACh=0.25 eCB=0.10 Glu=0.45 GABA=0.15] | osc[δ=0.346 θ=0.303 γ=0.351]
step  9240 | loss 5.6055 | lm 5.6055 | ppl 271.9 | gnorm 0.904 | lr 3.41e-05 | 134035 tok/s | Φ 0.848 | λ₁ 0.352 | ign 0.30 | mesoLG 0.51 | troph 4/4 μ1.87 | NT[DA=0.15 NE=0.20 5HT=0.35 ACh=0.25 eCB=0.10 Glu=0.45 GABA=0.15] | osc[δ=0.356 θ=0.311 γ=0.333]
step  9260 | loss 5.5588 | lm 5.5588 | ppl 259.5 | gnorm 1.000 | lr 3.39e-05 | 133206 tok/s | Φ 0.813 | λ₁ 0.352 | ign 0.33 | mesoLG 0.51 | troph 4/4 μ1.87 | NT[DA=0.15 NE=0.20 5HT=0.35 ACh=0.25 eCB=0.10 Glu=0.45 GABA=0.15] | osc[δ=0.329 θ=0.316 γ=0.355]
step  9280 | loss 5.4689 | lm 5.4689 | ppl 237.2 | gnorm 0.894 | lr 3.37e-05 | 133961 tok/s | Φ 0.847 | λ₁ 0.352 | ign 0.33 | mesoLG 0.53 | troph 4/4 μ1.88 | NT[DA=0.15 NE=0.20 5HT=0.35 ACh=0.25 eCB=0.10 Glu=0.45 GABA=0.15] | osc[δ=0.358 θ=0.278 γ=0.364]
step  9300 | loss 5.3397 | lm 5.3397 | ppl 208.4 | gnorm 0.792 | lr 3.35e-05 | 130475 tok/s | Φ 0.805 | λ₁ 0.352 | ign 0.33 | mesoLG 0.47 | troph 4/4 μ1.87 | NT[DA=0.15 NE=0.20 5HT=0.35 ACh=0.25 eCB=0.10 Glu=0.45 GABA=0.15] | osc[δ=0.326 θ=0.274 γ=0.401]
step  9320 | loss 5.5645 | lm 5.5645 | ppl 261.0 | gnorm 0.811 | lr 3.33e-05 | 131935 tok/s | Φ 0.821 | λ₁ 0.352 | ign 0.30 | mesoLG 0.48 | troph 4/4 μ1.87 | NT[DA=0.15 NE=0.20 5HT=0.35 ACh=0.25 eCB=0.10 Glu=0.45 GABA=0.15] | osc[δ=0.424 θ=0.242 γ=0.334]
step  9340 | loss 5.8368 | lm 5.8368 | ppl 342.7 | gnorm 1.334 | lr 3.31e-05 | 132811 tok/s | Φ 0.875 | λ₁ 0.352 | ign 0.35 | mesoLG 0.49 | troph 4/4 μ1.86 | NT[DA=0.15 NE=0.20 5HT=0.35 ACh=0.25 eCB=0.10 Glu=0.45 GABA=0.15] | osc[δ=0.438 θ=0.274 γ=0.288]
step  9360 | loss 5.8042 | lm 5.8042 | ppl 331.7 | gnorm 1.066 | lr 3.29e-05 | 132207 tok/s | Φ 0.822 | λ₁ 0.352 | ign 0.34 | mesoLG 0.48 | troph 4/4 μ1.86 | NT[DA=0.15 NE=0.20 5HT=0.35 ACh=0.25 eCB=0.10 Glu=0.45 GABA=0.15] | osc[δ=0.407 θ=0.314 γ=0.279]
step  9380 | loss 5.6968 | lm 5.6968 | ppl 297.9 | gnorm 0.869 | lr 3.27e-05 | 132424 tok/s | Φ 0.804 | λ₁ 0.352 | ign 0.36 | mesoLG 0.50 | troph 4/4 μ1.89 | NT[DA=0.15 NE=0.20 5HT=0.35 ACh=0.25 eCB=0.10 Glu=0.45 GABA=0.15] | osc[δ=0.459 θ=0.236 γ=0.305]
step  9400 | loss 5.8254 | lm 5.8254 | ppl 338.8 | gnorm 1.214 | lr 3.25e-05 | 134932 tok/s | Φ 0.869 | λ₁ 0.352 | ign 0.35 | mesoLG 0.50 | troph 4/4 μ1.89 | NT[DA=0.15 NE=0.20 5HT=0.35 ACh=0.25 eCB=0.10 Glu=0.45 GABA=0.15] | osc[δ=0.529 θ=0.182 γ=0.289]
step  9420 | loss 5.8639 | lm 5.8639 | ppl 352.1 | gnorm 0.678 | lr 3.24e-05 | 133860 tok/s | Φ 0.865 | λ₁ 0.352 | ign 0.35 | mesoLG 0.50 | troph 4/4 μ1.90 | NT[DA=0.15 NE=0.20 5HT=0.35 ACh=0.25 eCB=0.10 Glu=0.45 GABA=0.15] | osc[δ=0.505 θ=0.187 γ=0.308]
step  9440 | loss 5.6397 | lm 5.6397 | ppl 281.4 | gnorm 1.161 | lr 3.22e-05 | 132678 tok/s | Φ 0.886 | λ₁ 0.352 | ign 0.40 | mesoLG 0.49 | troph 4/4 μ1.90 | NT[DA=0.15 NE=0.20 5HT=0.35 ACh=0.25 eCB=0.10 Glu=0.45 GABA=0.15] | osc[δ=0.505 θ=0.186 γ=0.310]
step  9460 | loss 5.6038 | lm 5.6038 | ppl 271.4 | gnorm 1.249 | lr 3.21e-05 | 133462 tok/s | Φ 0.819 | λ₁ 0.352 | ign 0.40 | mesoLG 0.49 | troph 4/4 μ1.90 | NT[DA=0.15 NE=0.20 5HT=0.35 ACh=0.25 eCB=0.10 Glu=0.45 GABA=0.15] | osc[δ=0.512 θ=0.180 γ=0.309]
step  9480 | loss 5.6111 | lm 5.6111 | ppl 273.4 | gnorm 4.113 | lr 3.19e-05 | 131318 tok/s | Φ 0.878 | λ₁ 0.352 | ign 0.34 | mesoLG 0.52 | troph 4/4 μ1.86 | NT[DA=0.15 NE=0.20 5HT=0.35 ACh=0.25 eCB=0.10 Glu=0.45 GABA=0.15] | osc[δ=0.503 θ=0.176 γ=0.321]
step  9500 | loss 5.2778 | lm 5.2778 | ppl 195.9 | gnorm 3.444 | lr 3.18e-05 | 130169 tok/s | Φ 0.972 | λ₁ 0.352 | ign 0.38 | mesoLG 0.54 | troph 4/4 μ1.84 | NT[DA=0.15 NE=0.20 5HT=0.35 ACh=0.25 eCB=0.10 Glu=0.45 GABA=0.15] | osc[δ=0.486 θ=0.184 γ=0.331]
step  9520 | loss 4.9213 | lm 4.9213 | ppl 137.2 | gnorm 2.383 | lr 3.16e-05 | 127778 tok/s | Φ 0.874 | λ₁ 0.352 | ign 0.39 | mesoLG 0.53 | troph 4/4 μ1.83 | NT[DA=0.15 NE=0.20 5HT=0.35 ACh=0.25 eCB=0.10 Glu=0.45 GABA=0.15] | osc[δ=0.545 θ=0.190 γ=0.265]
step  9540 | loss 5.1681 | lm 5.1681 | ppl 175.6 | gnorm 2.245 | lr 3.15e-05 | 120932 tok/s | Φ 0.909 | λ₁ 0.352 | ign 0.42 | mesoLG 0.51 | troph 4/4 μ1.83 | NT[DA=0.15 NE=0.20 5HT=0.35 ACh=0.25 eCB=0.10 Glu=0.45 GABA=0.15] | osc[δ=0.571 θ=0.207 γ=0.222]
step  9560 | loss 4.8932 | lm 4.8932 | ppl 133.4 | gnorm 1.918 | lr 3.14e-05 | 122093 tok/s | Φ 0.943 | λ₁ 0.352 | ign 0.42 | mesoLG 0.51 | troph 4/4 μ1.87 | NT[DA=0.15 NE=0.20 5HT=0.35 ACh=0.25 eCB=0.10 Glu=0.45 GABA=0.15] | osc[δ=0.588 θ=0.223 γ=0.189]
step  9580 | loss 5.2995 | lm 5.2995 | ppl 200.2 | gnorm 1.402 | lr 3.12e-05 | 121244 tok/s | Φ 0.901 | λ₁ 0.352 | ign 0.39 | mesoLG 0.49 | troph 4/4 μ1.88 | NT[DA=0.15 NE=0.20 5HT=0.35 ACh=0.25 eCB=0.10 Glu=0.45 GABA=0.15] | osc[δ=0.606 θ=0.246 γ=0.147]
step  9600 | loss 5.2261 | lm 5.2261 | ppl 186.1 | gnorm 1.545 | lr 3.11e-05 | 127397 tok/s | Φ 0.880 | λ₁ 0.352 | ign 0.36 | mesoLG 0.47 | troph 4/4 μ1.90 | NT[DA=0.15 NE=0.20 5HT=0.35 ACh=0.25 eCB=0.10 Glu=0.45 GABA=0.15] | osc[δ=0.507 θ=0.304 γ=0.189]
step  9620 | loss 4.9174 | lm 4.9174 | ppl 136.6 | gnorm 1.314 | lr 3.10e-05 | 126459 tok/s | Φ 0.848 | λ₁ 0.352 | ign 0.38 | mesoLG 0.48 | troph 4/4 μ1.91 | NT[DA=0.15 NE=0.20 5HT=0.35 ACh=0.25 eCB=0.10 Glu=0.45 GABA=0.15] | osc[δ=0.432 θ=0.342 γ=0.225]
step  9640 | loss 5.1723 | lm 5.1723 | ppl 176.3 | gnorm 1.042 | lr 3.09e-05 | 132949 tok/s | Φ 0.896 | λ₁ 0.352 | ign 0.39 | mesoLG 0.53 | troph 4/4 μ1.92 | NT[DA=0.15 NE=0.20 5HT=0.35 ACh=0.25 eCB=0.10 Glu=0.45 GABA=0.15] | osc[δ=0.432 θ=0.240 γ=0.327]
step  9660 | loss 5.1414 | lm 5.1414 | ppl 170.9 | gnorm 1.572 | lr 3.08e-05 | 131144 tok/s | Φ 0.844 | λ₁ 0.352 | ign 0.37 | mesoLG 0.47 | troph 4/4 μ1.92 | NT[DA=0.15 NE=0.20 5HT=0.35 ACh=0.25 eCB=0.10 Glu=0.45 GABA=0.15] | osc[δ=0.396 θ=0.253 γ=0.351]
step  9680 | loss 5.2636 | lm 5.2636 | ppl 193.2 | gnorm 1.735 | lr 3.07e-05 | 130575 tok/s | Φ 0.897 | λ₁ 0.352 | ign 0.41 | mesoLG 0.48 | troph 4/4 μ1.90 | NT[DA=0.15 NE=0.20 5HT=0.35 ACh=0.25 eCB=0.10 Glu=0.45 GABA=0.15] | osc[δ=0.334 θ=0.295 γ=0.371]
step  9700 | loss 5.0549 | lm 5.0549 | ppl 156.8 | gnorm 2.065 | lr 3.06e-05 | 121264 tok/s | Φ 0.903 | λ₁ 0.352 | ign 0.38 | mesoLG 0.46 | troph 4/4 μ1.87 | NT[DA=0.15 NE=0.20 5HT=0.35 ACh=0.25 eCB=0.10 Glu=0.45 GABA=0.15] | osc[δ=0.335 θ=0.315 γ=0.350]
step  9720 | loss 4.9742 | lm 4.9742 | ppl 144.6 | gnorm 2.277 | lr 3.06e-05 | 123852 tok/s | Φ 0.908 | λ₁ 0.352 | ign 0.36 | mesoLG 0.44 | troph 4/4 μ1.88 | NT[DA=0.15 NE=0.20 5HT=0.35 ACh=0.25 eCB=0.10 Glu=0.45 GABA=0.15] | osc[δ=0.352 θ=0.329 γ=0.319]
step  9740 | loss 5.0191 | lm 5.0191 | ppl 151.3 | gnorm 1.931 | lr 3.05e-05 | 122990 tok/s | Φ 0.952 | λ₁ 0.352 | ign 0.34 | mesoLG 0.46 | troph 4/4 μ1.87 | NT[DA=0.15 NE=0.20 5HT=0.35 ACh=0.25 eCB=0.10 Glu=0.45 GABA=0.15] | osc[δ=0.466 θ=0.274 γ=0.260]
step  9760 | loss 5.3025 | lm 5.3025 | ppl 200.8 | gnorm 2.024 | lr 3.04e-05 | 125103 tok/s | Φ 0.974 | λ₁ 0.352 | ign 0.35 | mesoLG 0.48 | troph 4/4 μ1.85 | NT[DA=0.15 NE=0.20 5HT=0.35 ACh=0.25 eCB=0.10 Glu=0.45 GABA=0.15] | osc[δ=0.560 θ=0.219 γ=0.221]
step  9780 | loss 5.1265 | lm 5.1265 | ppl 168.4 | gnorm 1.736 | lr 3.03e-05 | 128672 tok/s | Φ 0.914 | λ₁ 0.352 | ign 0.36 | mesoLG 0.49 | troph 4/4 μ1.86 | NT[DA=0.15 NE=0.20 5HT=0.35 ACh=0.25 eCB=0.10 Glu=0.45 GABA=0.15] | osc[δ=0.569 θ=0.207 γ=0.224]
step  9800 | loss 5.0694 | lm 5.0694 | ppl 159.1 | gnorm 0.907 | lr 3.03e-05 | 128871 tok/s | Φ 0.812 | λ₁ 0.352 | ign 0.35 | mesoLG 0.40 | troph 4/4 μ1.87 | NT[DA=0.15 NE=0.20 5HT=0.35 ACh=0.25 eCB=0.10 Glu=0.45 GABA=0.15] | osc[δ=0.557 θ=0.210 γ=0.233]
step  9820 | loss 5.1166 | lm 5.1166 | ppl 166.8 | gnorm 1.227 | lr 3.02e-05 | 127547 tok/s | Φ 0.835 | λ₁ 0.352 | ign 0.37 | mesoLG 0.46 | troph 4/4 μ1.90 | NT[DA=0.15 NE=0.20 5HT=0.35 ACh=0.25 eCB=0.10 Glu=0.45 GABA=0.15] | osc[δ=0.570 θ=0.186 γ=0.244]
step  9840 | loss 5.2682 | lm 5.2682 | ppl 194.1 | gnorm 1.628 | lr 3.02e-05 | 128730 tok/s | Φ 0.928 | λ₁ 0.352 | ign 0.35 | mesoLG 0.49 | troph 4/4 μ1.91 | NT[DA=0.15 NE=0.20 5HT=0.35 ACh=0.25 eCB=0.10 Glu=0.45 GABA=0.15] | osc[δ=0.473 θ=0.260 γ=0.267]
step  9860 | loss 5.3971 | lm 5.3971 | ppl 220.8 | gnorm 1.323 | lr 3.01e-05 | 129046 tok/s | Φ 0.862 | λ₁ 0.352 | ign 0.35 | mesoLG 0.52 | troph 4/4 μ1.91 | NT[DA=0.15 NE=0.20 5HT=0.35 ACh=0.25 eCB=0.10 Glu=0.45 GABA=0.15] | osc[δ=0.453 θ=0.261 γ=0.286]
step  9880 | loss 5.2762 | lm 5.2762 | ppl 195.6 | gnorm 1.330 | lr 3.01e-05 | 128969 tok/s | Φ 0.812 | λ₁ 0.352 | ign 0.36 | mesoLG 0.47 | troph 4/4 μ1.89 | NT[DA=0.15 NE=0.20 5HT=0.35 ACh=0.25 eCB=0.10 Glu=0.45 GABA=0.15] | osc[δ=0.421 θ=0.324 γ=0.256]
step  9900 | loss 5.2043 | lm 5.2043 | ppl 182.1 | gnorm 1.288 | lr 3.01e-05 | 130292 tok/s | Φ 0.869 | λ₁ 0.352 | ign 0.39 | mesoLG 0.50 | troph 4/4 μ1.90 | NT[DA=0.15 NE=0.20 5HT=0.35 ACh=0.25 eCB=0.10 Glu=0.45 GABA=0.15] | osc[δ=0.485 θ=0.287 γ=0.228]
step  9920 | loss 5.2079 | lm 5.2079 | ppl 182.7 | gnorm 0.765 | lr 3.00e-05 | 131194 tok/s | Φ 0.841 | λ₁ 0.352 | ign 0.36 | mesoLG 0.48 | troph 4/4 μ1.94 | NT[DA=0.15 NE=0.20 5HT=0.35 ACh=0.25 eCB=0.10 Glu=0.45 GABA=0.15] | osc[δ=0.444 θ=0.248 γ=0.308]
step  9940 | loss 5.0969 | lm 5.0969 | ppl 163.5 | gnorm 0.964 | lr 3.00e-05 | 129245 tok/s | Φ 0.856 | λ₁ 0.352 | ign 0.40 | mesoLG 0.46 | troph 4/4 μ1.93 | NT[DA=0.15 NE=0.20 5HT=0.35 ACh=0.25 eCB=0.10 Glu=0.45 GABA=0.15] | osc[δ=0.432 θ=0.232 γ=0.336]
step  9960 | loss 5.1386 | lm 5.1386 | ppl 170.5 | gnorm 1.085 | lr 3.00e-05 | 129996 tok/s | Φ 0.846 | λ₁ 0.352 | ign 0.38 | mesoLG 0.50 | troph 4/4 μ1.93 | NT[DA=0.15 NE=0.20 5HT=0.35 ACh=0.25 eCB=0.10 Glu=0.45 GABA=0.15] | osc[δ=0.363 θ=0.245 γ=0.392]
step  9980 | loss 5.3314 | lm 5.3314 | ppl 206.7 | gnorm 1.534 | lr 3.00e-05 | 130193 tok/s | Φ 0.859 | λ₁ 0.352 | ign 0.35 | mesoLG 0.47 | troph 4/4 μ1.92 | NT[DA=0.15 NE=0.20 5HT=0.35 ACh=0.25 eCB=0.10 Glu=0.45 GABA=0.15] | osc[δ=0.373 θ=0.336 γ=0.291]
step 10000 | loss 5.0384 | lm 5.0384 | ppl 154.2 | gnorm 1.540 | lr 3.00e-05 | 129289 tok/s | Φ 0.936 | λ₁ 0.352 | ign 0.36 | mesoLG 0.49 | troph 4/4 μ1.92 | NT[DA=0.15 NE=0.20 5HT=0.35 ACh=0.25 eCB=0.10 Glu=0.45 GABA=0.15] | osc[δ=0.322 θ=0.315 γ=0.363]
[train_dsl] saved checkpoint /workspace/brian/lfs_checkpoints/dsl_arch_step10000.pt
[train_dsl] done.
Fatal Python error: PyGILState_Release: thread state 0x7f84e0002f70 must be current when releasing
Python runtime state: finalizing (tstate=0x0000000001c29780)
Thread 0x00007f86a0993740 (most recent call first):
  <no Python frame>
Extension modules: mkl._mklinit, mkl._py_mkl_service, numpy.core._multiarray_umath, numpy.core._multiarray_tests, numpy.linalg._umath_linalg, numpy.fft._pocketfft_internal, numpy.random._common, numpy.random.bit_generator, numpy.random._bounded_integers, numpy.random._mt19937, numpy.random.mtrand, numpy.random._philox, numpy.random._pcg64, numpy.random._sfc64, numpy.random._generator, torch._C, torch._C._fft, torch._C._linalg, torch._C._nested, torch._C._nn, torch._C._sparse, torch._C._special, 
scripts/vast_train_dsl_loop.sh: line 87:   772 Aborted                 python -u -m neuroslm.train_dsl --arch "$ARCH_PATH" --model dsl_lm --preset "$PRESET" --data "$DATA" --mode "$MODE" --chat_ratio "$CHAT_RATIO" --steps "$STEPS" --batch "$BATCH" --seq_len "$SEQ_LEN" --d_sem "$D_SEM" --device cuda --log_every "$LOG_EVERY" --save_every "$SAVE_EVERY" --ckpt_dir "$CKPT_DIR" --resume
⚠ training exited with code 134 — restarting in 15s...
▶ launch attempt 2 @ 19:29:26Z
[train_dsl] preset rcc_bowtie_30m_p4: d_model=384 depth=4 heads=6 vocab=50257 lr=0.0003 warmup=300 min_ratio=0.1 wd=0.05
[train_dsl] DSL-LM: vocab=50257 d_model=384 depth=4 heads=6 ctx=1024
[train_dsl] training config: loss_clip=True(f=3.0), opt=adamw, lr=0.0003, grad_accum=4, label_smooth=0.05
[train_dsl] DSL-LM parameters: 45.7M
[train_dsl] mixed precision: bf16
BRIANHarness:
  vocab_size = 50257
  d_sem      = 384
  parameters = 45,678,720
  circuit populations = 0
  sink population = 
  loss clipping = True (factor=3.0)
  optimizer = adamw (lr=0.0003)
[train_dsl] device=cuda, warmup=300/10000
[train_dsl] resumed from /workspace/brian/lfs_checkpoints/dsl_arch_step10000.pt @ step 10000
[data:text] using FineWeb-Edu-10BT (HuggingFaceFW/fineweb-edu:sample-10BT)
[data:chat] using OpenHermes-2.5 (teknium/OpenHermes-2.5)
[train_dsl] done.
Fatal Python error: PyGILState_Release: thread state 0x7f69a81dfa10 must be current when releasing
Python runtime state: finalizing (tstate=0x00000000010d2780)
Thread 0x00007f6b6cd14740 (most recent call first):
  <no Python frame>
Extension modules: mkl._mklinit, mkl._py_mkl_service, numpy.core._multiarray_umath, numpy.core._multiarray_tests, numpy.linalg._umath_linalg, numpy.fft._pocketfft_internal, numpy.random._common, numpy.random.bit_generator, numpy.random._bounded_integers, numpy.random._mt19937, numpy.random.mtrand, numpy.random._philox, numpy.random._pcg64, numpy.random._sfc64, numpy.random._generator, torch._C, torch._C._fft, torch._C._linalg, torch._C._nested, torch._C._nn, torch._C._sparse, torch._C._special, 
scripts/vast_train_dsl_loop.sh: line 87:   824 Aborted                 python -u -m neuroslm.train_dsl --arch "$ARCH_PATH" --model dsl_lm --preset "$PRESET" --data "$DATA" --mode "$MODE" --chat_ratio "$CHAT_RATIO" --steps "$STEPS" --batch "$BATCH" --seq_len "$SEQ_LEN" --d_sem "$D_SEM" --device cuda --log_every "$LOG_EVERY" --save_every "$SAVE_EVERY" --ckpt_dir "$CKPT_DIR" --resume
⚠ training exited with code 134 — restarting in 15s...
▶ launch attempt 3 @ 19:30:32Z
[train_dsl] preset rcc_bowtie_30m_p4: d_model=384 depth=4 heads=6 vocab=50257 lr=0.0003 warmup=300 min_ratio=0.1 wd=0.05
[train_dsl] DSL-LM: vocab=50257 d_model=384 depth=4 heads=6 ctx=1024
[train_dsl] training config: loss_clip=True(f=3.0), opt=adamw, lr=0.0003, grad_accum=4, label_smooth=0.05
[train_dsl] DSL-LM parameters: 45.7M
[train_dsl] mixed precision: bf16
BRIANHarness:
  vocab_size = 50257
  d_sem      = 384
  parameters = 45,678,720
  circuit populations = 0
  sink population = 
  loss clipping = True (factor=3.0)
  optimizer = adamw (lr=0.0003)
[train_dsl] device=cuda, warmup=300/10000
[train_dsl] resumed from /workspace/brian/lfs_checkpoints/dsl_arch_step10000.pt @ step 10000
[data:text] using FineWeb-Edu-10BT (HuggingFaceFW/fineweb-edu:sample-10BT)
[data:chat] using OpenHermes-2.5 (teknium/OpenHermes-2.5)
[train_dsl] done.
Fatal Python error: PyGILState_Release: thread state 0x7f3ed8002f70 must be current when releasing
Python runtime state: finalizing (tstate=0x00000000011f0780)
Thread 0x00007f409e44f740 (most recent call first):
  <no Python frame>
Extension modules: mkl._mklinit, mkl._py_mkl_service, numpy.core._multiarray_umath, numpy.core._multiarray_tests, numpy.linalg._umath_linalg, numpy.fft._pocketfft_internal, numpy.random._common, numpy.random.bit_generator, numpy.random._bounded_integers, numpy.random._mt19937, numpy.random.mtrand, numpy.random._philox, numpy.random._pcg64, numpy.random._sfc64, numpy.random._generator, torch._C, torch._C._fft, torch._C._linalg, torch._C._nested, torch._C._nn, torch._C._sparse, torch._C._special, 
scripts/vast_train_dsl_loop.sh: line 87:   868 Aborted                 python -u -m neuroslm.train_dsl --arch "$ARCH_PATH" --model dsl_lm --preset "$PRESET" --data "$DATA" --mode "$MODE" --chat_ratio "$CHAT_RATIO" --steps "$STEPS" --batch "$BATCH" --seq_len "$SEQ_LEN" --d_sem "$D_SEM" --device cuda --log_every "$LOG_EVERY" --save_every "$SAVE_EVERY" --ckpt_dir "$CKPT_DIR" --resume
⚠ training exited with code 134 — restarting in 15s...
▶ launch attempt 4 @ 19:31:38Z
[train_dsl] preset rcc_bowtie_30m_p4: d_model=384 depth=4 heads=6 vocab=50257 lr=0.0003 warmup=300 min_ratio=0.1 wd=0.05
[train_dsl] DSL-LM: vocab=50257 d_model=384 depth=4 heads=6 ctx=1024
[train_dsl] training config: loss_clip=True(f=3.0), opt=adamw, lr=0.0003, grad_accum=4, label_smooth=0.05
[train_dsl] DSL-LM parameters: 45.7M
[train_dsl] mixed precision: bf16
BRIANHarness:
  vocab_size = 50257
  d_sem      = 384
  parameters = 45,678,720
  circuit populations = 0
  sink population = 
  loss clipping = True (factor=3.0)
  optimizer = adamw (lr=0.0003)
[train_dsl] device=cuda, warmup=300/10000
[train_dsl] resumed from /workspace/brian/lfs_checkpoints/dsl_arch_step10000.pt @ step 10000
[data:text] using FineWeb-Edu-10BT (HuggingFaceFW/fineweb-edu:sample-10BT)
[data:chat] using OpenHermes-2.5 (teknium/OpenHermes-2.5)
[train_dsl] done.
Fatal Python error: PyGILState_Release: thread state 0x7fd408002f70 must be current when releasing
Python runtime state: finalizing (tstate=0x0000000001695780)
Thread 0x00007fd5ceee5740 (most recent call first):
  <no Python frame>
Extension modules: mkl._mklinit, mkl._py_mkl_service, numpy.core._multiarray_umath, numpy.core._multiarray_tests, numpy.linalg._umath_linalg, numpy.fft._pocketfft_internal, numpy.random._common, numpy.random.bit_generator, numpy.random._bounded_integers, numpy.random._mt19937, numpy.random.mtrand, numpy.random._philox, numpy.random._pcg64, numpy.random._sfc64, numpy.random._generator, torch._C, torch._C._fft, torch._C._linalg, torch._C._nested, torch._C._nn, torch._C._sparse, torch._C._special, 
scripts/vast_train_dsl_loop.sh: line 87:   912 Aborted                 python -u -m neuroslm.train_dsl --arch "$ARCH_PATH" --model dsl_lm --preset "$PRESET" --data "$DATA" --mode "$MODE" --chat_ratio "$CHAT_RATIO" --steps "$STEPS" --batch "$BATCH" --seq_len "$SEQ_LEN" --d_sem "$D_SEM" --device cuda --log_every "$LOG_EVERY" --save_every "$SAVE_EVERY" --ckpt_dir "$CKPT_DIR" --resume
⚠ training exited with code 134 — restarting in 15s...
▶ launch attempt 5 @ 19:32:43Z
[train_dsl] preset rcc_bowtie_30m_p4: d_model=384 depth=4 heads=6 vocab=50257 lr=0.0003 warmup=300 min_ratio=0.1 wd=0.05
[train_dsl] DSL-LM: vocab=50257 d_model=384 depth=4 heads=6 ctx=1024
[train_dsl] training config: loss_clip=True(f=3.0), opt=adamw, lr=0.0003, grad_accum=4, label_smooth=0.05
[train_dsl] DSL-LM parameters: 45.7M
[train_dsl] mixed precision: bf16
BRIANHarness:
  vocab_size = 50257
  d_sem      = 384
  parameters = 45,678,720
  circuit populations = 0
  sink population = 
  loss clipping = True (factor=3.0)
  optimizer = adamw (lr=0.0003)
[train_dsl] device=cuda, warmup=300/10000
[train_dsl] resumed from /workspace/brian/lfs_checkpoints/dsl_arch_step10000.pt @ step 10000
[data:text] using FineWeb-Edu-10BT (HuggingFaceFW/fineweb-edu:sample-10BT)
[data:chat] using OpenHermes-2.5 (teknium/OpenHermes-2.5)
[train_dsl] done.
Fatal Python error: PyGILState_Release: thread state 0x7f89f4002f70 must be current when releasing
Python runtime state: finalizing (tstate=0x0000000001b4d780)
Thread 0x00007f8bb7b7e740 (most recent call first):
  <no Python frame>
Extension modules: mkl._mklinit, mkl._py_mkl_service, numpy.core._multiarray_umath, numpy.core._multiarray_tests, numpy.linalg._umath_linalg, numpy.fft._pocketfft_internal, numpy.random._common, numpy.random.bit_generator, numpy.random._bounded_integers, numpy.random._mt19937, numpy.random.mtrand, numpy.random._philox, numpy.random._pcg64, numpy.random._sfc64, numpy.random._generator, torch._C, torch._C._fft, torch._C._linalg, torch._C._nested, torch._C._nn, torch._C._sparse, torch._C._special, 
scripts/vast_train_dsl_loop.sh: line 87:   954 Aborted                 python -u -m neuroslm.train_dsl --arch "$ARCH_PATH" --model dsl_lm --preset "$PRESET" --data "$DATA" --mode "$MODE" --chat_ratio "$CHAT_RATIO" --steps "$STEPS" --batch "$BATCH" --seq_len "$SEQ_LEN" --d_sem "$D_SEM" --device cuda --log_every "$LOG_EVERY" --save_every "$SAVE_EVERY" --ckpt_dir "$CKPT_DIR" --resume
⚠ training exited with code 134 — restarting in 15s...
▶ launch attempt 6 @ 19:33:50Z
[train_dsl] preset rcc_bowtie_30m_p4: d_model=384 depth=4 heads=6 vocab=50257 lr=0.0003 warmup=300 min_ratio=0.1 wd=0.05
[train_dsl] DSL-LM: vocab=50257 d_model=384 depth=4 heads=6 ctx=1024
[train_dsl] training config: loss_clip=True(f=3.0), opt=adamw, lr=0.0003, grad_accum=4, label_smooth=0.05
[train_dsl] DSL-LM parameters: 45.7M
[train_dsl] mixed precision: bf16
BRIANHarness:
  vocab_size = 50257
  d_sem      = 384
  parameters = 45,678,720
  circuit populations = 0
  sink population = 
  loss clipping = True (factor=3.0)
  optimizer = adamw (lr=0.0003)
[train_dsl] device=cuda, warmup=300/10000
[train_dsl] resumed from /workspace/brian/lfs_checkpoints/dsl_arch_step10000.pt @ step 10000
[data:text] using FineWeb-Edu-10BT (HuggingFaceFW/fineweb-edu:sample-10BT)
[data:chat] using OpenHermes-2.5 (teknium/OpenHermes-2.5)
[train_dsl] done.
Fatal Python error: PyGILState_Release: thread state 0x7f4c84002f70 must be current when releasing
Python runtime state: finalizing (tstate=0x0000000001566780)
Thread 0x00007f4e47def740 (most recent call first):
  <no Python frame>
Extension modules: mkl._mklinit, mkl._py_mkl_service, numpy.core._multiarray_umath, numpy.core._multiarray_tests, numpy.linalg._umath_linalg, numpy.fft._pocketfft_internal, numpy.random._common, numpy.random.bit_generator, numpy.random._bounded_integers, numpy.random._mt19937, numpy.random.mtrand, numpy.random._philox, numpy.random._pcg64, numpy.random._sfc64, numpy.random._generator, torch._C, torch._C._fft, torch._C._linalg, torch._C._nested, torch._C._nn, torch._C._sparse, torch._C._special, 
scripts/vast_train_dsl_loop.sh: line 87:   999 Aborted                 python -u -m neuroslm.train_dsl --arch "$ARCH_PATH" --model dsl_lm --preset "$PRESET" --data "$DATA" --mode "$MODE" --chat_ratio "$CHAT_RATIO" --steps "$STEPS" --batch "$BATCH" --seq_len "$SEQ_LEN" --d_sem "$D_SEM" --device cuda --log_every "$LOG_EVERY" --save_every "$SAVE_EVERY" --ckpt_dir "$CKPT_DIR" --resume
⚠ training exited with code 134 — restarting in 15s...
▶ launch attempt 7 @ 19:34:55Z
[train_dsl] preset rcc_bowtie_30m_p4: d_model=384 depth=4 heads=6 vocab=50257 lr=0.0003 warmup=300 min_ratio=0.1 wd=0.05
[train_dsl] DSL-LM: vocab=50257 d_model=384 depth=4 heads=6 ctx=1024
[train_dsl] training config: loss_clip=True(f=3.0), opt=adamw, lr=0.0003, grad_accum=4, label_smooth=0.05
[train_dsl] DSL-LM parameters: 45.7M
[train_dsl] mixed precision: bf16
BRIANHarness:
  vocab_size = 50257
  d_sem      = 384
  parameters = 45,678,720
  circuit populations = 0
  sink population = 
  loss clipping = True (factor=3.0)
  optimizer = adamw (lr=0.0003)
[train_dsl] device=cuda, warmup=300/10000
[train_dsl] resumed from /workspace/brian/lfs_checkpoints/dsl_arch_step10000.pt @ step 10000
[data:text] using FineWeb-Edu-10BT (HuggingFaceFW/fineweb-edu:sample-10BT)
[data:chat] using OpenHermes-2.5 (teknium/OpenHermes-2.5)
[train_dsl] done.
Fatal Python error: PyGILState_Release: thread state 0x7fc45c002f70 must be current when releasing
Python runtime state: finalizing (tstate=0x00000000026d4780)
Thread 0x00007fc61fd5e740 (most recent call first):
  <no Python frame>
Extension modules: mkl._mklinit, mkl._py_mkl_service, numpy.core._multiarray_umath, numpy.core._multiarray_tests, numpy.linalg._umath_linalg, numpy.fft._pocketfft_internal, numpy.random._common, numpy.random.bit_generator, numpy.random._bounded_integers, numpy.random._mt19937, numpy.random.mtrand, numpy.random._philox, numpy.random._pcg64, numpy.random._sfc64, numpy.random._generator, torch._C, torch._C._fft, torch._C._linalg, torch._C._nested, torch._C._nn, torch._C._sparse, torch._C._special, 
scripts/vast_train_dsl_loop.sh: line 87:  1042 Aborted                 python -u -m neuroslm.train_dsl --arch "$ARCH_PATH" --model dsl_lm --preset "$PRESET" --data "$DATA" --mode "$MODE" --chat_ratio "$CHAT_RATIO" --steps "$STEPS" --batch "$BATCH" --seq_len "$SEQ_LEN" --d_sem "$D_SEM" --device cuda --log_every "$LOG_EVERY" --save_every "$SAVE_EVERY" --ckpt_dir "$CKPT_DIR" --resume
⚠ training exited with code 134 — restarting in 15s...
▶ launch attempt 8 @ 19:36:01Z
[train_dsl] preset rcc_bowtie_30m_p4: d_model=384 depth=4 heads=6 vocab=50257 lr=0.0003 warmup=300 min_ratio=0.1 wd=0.05
[train_dsl] DSL-LM: vocab=50257 d_model=384 depth=4 heads=6 ctx=1024
[train_dsl] training config: loss_clip=True(f=3.0), opt=adamw, lr=0.0003, grad_accum=4, label_smooth=0.05
[train_dsl] DSL-LM parameters: 45.7M
[train_dsl] mixed precision: bf16
BRIANHarness:
  vocab_size = 50257
  d_sem      = 384
  parameters = 45,678,720
  circuit populations = 0
  sink population = 
  loss clipping = True (factor=3.0)
  optimizer = adamw (lr=0.0003)
[train_dsl] device=cuda, warmup=300/10000
[train_dsl] resumed from /workspace/brian/lfs_checkpoints/dsl_arch_step10000.pt @ step 10000
[data:text] using FineWeb-Edu-10BT (HuggingFaceFW/fineweb-edu:sample-10BT)
[data:chat] using OpenHermes-2.5 (teknium/OpenHermes-2.5)
[train_dsl] done.
Fatal Python error: PyGILState_Release: thread state 0x7f8348002f70 must be current when releasing
Python runtime state: finalizing (tstate=0x0000000001e07780)
Thread 0x00007f850d6cd740 (most recent call first):
  <no Python frame>
Extension modules: mkl._mklinit, mkl._py_mkl_service, numpy.core._multiarray_umath, numpy.core._multiarray_tests, numpy.linalg._umath_linalg, numpy.fft._pocketfft_internal, numpy.random._common, numpy.random.bit_generator, numpy.random._bounded_integers, numpy.random._mt19937, numpy.random.mtrand, numpy.random._philox, numpy.random._pcg64, numpy.random._sfc64, numpy.random._generator, torch._C, torch._C._fft, torch._C._linalg, torch._C._nested, torch._C._nn, torch._C._sparse, torch._C._special, 
scripts/vast_train_dsl_loop.sh: line 87:  1084 Aborted                 python -u -m neuroslm.train_dsl --arch "$ARCH_PATH" --model dsl_lm --preset "$PRESET" --data "$DATA" --mode "$MODE" --chat_ratio "$CHAT_RATIO" --steps "$STEPS" --batch "$BATCH" --seq_len "$SEQ_LEN" --d_sem "$D_SEM" --device cuda --log_every "$LOG_EVERY" --save_every "$SAVE_EVERY" --ckpt_dir "$CKPT_DIR" --resume
⚠ training exited with code 134 — restarting in 15s...
▶ launch attempt 9 @ 19:37:07Z
[train_dsl] preset rcc_bowtie_30m_p4: d_model=384 depth=4 heads=6 vocab=50257 lr=0.0003 warmup=300 min_ratio=0.1 wd=0.05
[train_dsl] DSL-LM: vocab=50257 d_model=384 depth=4 heads=6 ctx=1024
[train_dsl] training config: loss_clip=True(f=3.0), opt=adamw, lr=0.0003, grad_accum=4, label_smooth=0.05
[train_dsl] DSL-LM parameters: 45.7M
[train_dsl] mixed precision: bf16
BRIANHarness:
  vocab_size = 50257
  d_sem      = 384
  parameters = 45,678,720
  circuit populations = 0
  sink population = 
  loss clipping = True (factor=3.0)
  optimizer = adamw (lr=0.0003)
[train_dsl] device=cuda, warmup=300/10000
[train_dsl] resumed from /workspace/brian/lfs_checkpoints/dsl_arch_step10000.pt @ step 10000
[data:text] using FineWeb-Edu-10BT (HuggingFaceFW/fineweb-edu:sample-10BT)
[data:chat] using OpenHermes-2.5 (teknium/OpenHermes-2.5)
[train_dsl] done.
Fatal Python error: PyGILState_Release: thread state 0x7f00f81d8150 must be current when releasing
Python runtime state: finalizing (tstate=0x0000000001f77780)
Thread 0x00007f02be1db740 (most recent call first):
  <no Python frame>
Extension modules: mkl._mklinit, mkl._py_mkl_service, numpy.core._multiarray_umath, numpy.core._multiarray_tests, numpy.linalg._umath_linalg, numpy.fft._pocketfft_internal, numpy.random._common, numpy.random.bit_generator, numpy.random._bounded_integers, numpy.random._mt19937, numpy.random.mtrand, numpy.random._philox, numpy.random._pcg64, numpy.random._sfc64, numpy.random._generator, torch._C, torch._C._fft, torch._C._linalg, torch._C._nested, torch._C._nn, torch._C._sparse, torch._C._special, 
scripts/vast_train_dsl_loop.sh: line 87:  1127 Aborted                 python -u -m neuroslm.train_dsl --arch "$ARCH_PATH" --model dsl_lm --preset "$PRESET" --data "$DATA" --mode "$MODE" --chat_ratio "$CHAT_RATIO" --steps "$STEPS" --batch "$BATCH" --seq_len "$SEQ_LEN" --d_sem "$D_SEM" --device cuda --log_every "$LOG_EVERY" --save_every "$SAVE_EVERY" --ckpt_dir "$CKPT_DIR" --resume
⚠ training exited with code 134 — restarting in 15s...
▶ launch attempt 10 @ 19:38:13Z
[train_dsl] preset rcc_bowtie_30m_p4: d_model=384 depth=4 heads=6 vocab=50257 lr=0.0003 warmup=300 min_ratio=0.1 wd=0.05
[train_dsl] DSL-LM: vocab=50257 d_model=384 depth=4 heads=6 ctx=1024
[train_dsl] training config: loss_clip=True(f=3.0), opt=adamw, lr=0.0003, grad_accum=4, label_smooth=0.05
[train_dsl] DSL-LM parameters: 45.7M
[train_dsl] mixed precision: bf16
BRIANHarness:
  vocab_size = 50257
  d_sem      = 384
  parameters = 45,678,720
  circuit populations = 0
  sink population = 
  loss clipping = True (factor=3.0)
  optimizer = adamw (lr=0.0003)
[train_dsl] device=cuda, warmup=300/10000
[train_dsl] resumed from /workspace/brian/lfs_checkpoints/dsl_arch_step10000.pt @ step 10000
[data:text] using FineWeb-Edu-10BT (HuggingFaceFW/fineweb-edu:sample-10BT)
[data:chat] using OpenHermes-2.5 (teknium/OpenHermes-2.5)
[train_dsl] done.
Fatal Python error: PyGILState_Release: thread state 0x7f0824002f70 must be current when releasing
Python runtime state: finalizing (tstate=0x0000000001b0c780)
Thread 0x00007f09e9820740 (most recent call first):
  <no Python frame>
Extension modules: mkl._mklinit, mkl._py_mkl_service, numpy.core._multiarray_umath, numpy.core._multiarray_tests, numpy.linalg._umath_linalg, numpy.fft._pocketfft_internal, numpy.random._common, numpy.random.bit_generator, numpy.random._bounded_integers, numpy.random._mt19937, numpy.random.mtrand, numpy.random._philox, numpy.random._pcg64, numpy.random._sfc64, numpy.random._generator, torch._C, torch._C._fft, torch._C._linalg, torch._C._nested, torch._C._nn, torch._C._sparse, torch._C._special, 
scripts/vast_train_dsl_loop.sh: line 87:  1174 Aborted                 python -u -m neuroslm.train_dsl --arch "$ARCH_PATH" --model dsl_lm --preset "$PRESET" --data "$DATA" --mode "$MODE" --chat_ratio "$CHAT_RATIO" --steps "$STEPS" --batch "$BATCH" --seq_len "$SEQ_LEN" --d_sem "$D_SEM" --device cuda --log_every "$LOG_EVERY" --save_every "$SAVE_EVERY" --ckpt_dir "$CKPT_DIR" --resume
⚠ training exited with code 134 — restarting in 15s...
▶ launch attempt 11 @ 19:39:19Z
[train_dsl] preset rcc_bowtie_30m_p4: d_model=384 depth=4 heads=6 vocab=50257 lr=0.0003 warmup=300 min_ratio=0.1 wd=0.05
[train_dsl] DSL-LM: vocab=50257 d_model=384 depth=4 heads=6 ctx=1024
[train_dsl] training config: loss_clip=True(f=3.0), opt=adamw, lr=0.0003, grad_accum=4, label_smooth=0.05
[train_dsl] DSL-LM parameters: 45.7M
[train_dsl] mixed precision: bf16
BRIANHarness:
  vocab_size = 50257
  d_sem      = 384
  parameters = 45,678,720
  circuit populations = 0
  sink population = 
  loss clipping = True (factor=3.0)
  optimizer = adamw (lr=0.0003)
[train_dsl] device=cuda, warmup=300/10000
[train_dsl] resumed from /workspace/brian/lfs_checkpoints/dsl_arch_step10000.pt @ step 10000
[data:text] using FineWeb-Edu-10BT (HuggingFaceFW/fineweb-edu:sample-10BT)
[data:chat] using OpenHermes-2.5 (teknium/OpenHermes-2.5)
[train_dsl] done.
Fatal Python error: PyGILState_Release: thread state 0x7f2168002f70 must be current when releasing
Python runtime state: finalizing (tstate=0x0000000000bd0780)
Thread 0x00007f232e35a740 (most recent call first):
  <no Python frame>
Extension modules: mkl._mklinit, mkl._py_mkl_service, numpy.core._multiarray_umath, numpy.core._multiarray_tests, numpy.linalg._umath_linalg, numpy.fft._pocketfft_internal, numpy.random._common, numpy.random.bit_generator, numpy.random._bounded_integers, numpy.random._mt19937, numpy.random.mtrand, numpy.random._philox, numpy.random._pcg64, numpy.random._sfc64, numpy.random._generator, torch._C, torch._C._fft, torch._C._linalg, torch._C._nested, torch._C._nn, torch._C._sparse, torch._C._special, 
scripts/vast_train_dsl_loop.sh: line 87:  1218 Aborted                 python -u -m neuroslm.train_dsl --arch "$ARCH_PATH" --model dsl_lm --preset "$PRESET" --data "$DATA" --mode "$MODE" --chat_ratio "$CHAT_RATIO" --steps "$STEPS" --batch "$BATCH" --seq_len "$SEQ_LEN" --d_sem "$D_SEM" --device cuda --log_every "$LOG_EVERY" --save_every "$SAVE_EVERY" --ckpt_dir "$CKPT_DIR" --resume
⚠ training exited with code 134 — restarting in 15s...
▶ launch attempt 12 @ 19:40:24Z
[train_dsl] preset rcc_bowtie_30m_p4: d_model=384 depth=4 heads=6 vocab=50257 lr=0.0003 warmup=300 min_ratio=0.1 wd=0.05
[train_dsl] DSL-LM: vocab=50257 d_model=384 depth=4 heads=6 ctx=1024
[train_dsl] training config: loss_clip=True(f=3.0), opt=adamw, lr=0.0003, grad_accum=4, label_smooth=0.05
[train_dsl] DSL-LM parameters: 45.7M
[train_dsl] mixed precision: bf16
BRIANHarness:
  vocab_size = 50257
  d_sem      = 384
  parameters = 45,678,720
  circuit populations = 0
  sink population = 
  loss clipping = True (factor=3.0)
  optimizer = adamw (lr=0.0003)
[train_dsl] device=cuda, warmup=300/10000
[train_dsl] resumed from /workspace/brian/lfs_checkpoints/dsl_arch_step10000.pt @ step 10000
[data:text] using FineWeb-Edu-10BT (HuggingFaceFW/fineweb-edu:sample-10BT)
[data:chat] using OpenHermes-2.5 (teknium/OpenHermes-2.5)
[train_dsl] done.
Fatal Python error: PyGILState_Release: thread state 0x7fb3f4002f70 must be current when releasing
Python runtime state: finalizing (tstate=0x0000000000825780)
Thread 0x00007fb5b7c77740 (most recent call first):
  <no Python frame>
Extension modules: mkl._mklinit, mkl._py_mkl_service, numpy.core._multiarray_umath, numpy.core._multiarray_tests, numpy.linalg._umath_linalg, numpy.fft._pocketfft_internal, numpy.random._common, numpy.random.bit_generator, numpy.random._bounded_integers, numpy.random._mt19937, numpy.random.mtrand, numpy.random._philox, numpy.random._pcg64, numpy.random._sfc64, numpy.random._generator, torch._C, torch._C._fft, torch._C._linalg, torch._C._nested, torch._C._nn, torch._C._sparse, torch._C._special, 
scripts/vast_train_dsl_loop.sh: line 87:  1262 Aborted                 python -u -m neuroslm.train_dsl --arch "$ARCH_PATH" --model dsl_lm --preset "$PRESET" --data "$DATA" --mode "$MODE" --chat_ratio "$CHAT_RATIO" --steps "$STEPS" --batch "$BATCH" --seq_len "$SEQ_LEN" --d_sem "$D_SEM" --device cuda --log_every "$LOG_EVERY" --save_every "$SAVE_EVERY" --ckpt_dir "$CKPT_DIR" --resume
⚠ training exited with code 134 — restarting in 15s...
▶ launch attempt 13 @ 19:41:29Z
[train_dsl] preset rcc_bowtie_30m_p4: d_model=384 depth=4 heads=6 vocab=50257 lr=0.0003 warmup=300 min_ratio=0.1 wd=0.05
[train_dsl] DSL-LM: vocab=50257 d_model=384 depth=4 heads=6 ctx=1024
[train_dsl] training config: loss_clip=True(f=3.0), opt=adamw, lr=0.0003, grad_accum=4, label_smooth=0.05
[train_dsl] DSL-LM parameters: 45.7M
[train_dsl] mixed precision: bf16
BRIANHarness:
  vocab_size = 50257
  d_sem      = 384
  parameters = 45,678,720
  circuit populations = 0
  sink population = 
  loss clipping = True (factor=3.0)
  optimizer = adamw (lr=0.0003)
[train_dsl] device=cuda, warmup=300/10000
[train_dsl] resumed from /workspace/brian/lfs_checkpoints/dsl_arch_step10000.pt @ step 10000
[data:text] using FineWeb-Edu-10BT (HuggingFaceFW/fineweb-edu:sample-10BT)
[data:chat] using OpenHermes-2.5 (teknium/OpenHermes-2.5)
[train_dsl] done.
Fatal Python error: PyGILState_Release: thread state 0x7f784c002f70 must be current when releasing
Python runtime state: finalizing (tstate=0x0000000000f29780)
Thread 0x00007f7a0f55c740 (most recent call first):
  <no Python frame>
Extension modules: mkl._mklinit, mkl._py_mkl_service, numpy.core._multiarray_umath, numpy.core._multiarray_tests, numpy.linalg._umath_linalg, numpy.fft._pocketfft_internal, numpy.random._common, numpy.random.bit_generator, numpy.random._bounded_integers, numpy.random._mt19937, numpy.random.mtrand, numpy.random._philox, numpy.random._pcg64, numpy.random._sfc64, numpy.random._generator, torch._C, torch._C._fft, torch._C._linalg, torch._C._nested, torch._C._nn, torch._C._sparse, torch._C._special, 
scripts/vast_train_dsl_loop.sh: line 87:  1305 Aborted                 python -u -m neuroslm.train_dsl --arch "$ARCH_PATH" --model dsl_lm --preset "$PRESET" --data "$DATA" --mode "$MODE" --chat_ratio "$CHAT_RATIO" --steps "$STEPS" --batch "$BATCH" --seq_len "$SEQ_LEN" --d_sem "$D_SEM" --device cuda --log_every "$LOG_EVERY" --save_every "$SAVE_EVERY" --ckpt_dir "$CKPT_DIR" --resume
⚠ training exited with code 134 — restarting in 15s...
▶ launch attempt 14 @ 19:42:35Z
[train_dsl] preset rcc_bowtie_30m_p4: d_model=384 depth=4 heads=6 vocab=50257 lr=0.0003 warmup=300 min_ratio=0.1 wd=0.05
[train_dsl] DSL-LM: vocab=50257 d_model=384 depth=4 heads=6 ctx=1024
[train_dsl] training config: loss_clip=True(f=3.0), opt=adamw, lr=0.0003, grad_accum=4, label_smooth=0.05
[train_dsl] DSL-LM parameters: 45.7M
[train_dsl] mixed precision: bf16
BRIANHarness:
  vocab_size = 50257
  d_sem      = 384
  parameters = 45,678,720
  circuit populations = 0
  sink population = 
  loss clipping = True (factor=3.0)
  optimizer = adamw (lr=0.0003)
[train_dsl] device=cuda, warmup=300/10000
[train_dsl] resumed from /workspace/brian/lfs_checkpoints/dsl_arch_step10000.pt @ step 10000
[data:text] using FineWeb-Edu-10BT (HuggingFaceFW/fineweb-edu:sample-10BT)
[data:chat] using OpenHermes-2.5 (teknium/OpenHermes-2.5)
[train_dsl] done.
Fatal Python error: PyGILState_Release: thread state 0x7efc1c1df360 must be current when releasing
Python runtime state: finalizing (tstate=0x00000000017f3780)
Thread 0x00007efde14fc740 (most recent call first):
  <no Python frame>
Extension modules: mkl._mklinit, mkl._py_mkl_service, numpy.core._multiarray_umath, numpy.core._multiarray_tests, numpy.linalg._umath_linalg, numpy.fft._pocketfft_internal, numpy.random._common, numpy.random.bit_generator, numpy.random._bounded_integers, numpy.random._mt19937, numpy.random.mtrand, numpy.random._philox, numpy.random._pcg64, numpy.random._sfc64, numpy.random._generator, torch._C, torch._C._fft, torch._C._linalg, torch._C._nested, torch._C._nn, torch._C._sparse, torch._C._special, 
scripts/vast_train_dsl_loop.sh: line 87:  1349 Aborted                 python -u -m neuroslm.train_dsl --arch "$ARCH_PATH" --model dsl_lm --preset "$PRESET" --data "$DATA" --mode "$MODE" --chat_ratio "$CHAT_RATIO" --steps "$STEPS" --batch "$BATCH" --seq_len "$SEQ_LEN" --d_sem "$D_SEM" --device cuda --log_every "$LOG_EVERY" --save_every "$SAVE_EVERY" --ckpt_dir "$CKPT_DIR" --resume
⚠ training exited with code 134 — restarting in 15s...
▶ launch attempt 15 @ 19:43:41Z
[train_dsl] preset rcc_bowtie_30m_p4: d_model=384 depth=4 heads=6 vocab=50257 lr=0.0003 warmup=300 min_ratio=0.1 wd=0.05
[train_dsl] DSL-LM: vocab=50257 d_model=384 depth=4 heads=6 ctx=1024
[train_dsl] training config: loss_clip=True(f=3.0), opt=adamw, lr=0.0003, grad_accum=4, label_smooth=0.05
[train_dsl] DSL-LM parameters: 45.7M
[train_dsl] mixed precision: bf16
BRIANHarness:
  vocab_size = 50257
  d_sem      = 384
  parameters = 45,678,720
  circuit populations = 0
  sink population = 
  loss clipping = True (factor=3.0)
  optimizer = adamw (lr=0.0003)
[train_dsl] device=cuda, warmup=300/10000
[train_dsl] resumed from /workspace/brian/lfs_checkpoints/dsl_arch_step10000.pt @ step 10000
[data:text] using FineWeb-Edu-10BT (HuggingFaceFW/fineweb-edu:sample-10BT)
[data:chat] using OpenHermes-2.5 (teknium/OpenHermes-2.5)
[train_dsl] done.
Fatal Python error: PyGILState_Release: thread state 0x7f60b8002f70 must be current when releasing
Python runtime state: finalizing (tstate=0x0000000002059780)
Thread 0x00007f627e04b740 (most recent call first):
  <no Python frame>
Extension modules: mkl._mklinit, mkl._py_mkl_service, numpy.core._multiarray_umath, numpy.core._multiarray_tests, numpy.linalg._umath_linalg, numpy.fft._pocketfft_internal, numpy.random._common, numpy.random.bit_generator, numpy.random._bounded_integers, numpy.random._mt19937, numpy.random.mtrand, numpy.random._philox, numpy.random._pcg64, numpy.random._sfc64, numpy.random._generator, torch._C, torch._C._fft, torch._C._linalg, torch._C._nested, torch._C._nn, torch._C._sparse, torch._C._special, 
scripts/vast_train_dsl_loop.sh: line 87:  1397 Aborted                 python -u -m neuroslm.train_dsl --arch "$ARCH_PATH" --model dsl_lm --preset "$PRESET" --data "$DATA" --mode "$MODE" --chat_ratio "$CHAT_RATIO" --steps "$STEPS" --batch "$BATCH" --seq_len "$SEQ_LEN" --d_sem "$D_SEM" --device cuda --log_every "$LOG_EVERY" --save_every "$SAVE_EVERY" --ckpt_dir "$CKPT_DIR" --resume
⚠ training exited with code 134 — restarting in 15s...
▶ launch attempt 16 @ 19:44:47Z
[train_dsl] preset rcc_bowtie_30m_p4: d_model=384 depth=4 heads=6 vocab=50257 lr=0.0003 warmup=300 min_ratio=0.1 wd=0.05
[train_dsl] DSL-LM: vocab=50257 d_model=384 depth=4 heads=6 ctx=1024
[train_dsl] training config: loss_clip=True(f=3.0), opt=adamw, lr=0.0003, grad_accum=4, label_smooth=0.05
[train_dsl] DSL-LM parameters: 45.7M
[train_dsl] mixed precision: bf16
BRIANHarness:
  vocab_size = 50257
  d_sem      = 384
  parameters = 45,678,720
  circuit populations = 0
  sink population = 
  loss clipping = True (factor=3.0)
  optimizer = adamw (lr=0.0003)
[train_dsl] device=cuda, warmup=300/10000
[train_dsl] resumed from /workspace/brian/lfs_checkpoints/dsl_arch_step10000.pt @ step 10000
[data:text] using FineWeb-Edu-10BT (HuggingFaceFW/fineweb-edu:sample-10BT)
[data:chat] using OpenHermes-2.5 (teknium/OpenHermes-2.5)
[train_dsl] done.
Fatal Python error: PyGILState_Release: thread state 0x7f3530002f70 must be current when releasing
Python runtime state: finalizing (tstate=0x000000000166f780)
Thread 0x00007f36f36e4740 (most recent call first):
  <no Python frame>
Extension modules: mkl._mklinit, mkl._py_mkl_service, numpy.core._multiarray_umath, numpy.core._multiarray_tests, numpy.linalg._umath_linalg, numpy.fft._pocketfft_internal, numpy.random._common, numpy.random.bit_generator, numpy.random._bounded_integers, numpy.random._mt19937, numpy.random.mtrand, numpy.random._philox, numpy.random._pcg64, numpy.random._sfc64, numpy.random._generator, torch._C, torch._C._fft, torch._C._linalg, torch._C._nested, torch._C._nn, torch._C._sparse, torch._C._special, 
scripts/vast_train_dsl_loop.sh: line 87:  1440 Aborted                 python -u -m neuroslm.train_dsl --arch "$ARCH_PATH" --model dsl_lm --preset "$PRESET" --data "$DATA" --mode "$MODE" --chat_ratio "$CHAT_RATIO" --steps "$STEPS" --batch "$BATCH" --seq_len "$SEQ_LEN" --d_sem "$D_SEM" --device cuda --log_every "$LOG_EVERY" --save_every "$SAVE_EVERY" --ckpt_dir "$CKPT_DIR" --resume
⚠ training exited with code 134 — restarting in 15s...
▶ launch attempt 17 @ 19:45:53Z
[train_dsl] preset rcc_bowtie_30m_p4: d_model=384 depth=4 heads=6 vocab=50257 lr=0.0003 warmup=300 min_ratio=0.1 wd=0.05
[train_dsl] DSL-LM: vocab=50257 d_model=384 depth=4 heads=6 ctx=1024
[train_dsl] training config: loss_clip=True(f=3.0), opt=adamw, lr=0.0003, grad_accum=4, label_smooth=0.05
[train_dsl] DSL-LM parameters: 45.7M
[train_dsl] mixed precision: bf16
BRIANHarness:
  vocab_size = 50257
  d_sem      = 384
  parameters = 45,678,720
  circuit populations = 0
  sink population = 
  loss clipping = True (factor=3.0)
  optimizer = adamw (lr=0.0003)
[train_dsl] device=cuda, warmup=300/10000
[train_dsl] resumed from /workspace/brian/lfs_checkpoints/dsl_arch_step10000.pt @ step 10000
[data:text] using FineWeb-Edu-10BT (HuggingFaceFW/fineweb-edu:sample-10BT)
[data:chat] using OpenHermes-2.5 (teknium/OpenHermes-2.5)
[train_dsl] done.
Fatal Python error: PyGILState_Release: thread state 0x7fe9581de090 must be current when releasing
Python runtime state: finalizing (tstate=0x0000000002646780)
Thread 0x00007feb1d75e740 (most recent call first):
  <no Python frame>
Extension modules: mkl._mklinit, mkl._py_mkl_service, numpy.core._multiarray_umath, numpy.core._multiarray_tests, numpy.linalg._umath_linalg, numpy.fft._pocketfft_internal, numpy.random._common, numpy.random.bit_generator, numpy.random._bounded_integers, numpy.random._mt19937, numpy.random.mtrand, numpy.random._philox, numpy.random._pcg64, numpy.random._sfc64, numpy.random._generator, torch._C, torch._C._fft, torch._C._linalg, torch._C._nested, torch._C._nn, torch._C._sparse, torch._C._special, 
scripts/vast_train_dsl_loop.sh: line 87:  1483 Aborted                 python -u -m neuroslm.train_dsl --arch "$ARCH_PATH" --model dsl_lm --preset "$PRESET" --data "$DATA" --mode "$MODE" --chat_ratio "$CHAT_RATIO" --steps "$STEPS" --batch "$BATCH" --seq_len "$SEQ_LEN" --d_sem "$D_SEM" --device cuda --log_every "$LOG_EVERY" --save_every "$SAVE_EVERY" --ckpt_dir "$CKPT_DIR" --resume
⚠ training exited with code 134 — restarting in 15s...
▶ launch attempt 18 @ 19:46:59Z
[train_dsl] preset rcc_bowtie_30m_p4: d_model=384 depth=4 heads=6 vocab=50257 lr=0.0003 warmup=300 min_ratio=0.1 wd=0.05
[train_dsl] DSL-LM: vocab=50257 d_model=384 depth=4 heads=6 ctx=1024
[train_dsl] training config: loss_clip=True(f=3.0), opt=adamw, lr=0.0003, grad_accum=4, label_smooth=0.05
[train_dsl] DSL-LM parameters: 45.7M
[train_dsl] mixed precision: bf16
BRIANHarness:
  vocab_size = 50257
  d_sem      = 384
  parameters = 45,678,720
  circuit populations = 0
  sink population = 
  loss clipping = True (factor=3.0)
  optimizer = adamw (lr=0.0003)
[train_dsl] device=cuda, warmup=300/10000
[train_dsl] resumed from /workspace/brian/lfs_checkpoints/dsl_arch_step10000.pt @ step 10000
[data:text] using FineWeb-Edu-10BT (HuggingFaceFW/fineweb-edu:sample-10BT)
[data:chat] using OpenHermes-2.5 (teknium/OpenHermes-2.5)
[train_dsl] done.
Fatal Python error: PyGILState_Release: thread state 0x7f8cd0002f70 must be current when releasing
Python runtime state: finalizing (tstate=0x00000000022c8780)
Thread 0x00007f8e93a6a740 (most recent call first):
  <no Python frame>
Extension modules: mkl._mklinit, mkl._py_mkl_service, numpy.core._multiarray_umath, numpy.core._multiarray_tests, numpy.linalg._umath_linalg, numpy.fft._pocketfft_internal, numpy.random._common, numpy.random.bit_generator, numpy.random._bounded_integers, numpy.random._mt19937, numpy.random.mtrand, numpy.random._philox, numpy.random._pcg64, numpy.random._sfc64, numpy.random._generator, torch._C, torch._C._fft, torch._C._linalg, torch._C._nested, torch._C._nn, torch._C._sparse, torch._C._special, 
scripts/vast_train_dsl_loop.sh: line 87:  1525 Aborted                 python -u -m neuroslm.train_dsl --arch "$ARCH_PATH" --model dsl_lm --preset "$PRESET" --data "$DATA" --mode "$MODE" --chat_ratio "$CHAT_RATIO" --steps "$STEPS" --batch "$BATCH" --seq_len "$SEQ_LEN" --d_sem "$D_SEM" --device cuda --log_every "$LOG_EVERY" --save_every "$SAVE_EVERY" --ckpt_dir "$CKPT_DIR" --resume
⚠ training exited with code 134 — restarting in 15s...
▶ launch attempt 19 @ 19:48:04Z
[train_dsl] preset rcc_bowtie_30m_p4: d_model=384 depth=4 heads=6 vocab=50257 lr=0.0003 warmup=300 min_ratio=0.1 wd=0.05
[train_dsl] DSL-LM: vocab=50257 d_model=384 depth=4 heads=6 ctx=1024
[train_dsl] training config: loss_clip=True(f=3.0), opt=adamw, lr=0.0003, grad_accum=4, label_smooth=0.05
[train_dsl] DSL-LM parameters: 45.7M
[train_dsl] mixed precision: bf16
BRIANHarness:
  vocab_size = 50257
  d_sem      = 384
  parameters = 45,678,720
  circuit populations = 0
  sink population = 
  loss clipping = True (factor=3.0)
  optimizer = adamw (lr=0.0003)
[train_dsl] device=cuda, warmup=300/10000
[train_dsl] resumed from /workspace/brian/lfs_checkpoints/dsl_arch_step10000.pt @ step 10000
[data:text] using FineWeb-Edu-10BT (HuggingFaceFW/fineweb-edu:sample-10BT)
[data:chat] using OpenHermes-2.5 (teknium/OpenHermes-2.5)
[train_dsl] done.
Fatal Python error: PyGILState_Release: thread state 0x7efb34002f70 must be current when releasing
Python runtime state: finalizing (tstate=0x0000000000f21780)
Thread 0x00007efcf9757740 (most recent call first):
  <no Python frame>
Extension modules: mkl._mklinit, mkl._py_mkl_service, numpy.core._multiarray_umath, numpy.core._multiarray_tests, numpy.linalg._umath_linalg, numpy.fft._pocketfft_internal, numpy.random._common, numpy.random.bit_generator, numpy.random._bounded_integers, numpy.random._mt19937, numpy.random.mtrand, numpy.random._philox, numpy.random._pcg64, numpy.random._sfc64, numpy.random._generator, torch._C, torch._C._fft, torch._C._linalg, torch._C._nested, torch._C._nn, torch._C._sparse, torch._C._special, 
scripts/vast_train_dsl_loop.sh: line 87:  1571 Aborted                 python -u -m neuroslm.train_dsl --arch "$ARCH_PATH" --model dsl_lm --preset "$PRESET" --data "$DATA" --mode "$MODE" --chat_ratio "$CHAT_RATIO" --steps "$STEPS" --batch "$BATCH" --seq_len "$SEQ_LEN" --d_sem "$D_SEM" --device cuda --log_every "$LOG_EVERY" --save_every "$SAVE_EVERY" --ckpt_dir "$CKPT_DIR" --resume
⚠ training exited with code 134 — restarting in 15s...
▶ launch attempt 20 @ 19:49:10Z
[train_dsl] preset rcc_bowtie_30m_p4: d_model=384 depth=4 heads=6 vocab=50257 lr=0.0003 warmup=300 min_ratio=0.1 wd=0.05
[train_dsl] DSL-LM: vocab=50257 d_model=384 depth=4 heads=6 ctx=1024
[train_dsl] training config: loss_clip=True(f=3.0), opt=adamw, lr=0.0003, grad_accum=4, label_smooth=0.05
[train_dsl] DSL-LM parameters: 45.7M
[train_dsl] mixed precision: bf16
BRIANHarness:
  vocab_size = 50257
  d_sem      = 384
  parameters = 45,678,720
  circuit populations = 0
  sink population = 
  loss clipping = True (factor=3.0)
  optimizer = adamw (lr=0.0003)
[train_dsl] device=cuda, warmup=300/10000
[train_dsl] resumed from /workspace/brian/lfs_checkpoints/dsl_arch_step10000.pt @ step 10000
[data:text] using FineWeb-Edu-10BT (HuggingFaceFW/fineweb-edu:sample-10BT)
[data:chat] using OpenHermes-2.5 (teknium/OpenHermes-2.5)
[train_dsl] done.
Fatal Python error: PyGILState_Release: thread state 0x7f1f14002f70 must be current when releasing
Python runtime state: finalizing (tstate=0x0000000002381780)
Thread 0x00007f20da40f740 (most recent call first):
  <no Python frame>
Extension modules: mkl._mklinit, mkl._py_mkl_service, numpy.core._multiarray_umath, numpy.core._multiarray_tests, numpy.linalg._umath_linalg, numpy.fft._pocketfft_internal, numpy.random._common, numpy.random.bit_generator, numpy.random._bounded_integers, numpy.random._mt19937, numpy.random.mtrand, numpy.random._philox, numpy.random._pcg64, numpy.random._sfc64, numpy.random._generator, torch._C, torch._C._fft, torch._C._linalg, torch._C._nested, torch._C._nn, torch._C._sparse, torch._C._special, 
scripts/vast_train_dsl_loop.sh: line 87:  1615 Aborted                 python -u -m neuroslm.train_dsl --arch "$ARCH_PATH" --model dsl_lm --preset "$PRESET" --data "$DATA" --mode "$MODE" --chat_ratio "$CHAT_RATIO" --steps "$STEPS" --batch "$BATCH" --seq_len "$SEQ_LEN" --d_sem "$D_SEM" --device cuda --log_every "$LOG_EVERY" --save_every "$SAVE_EVERY" --ckpt_dir "$CKPT_DIR" --resume
⚠ training exited with code 134 — restarting in 15s...
▶ launch attempt 21 @ 19:50:15Z
[train_dsl] preset rcc_bowtie_30m_p4: d_model=384 depth=4 heads=6 vocab=50257 lr=0.0003 warmup=300 min_ratio=0.1 wd=0.05
[train_dsl] DSL-LM: vocab=50257 d_model=384 depth=4 heads=6 ctx=1024
[train_dsl] training config: loss_clip=True(f=3.0), opt=adamw, lr=0.0003, grad_accum=4, label_smooth=0.05
[train_dsl] DSL-LM parameters: 45.7M
[train_dsl] mixed precision: bf16
BRIANHarness:
  vocab_size = 50257
  d_sem      = 384
  parameters = 45,678,720
  circuit populations = 0
  sink population = 
  loss clipping = True (factor=3.0)
  optimizer = adamw (lr=0.0003)
[train_dsl] device=cuda, warmup=300/10000
[train_dsl] resumed from /workspace/brian/lfs_checkpoints/dsl_arch_step10000.pt @ step 10000
[data:text] using FineWeb-Edu-10BT (HuggingFaceFW/fineweb-edu:sample-10BT)
[data:chat] using OpenHermes-2.5 (teknium/OpenHermes-2.5)
[train_dsl] done.
Fatal Python error: PyGILState_Release: thread state 0x7f5ee4002f70 must be current when releasing
Python runtime state: finalizing (tstate=0x0000000000804780)
Thread 0x00007f60a8a19740 (most recent call first):
  <no Python frame>
Extension modules: mkl._mklinit, mkl._py_mkl_service, numpy.core._multiarray_umath, numpy.core._multiarray_tests, numpy.linalg._umath_linalg, numpy.fft._pocketfft_internal, numpy.random._common, numpy.random.bit_generator, numpy.random._bounded_integers, numpy.random._mt19937, numpy.random.mtrand, numpy.random._philox, numpy.random._pcg64, numpy.random._sfc64, numpy.random._generator, torch._C, torch._C._fft, torch._C._linalg, torch._C._nested, torch._C._nn, torch._C._sparse, torch._C._special, 
scripts/vast_train_dsl_loop.sh: line 87:  1656 Aborted                 python -u -m neuroslm.train_dsl --arch "$ARCH_PATH" --model dsl_lm --preset "$PRESET" --data "$DATA" --mode "$MODE" --chat_ratio "$CHAT_RATIO" --steps "$STEPS" --batch "$BATCH" --seq_len "$SEQ_LEN" --d_sem "$D_SEM" --device cuda --log_every "$LOG_EVERY" --save_every "$SAVE_EVERY" --ckpt_dir "$CKPT_DIR" --resume
⚠ training exited with code 134 — restarting in 15s...
▶ launch attempt 22 @ 19:51:21Z
[train_dsl] preset rcc_bowtie_30m_p4: d_model=384 depth=4 heads=6 vocab=50257 lr=0.0003 warmup=300 min_ratio=0.1 wd=0.05
[train_dsl] DSL-LM: vocab=50257 d_model=384 depth=4 heads=6 ctx=1024
[train_dsl] training config: loss_clip=True(f=3.0), opt=adamw, lr=0.0003, grad_accum=4, label_smooth=0.05
[train_dsl] DSL-LM parameters: 45.7M
[train_dsl] mixed precision: bf16
BRIANHarness:
  vocab_size = 50257
  d_sem      = 384
  parameters = 45,678,720
  circuit populations = 0
  sink population = 
  loss clipping = True (factor=3.0)
  optimizer = adamw (lr=0.0003)
[train_dsl] device=cuda, warmup=300/10000
[train_dsl] resumed from /workspace/brian/lfs_checkpoints/dsl_arch_step10000.pt @ step 10000
[data:text] using FineWeb-Edu-10BT (HuggingFaceFW/fineweb-edu:sample-10BT)
[data:chat] using OpenHermes-2.5 (teknium/OpenHermes-2.5)
[train_dsl] done.
Fatal Python error: PyGILState_Release: thread state 0x7f5548002f70 must be current when releasing
Python runtime state: finalizing (tstate=0x0000000000e34780)
Thread 0x00007f570ce5a740 (most recent call first):
  <no Python frame>
Extension modules: mkl._mklinit, mkl._py_mkl_service, numpy.core._multiarray_umath, numpy.core._multiarray_tests, numpy.linalg._umath_linalg, numpy.fft._pocketfft_internal, numpy.random._common, numpy.random.bit_generator, numpy.random._bounded_integers, numpy.random._mt19937, numpy.random.mtrand, numpy.random._philox, numpy.random._pcg64, numpy.random._sfc64, numpy.random._generator, torch._C, torch._C._fft, torch._C._linalg, torch._C._nested, torch._C._nn, torch._C._sparse, torch._C._special, 
scripts/vast_train_dsl_loop.sh: line 87:  1700 Aborted                 python -u -m neuroslm.train_dsl --arch "$ARCH_PATH" --model dsl_lm --preset "$PRESET" --data "$DATA" --mode "$MODE" --chat_ratio "$CHAT_RATIO" --steps "$STEPS" --batch "$BATCH" --seq_len "$SEQ_LEN" --d_sem "$D_SEM" --device cuda --log_every "$LOG_EVERY" --save_every "$SAVE_EVERY" --ckpt_dir "$CKPT_DIR" --resume
⚠ training exited with code 134 — restarting in 15s...
▶ launch attempt 23 @ 19:52:27Z
[train_dsl] preset rcc_bowtie_30m_p4: d_model=384 depth=4 heads=6 vocab=50257 lr=0.0003 warmup=300 min_ratio=0.1 wd=0.05
[train_dsl] DSL-LM: vocab=50257 d_model=384 depth=4 heads=6 ctx=1024
[train_dsl] training config: loss_clip=True(f=3.0), opt=adamw, lr=0.0003, grad_accum=4, label_smooth=0.05
[train_dsl] DSL-LM parameters: 45.7M
[train_dsl] mixed precision: bf16
BRIANHarness:
  vocab_size = 50257
  d_sem      = 384
  parameters = 45,678,720
  circuit populations = 0
  sink population = 
  loss clipping = True (factor=3.0)
  optimizer = adamw (lr=0.0003)
[train_dsl] device=cuda, warmup=300/10000
[train_dsl] resumed from /workspace/brian/lfs_checkpoints/dsl_arch_step10000.pt @ step 10000
[data:text] using FineWeb-Edu-10BT (HuggingFaceFW/fineweb-edu:sample-10BT)
[data:chat] using OpenHermes-2.5 (teknium/OpenHermes-2.5)
[train_dsl] done.
Fatal Python error: PyGILState_Release: thread state 0x7fa8480fb060 must be current when releasing
Python runtime state: finalizing (tstate=0x00000000021ba780)
Thread 0x00007faa0d1f8740 (most recent call first):
  <no Python frame>
Extension modules: mkl._mklinit, mkl._py_mkl_service, numpy.core._multiarray_umath, numpy.core._multiarray_tests, numpy.linalg._umath_linalg, numpy.fft._pocketfft_internal, numpy.random._common, numpy.random.bit_generator, numpy.random._bounded_integers, numpy.random._mt19937, numpy.random.mtrand, numpy.random._philox, numpy.random._pcg64, numpy.random._sfc64, numpy.random._generator, torch._C, torch._C._fft, torch._C._linalg, torch._C._nested, torch._C._nn, torch._C._sparse, torch._C._special, 
scripts/vast_train_dsl_loop.sh: line 87:  1743 Aborted                 python -u -m neuroslm.train_dsl --arch "$ARCH_PATH" --model dsl_lm --preset "$PRESET" --data "$DATA" --mode "$MODE" --chat_ratio "$CHAT_RATIO" --steps "$STEPS" --batch "$BATCH" --seq_len "$SEQ_LEN" --d_sem "$D_SEM" --device cuda --log_every "$LOG_EVERY" --save_every "$SAVE_EVERY" --ckpt_dir "$CKPT_DIR" --resume
⚠ training exited with code 134 — restarting in 15s...
▶ launch attempt 24 @ 19:53:33Z
[train_dsl] preset rcc_bowtie_30m_p4: d_model=384 depth=4 heads=6 vocab=50257 lr=0.0003 warmup=300 min_ratio=0.1 wd=0.05
[train_dsl] DSL-LM: vocab=50257 d_model=384 depth=4 heads=6 ctx=1024
[train_dsl] training config: loss_clip=True(f=3.0), opt=adamw, lr=0.0003, grad_accum=4, label_smooth=0.05
[train_dsl] DSL-LM parameters: 45.7M
[train_dsl] mixed precision: bf16
BRIANHarness:
  vocab_size = 50257
  d_sem      = 384
  parameters = 45,678,720
  circuit populations = 0
  sink population = 
  loss clipping = True (factor=3.0)
  optimizer = adamw (lr=0.0003)
[train_dsl] device=cuda, warmup=300/10000
[train_dsl] resumed from /workspace/brian/lfs_checkpoints/dsl_arch_step10000.pt @ step 10000
[data:text] using FineWeb-Edu-10BT (HuggingFaceFW/fineweb-edu:sample-10BT)
[data:chat] using OpenHermes-2.5 (teknium/OpenHermes-2.5)
[train_dsl] done.
Fatal Python error: PyGILState_Release: thread state 0x7fc6d4002f70 must be current when releasing
Python runtime state: finalizing (tstate=0x0000000001656780)
Thread 0x00007fc89a071740 (most recent call first):
  <no Python frame>
Extension modules: mkl._mklinit, mkl._py_mkl_service, numpy.core._multiarray_umath, numpy.core._multiarray_tests, numpy.linalg._umath_linalg, numpy.fft._pocketfft_internal, numpy.random._common, numpy.random.bit_generator, numpy.random._bounded_integers, numpy.random._mt19937, numpy.random.mtrand, numpy.random._philox, numpy.random._pcg64, numpy.random._sfc64, numpy.random._generator, torch._C, torch._C._fft, torch._C._linalg, torch._C._nested, torch._C._nn, torch._C._sparse, torch._C._special, 
scripts/vast_train_dsl_loop.sh: line 87:  1788 Aborted                 python -u -m neuroslm.train_dsl --arch "$ARCH_PATH" --model dsl_lm --preset "$PRESET" --data "$DATA" --mode "$MODE" --chat_ratio "$CHAT_RATIO" --steps "$STEPS" --batch "$BATCH" --seq_len "$SEQ_LEN" --d_sem "$D_SEM" --device cuda --log_every "$LOG_EVERY" --save_every "$SAVE_EVERY" --ckpt_dir "$CKPT_DIR" --resume
⚠ training exited with code 134 — restarting in 15s...
▶ launch attempt 25 @ 19:54:38Z
[train_dsl] preset rcc_bowtie_30m_p4: d_model=384 depth=4 heads=6 vocab=50257 lr=0.0003 warmup=300 min_ratio=0.1 wd=0.05
[train_dsl] DSL-LM: vocab=50257 d_model=384 depth=4 heads=6 ctx=1024
[train_dsl] training config: loss_clip=True(f=3.0), opt=adamw, lr=0.0003, grad_accum=4, label_smooth=0.05
[train_dsl] DSL-LM parameters: 45.7M
[train_dsl] mixed precision: bf16
BRIANHarness:
  vocab_size = 50257
  d_sem      = 384
  parameters = 45,678,720
  circuit populations = 0
  sink population = 
  loss clipping = True (factor=3.0)
  optimizer = adamw (lr=0.0003)
[train_dsl] device=cuda, warmup=300/10000
[train_dsl] resumed from /workspace/brian/lfs_checkpoints/dsl_arch_step10000.pt @ step 10000
[data:text] using FineWeb-Edu-10BT (HuggingFaceFW/fineweb-edu:sample-10BT)
[data:chat] using OpenHermes-2.5 (teknium/OpenHermes-2.5)
[train_dsl] done.
Fatal Python error: PyGILState_Release: thread state 0x7fd01c002f70 must be current when releasing
Python runtime state: finalizing (tstate=0x000000000238a780)
Thread 0x00007fd1e06ed740 (most recent call first):
  <no Python frame>
Extension modules: mkl._mklinit, mkl._py_mkl_service, numpy.core._multiarray_umath, numpy.core._multiarray_tests, numpy.linalg._umath_linalg, numpy.fft._pocketfft_internal, numpy.random._common, numpy.random.bit_generator, numpy.random._bounded_integers, numpy.random._mt19937, numpy.random.mtrand, numpy.random._philox, numpy.random._pcg64, numpy.random._sfc64, numpy.random._generator, torch._C, torch._C._fft, torch._C._linalg, torch._C._nested, torch._C._nn, torch._C._sparse, torch._C._special, 
scripts/vast_train_dsl_loop.sh: line 87:  1830 Aborted                 python -u -m neuroslm.train_dsl --arch "$ARCH_PATH" --model dsl_lm --preset "$PRESET" --data "$DATA" --mode "$MODE" --chat_ratio "$CHAT_RATIO" --steps "$STEPS" --batch "$BATCH" --seq_len "$SEQ_LEN" --d_sem "$D_SEM" --device cuda --log_every "$LOG_EVERY" --save_every "$SAVE_EVERY" --ckpt_dir "$CKPT_DIR" --resume
⚠ training exited with code 134 — restarting in 15s...
▶ launch attempt 26 @ 19:55:44Z
[train_dsl] preset rcc_bowtie_30m_p4: d_model=384 depth=4 heads=6 vocab=50257 lr=0.0003 warmup=300 min_ratio=0.1 wd=0.05
[train_dsl] DSL-LM: vocab=50257 d_model=384 depth=4 heads=6 ctx=1024
[train_dsl] training config: loss_clip=True(f=3.0), opt=adamw, lr=0.0003, grad_accum=4, label_smooth=0.05
[train_dsl] DSL-LM parameters: 45.7M
[train_dsl] mixed precision: bf16
BRIANHarness:
  vocab_size = 50257
  d_sem      = 384
  parameters = 45,678,720
  circuit populations = 0
  sink population = 
  loss clipping = True (factor=3.0)
  optimizer = adamw (lr=0.0003)
[train_dsl] device=cuda, warmup=300/10000
[train_dsl] resumed from /workspace/brian/lfs_checkpoints/dsl_arch_step10000.pt @ step 10000
[data:text] using FineWeb-Edu-10BT (HuggingFaceFW/fineweb-edu:sample-10BT)
[data:chat] using OpenHermes-2.5 (teknium/OpenHermes-2.5)
[train_dsl] done.
Fatal Python error: PyGILState_Release: thread state 0x7f7c901ca630 must be current when releasing
Python runtime state: finalizing (tstate=0x0000000001c92780)
Thread 0x00007f7e570ea740 (most recent call first):
  <no Python frame>
Extension modules: mkl._mklinit, mkl._py_mkl_service, numpy.core._multiarray_umath, numpy.core._multiarray_tests, numpy.linalg._umath_linalg, numpy.fft._pocketfft_internal, numpy.random._common, numpy.random.bit_generator, numpy.random._bounded_integers, numpy.random._mt19937, numpy.random.mtrand, numpy.random._philox, numpy.random._pcg64, numpy.random._sfc64, numpy.random._generator, torch._C, torch._C._fft, torch._C._linalg, torch._C._nested, torch._C._nn, torch._C._sparse, torch._C._special, 
scripts/vast_train_dsl_loop.sh: line 87:  1873 Aborted                 python -u -m neuroslm.train_dsl --arch "$ARCH_PATH" --model dsl_lm --preset "$PRESET" --data "$DATA" --mode "$MODE" --chat_ratio "$CHAT_RATIO" --steps "$STEPS" --batch "$BATCH" --seq_len "$SEQ_LEN" --d_sem "$D_SEM" --device cuda --log_every "$LOG_EVERY" --save_every "$SAVE_EVERY" --ckpt_dir "$CKPT_DIR" --resume
⚠ training exited with code 134 — restarting in 15s...
▶ launch attempt 27 @ 19:56:49Z
[train_dsl] preset rcc_bowtie_30m_p4: d_model=384 depth=4 heads=6 vocab=50257 lr=0.0003 warmup=300 min_ratio=0.1 wd=0.05
[train_dsl] DSL-LM: vocab=50257 d_model=384 depth=4 heads=6 ctx=1024
[train_dsl] training config: loss_clip=True(f=3.0), opt=adamw, lr=0.0003, grad_accum=4, label_smooth=0.05
[train_dsl] DSL-LM parameters: 45.7M
[train_dsl] mixed precision: bf16
BRIANHarness:
  vocab_size = 50257
  d_sem      = 384
  parameters = 45,678,720
  circuit populations = 0
  sink population = 
  loss clipping = True (factor=3.0)
  optimizer = adamw (lr=0.0003)
[train_dsl] device=cuda, warmup=300/10000
[train_dsl] resumed from /workspace/brian/lfs_checkpoints/dsl_arch_step10000.pt @ step 10000
[data:text] using FineWeb-Edu-10BT (HuggingFaceFW/fineweb-edu:sample-10BT)
[data:chat] using OpenHermes-2.5 (teknium/OpenHermes-2.5)
[train_dsl] done.
Fatal Python error: PyGILState_Release: thread state 0x7fe1c01d8cc0 must be current when releasing
Python runtime state: finalizing (tstate=0x0000000001a4c780)
Thread 0x00007fe384098740 (most recent call first):
  <no Python frame>
Extension modules: mkl._mklinit, mkl._py_mkl_service, numpy.core._multiarray_umath, numpy.core._multiarray_tests, numpy.linalg._umath_linalg, numpy.fft._pocketfft_internal, numpy.random._common, numpy.random.bit_generator, numpy.random._bounded_integers, numpy.random._mt19937, numpy.random.mtrand, numpy.random._philox, numpy.random._pcg64, numpy.random._sfc64, numpy.random._generator, torch._C, torch._C._fft, torch._C._linalg, torch._C._nested, torch._C._nn, torch._C._sparse, torch._C._special, 
scripts/vast_train_dsl_loop.sh: line 87:  1916 Aborted                 python -u -m neuroslm.train_dsl --arch "$ARCH_PATH" --model dsl_lm --preset "$PRESET" --data "$DATA" --mode "$MODE" --chat_ratio "$CHAT_RATIO" --steps "$STEPS" --batch "$BATCH" --seq_len "$SEQ_LEN" --d_sem "$D_SEM" --device cuda --log_every "$LOG_EVERY" --save_every "$SAVE_EVERY" --ckpt_dir "$CKPT_DIR" --resume
⚠ training exited with code 134 — restarting in 15s...
▶ launch attempt 28 @ 19:57:55Z
[train_dsl] preset rcc_bowtie_30m_p4: d_model=384 depth=4 heads=6 vocab=50257 lr=0.0003 warmup=300 min_ratio=0.1 wd=0.05
[train_dsl] DSL-LM: vocab=50257 d_model=384 depth=4 heads=6 ctx=1024
[train_dsl] training config: loss_clip=True(f=3.0), opt=adamw, lr=0.0003, grad_accum=4, label_smooth=0.05
[train_dsl] DSL-LM parameters: 45.7M
[train_dsl] mixed precision: bf16
BRIANHarness:
  vocab_size = 50257
  d_sem      = 384
  parameters = 45,678,720
  circuit populations = 0
  sink population = 
  loss clipping = True (factor=3.0)
  optimizer = adamw (lr=0.0003)
[train_dsl] device=cuda, warmup=300/10000
[train_dsl] resumed from /workspace/brian/lfs_checkpoints/dsl_arch_step10000.pt @ step 10000
[data:text] using FineWeb-Edu-10BT (HuggingFaceFW/fineweb-edu:sample-10BT)
[data:chat] using OpenHermes-2.5 (teknium/OpenHermes-2.5)
[train_dsl] done.
✓ training reached target (10000 steps). Done.
── stopping log-pusher ──
[log_pusher] watching /workspace/train.log → logs/vast/5a008171e4d5__neuroslm-full.log (every 1s)
[log_pusher] 19:58:46Z log unchanged, skipping
[log_pusher] 19:58:47Z log unchanged, skipping
[log_pusher] 19:58:48Z log unchanged, skipping
[log_pusher] 19:58:49Z log unchanged, skipping
[log_pusher] 19:58:50Z log unchanged, skipping
[log_pusher] 19:58:51Z log unchanged, skipping
[log_pusher] 19:58:52Z log unchanged, skipping
[log_pusher] 19:58:53Z log unchanged, skipping
[log_pusher] 19:58:54Z log unchanged, skipping
[log_pusher] 19:58:55Z log unchanged, skipping
[log_pusher] 19:58:56Z log unchanged, skipping
[log_pusher] 19:58:57Z log unchanged, skipping
[log_pusher] 19:58:58Z log unchanged, skipping
[log_pusher] 19:58:59Z log unchanged, skipping
[log_pusher] 19:59:00Z log unchanged, skipping
[log_pusher] 19:59:01Z log unchanged, skipping
[log_pusher] 19:59:02Z log unchanged, skipping
[log_pusher] 19:59:03Z log unchanged, skipping
[log_pusher] 19:59:04Z log unchanged, skipping
[log_pusher] 19:59:05Z log unchanged, skipping
[log_pusher] 19:59:06Z log unchanged, skipping
[log_pusher] 19:59:07Z log unchanged, skipping
[log_pusher] 19:59:08Z log unchanged, skipping
[log_pusher] 19:59:09Z log unchanged, skipping
[log_pusher] 19:59:10Z log unchanged, skipping
[log_pusher] 19:59:11Z log unchanged, skipping
[log_pusher] 19:59:12Z log unchanged, skipping
[log_pusher] 19:59:13Z log unchanged, skipping
[log_pusher] 19:59:14Z log unchanged, skipping
[log_pusher] 19:59:15Z log unchanged, skipping
[log_pusher] 19:59:16Z log unchanged, skipping
[log_pusher] 19:59:17Z log unchanged, skipping
[log_pusher] 19:59:18Z log unchanged, skipping
[log_pusher] 19:59:19Z log unchanged, skipping
[log_pusher] 19:59:20Z log unchanged, skipping
[log_pusher] 19:59:21Z log unchanged, skipping
[log_pusher] 19:59:22Z log unchanged, skipping
[log_pusher] 19:59:23Z log unchanged, skipping
[log_pusher] 19:59:24Z log unchanged, skipping
[log_pusher] 19:59:25Z log unchanged, skipping
[log_pusher] 19:59:26Z log unchanged, skipping
[log_pusher] 19:59:27Z log unchanged, skipping
[log_pusher] 19:59:28Z log unchanged, skipping
[log_pusher] 19:59:29Z log unchanged, skipping
[log_pusher] 19:59:30Z log unchanged, skipping
[log_pusher] 19:59:31Z log unchanged, skipping
[log_pusher] 19:59:32Z log unchanged, skipping
[log_pusher] 19:59:33Z log unchanged, skipping
[log_pusher] 19:59:34Z log unchanged, skipping
[log_pusher] 19:59:35Z log unchanged, skipping
[log_pusher] 19:59:36Z log unchanged, skipping
[log_pusher] 19:59:37Z log unchanged, skipping
[log_pusher] 19:59:38Z log unchanged, skipping
[log_pusher] 19:59:39Z log unchanged, skipping
[log_pusher] 19:59:40Z log unchanged, skipping
[log_pusher] 19:59:41Z log unchanged, skipping
[log_pusher] 19:59:42Z log unchanged, skipping
[log_pusher] 19:59:43Z log unchanged, skipping
[log_pusher] 19:59:44Z log unchanged, skipping
final log push timed out
── training exited; instance idle. Destroy with: vastai destroy instance 5a008171e4d5 ──

