════════════════════════════════════════════════════════════════
  DSL-driven training loop
  arch=rcc_bowtie (folder: architectures/rcc_bowtie)
  steps=40000 batch=16 seq_len=2048 d_sem=384
  ckpt_dir=/workspace/brian/lfs_checkpoints
════════════════════════════════════════════════════════════════

▶ launch attempt 1 @ 20:02:06Z
[train_dsl] preset rcc_bowtie_30m_p4: d_model=384 depth=4 heads=6 vocab=50257 lr=0.0003 warmup=300 min_ratio=0.1 wd=0.05
[train_dsl] scale 100m (~~110M): d_model=768 depth=10 heads=12 batch=8 ctx=2048 grad_accum=2 dist=single
[train_dsl] DSL-LM (full N8 cortex): vocab=50257 d_model=768 depth=10 heads=12 ctx=2048
[train_dsl] training config: loss_clip=True(f=3.0), opt=adamw, lr=0.0003, grad_accum=1, label_smooth=0.05, wd=0.1, dropout=0.0, pct_strength=0.0
[train_dsl] DSL-LM parameters: 204.0M
[train_dsl] mixed precision: bf16
BRIANHarness:
  vocab_size = 50257
  d_sem      = 768
  parameters = 203,980,492
  circuit populations = 0
  sink population = 
  loss clipping = True (factor=3.0)
  optimizer = adamw (lr=0.0003)
[train_dsl] device=cuda, warmup=300/40000
[train_dsl] skipping 15 LFS pointer file(s) in /workspace/brian/lfs_checkpoints
[data:text] using FineWeb-Edu-10BT (HuggingFaceFW/fineweb-edu:sample-10BT)
[data:chat] using OpenHermes-2.5 (teknium/OpenHermes-2.5)
step    20 | loss 10.6950 | lm 10.6950 | ppl 44134.7 | gnorm 2.727 | lr 2.00e-05 | 29413 tok/s | Φ 0.705 | λ₁ 0.046 | ign 0.33 | mesoLG 0.51 | troph 10/10 μ0.98 | NT[DA=0.15 NE=0.20 5HT=0.35 ACh=0.25 eCB=0.10 Glu=0.45 GABA=0.15] | osc[δ=0.613 θ=0.221 γ=0.166]
step    40 | loss 10.1915 | lm 10.1915 | ppl 26676.6 | gnorm 2.467 | lr 4.00e-05 | 31480 tok/s | Φ 0.405 | λ₁ 0.046 | ign 0.28 | mesoLG 0.51 | troph 10/10 μ1.82 | NT[DA=0.15 NE=0.20 5HT=0.35 ACh=0.25 eCB=0.10 Glu=0.45 GABA=0.15] | osc[δ=0.657 θ=0.183 γ=0.161]
step    60 | loss 9.5261 | lm 9.5261 | ppl 13713.2 | gnorm 2.411 | lr 6.00e-05 | 31463 tok/s | Φ 0.164 | λ₁ 0.046 | ign 0.23 | mesoLG 0.51 | troph 10/10 μ2.86 | NT[DA=0.15 NE=0.20 5HT=0.35 ACh=0.25 eCB=0.10 Glu=0.45 GABA=0.15] | osc[δ=0.715 θ=0.169 γ=0.116]
step    80 | loss 8.7663 | lm 8.7663 | ppl 6414.4 | gnorm 3.022 | lr 8.00e-05 | 31335 tok/s | Φ 0.060 | λ₁ 0.046 | ign 0.24 | mesoLG 0.52 | troph 10/10 μ3.86 | NT[DA=0.15 NE=0.20 5HT=0.35 ACh=0.25 eCB=0.10 Glu=0.45 GABA=0.15] | osc[δ=0.705 θ=0.162 γ=0.134]
step   100 | loss 8.0281 | lm 8.0281 | ppl 3065.9 | gnorm 1.770 | lr 1.00e-04 | 31467 tok/s | Φ 0.029 | λ₁ 0.046 | ign 0.44 | mesoLG 0.52 | troph 10/10 μ4.64 | NT[DA=0.15 NE=0.20 5HT=0.35 ACh=0.25 eCB=0.10 Glu=0.45 GABA=0.15] | osc[δ=0.672 θ=0.180 γ=0.149]
step   120 | loss 7.5939 | lm 7.5939 | ppl 1986.0 | gnorm 1.025 | lr 1.20e-04 | 31483 tok/s | Φ 0.031 | λ₁ 0.046 | ign 0.55 | mesoLG 0.51 | troph 10/10 μ5.19 | NT[DA=0.15 NE=0.20 5HT=0.35 ACh=0.25 eCB=0.10 Glu=0.45 GABA=0.15] | osc[δ=0.727 θ=0.170 γ=0.103]
step   140 | loss 7.3886 | lm 7.3886 | ppl 1617.4 | gnorm 1.926 | lr 1.40e-04 | 31505 tok/s | Φ 0.039 | λ₁ 0.046 | ign 0.86 | mesoLG 0.51 | troph 10/10 μ5.24 | NT[DA=0.15 NE=0.20 5HT=0.35 ACh=0.25 eCB=0.10 Glu=0.45 GABA=0.15] | osc[δ=0.741 θ=0.144 γ=0.116]
step   160 | loss 7.3889 | lm 7.3889 | ppl 1618.0 | gnorm 1.172 | lr 1.60e-04 | 31501 tok/s | Φ 0.030 | λ₁ 0.046 | ign 0.78 | mesoLG 0.51 | troph 10/10 μ6.43 | NT[DA=0.15 NE=0.20 5HT=0.35 ACh=0.25 eCB=0.10 Glu=0.45 GABA=0.15] | osc[δ=0.565 θ=0.270 γ=0.165]
step   180 | loss 7.2835 | lm 7.2835 | ppl 1456.1 | gnorm 1.308 | lr 1.80e-04 | 31474 tok/s | Φ 0.043 | λ₁ 0.046 | ign 0.81 | mesoLG 0.50 | troph 10/10 μ6.29 | NT[DA=0.15 NE=0.20 5HT=0.35 ACh=0.25 eCB=0.10 Glu=0.45 GABA=0.15] | osc[δ=0.620 θ=0.232 γ=0.147]
step   200 | loss 7.2158 | lm 7.2158 | ppl 1360.8 | gnorm 1.530 | lr 2.00e-04 | 31492 tok/s | Φ 0.049 | λ₁ 0.046 | ign 0.83 | mesoLG 0.49 | troph 10/10 μ5.83 | NT[DA=0.15 NE=0.20 5HT=0.35 ACh=0.25 eCB=0.10 Glu=0.45 GABA=0.15] | osc[δ=0.656 θ=0.207 γ=0.137]
step   220 | loss 7.0765 | lm 7.0765 | ppl 1183.8 | gnorm 2.130 | lr 2.20e-04 | 31475 tok/s | Φ 0.049 | λ₁ 0.046 | ign 0.84 | mesoLG 0.51 | troph 10/10 μ5.71 | NT[DA=0.15 NE=0.20 5HT=0.35 ACh=0.25 eCB=0.10 Glu=0.45 GABA=0.15] | osc[δ=0.704 θ=0.133 γ=0.164]
Traceback (most recent call last):
  File "/opt/conda/lib/python3.10/runpy.py", line 196, in _run_module_as_main
    return _run_code(code, main_globals, None,
  File "/opt/conda/lib/python3.10/runpy.py", line 86, in _run_code
    exec(code, run_globals)
  File "/workspace/brian/neuroslm/train_dsl.py", line 732, in <module>
    main()
  File "/workspace/brian/neuroslm/train_dsl.py", line 721, in main
    train(
  File "/workspace/brian/neuroslm/train_dsl.py", line 492, in train
    loss = harness.train_step(ids, targets)
  File "/workspace/brian/neuroslm/harness.py", line 661, in train_step
    loss = self.compute_loss(ids, targets, nt_levels=nt_levels)
  File "/workspace/brian/neuroslm/harness.py", line 409, in compute_loss
    logits = self(ids, nt_levels=nt_levels)
  File "/opt/conda/lib/python3.10/site-packages/torch/nn/modules/module.py", line 1532, in _wrapped_call_impl
    return self._call_impl(*args, **kwargs)
  File "/opt/conda/lib/python3.10/site-packages/torch/nn/modules/module.py", line 1541, in _call_impl
    return forward_call(*args, **kwargs)
  File "/workspace/brian/neuroslm/harness.py", line 325, in forward
    logits = self.language_model(ids)
  File "/opt/conda/lib/python3.10/site-packages/torch/nn/modules/module.py", line 1532, in _wrapped_call_impl
    return self._call_impl(*args, **kwargs)
  File "/opt/conda/lib/python3.10/site-packages/torch/nn/modules/module.py", line 1541, in _call_impl
    return forward_call(*args, **kwargs)
  File "/workspace/brian/neuroslm/dsl/nn_lang.py", line 814, in forward
    h = blk(h)
  File "/opt/conda/lib/python3.10/site-packages/torch/nn/modules/module.py", line 1532, in _wrapped_call_impl
    return self._call_impl(*args, **kwargs)
  File "/opt/conda/lib/python3.10/site-packages/torch/nn/modules/module.py", line 1541, in _call_impl
    return forward_call(*args, **kwargs)
  File "<nn_lang:DiffBlock>", line 18, in forward
  File "/workspace/brian/neuroslm/dsl/nn_ops.py", line 449, in differential_attention
    attn1 = F.softmax(attn1.masked_fill(causal_mask, float("-inf")), dim=-1)
  File "/opt/conda/lib/python3.10/site-packages/torch/nn/functional.py", line 1885, in softmax
    ret = input.softmax(dim)
torch.cuda.OutOfMemoryError: CUDA out of memory. Tried to allocate 3.00 GiB. GPU 
