════════════════════════════════════════════════════════════════
  DSL-driven training loop
  arch=rcc_bowtie (folder: architectures/rcc_bowtie)
  steps=40000 batch=16 seq_len=2048 d_sem=384
  ckpt_dir=/workspace/brian/lfs_checkpoints
════════════════════════════════════════════════════════════════

▶ launch attempt 1 @ 20:30:32Z
[train_dsl] preset rcc_bowtie_30m_p4: d_model=384 depth=4 heads=6 vocab=50257 lr=0.0003 warmup=300 min_ratio=0.1 wd=0.05
[train_dsl] scale 100m (~~110M): d_model=768 depth=10 heads=12 batch=4 ctx=2048 grad_accum=4 dist=single
[train_dsl] DSL-LM (full N8 cortex): vocab=50257 d_model=768 depth=10 heads=12 ctx=2048
[train_dsl] training config: loss_clip=True(f=3.0), opt=adamw, lr=0.0003, grad_accum=1, label_smooth=0.05, wd=0.1, dropout=0.0, pct_strength=0.0
[train_dsl] DSL-LM parameters: 204.0M
[train_dsl] mixed precision: bf16
BRIANHarness:
  vocab_size = 50257
  d_sem      = 768
  parameters = 203,980,492
  circuit populations = 0
  sink population = 
  loss clipping = True (factor=3.0)
  optimizer = adamw (lr=0.0003)
[train_dsl] device=cuda, warmup=300/40000
[train_dsl] skipping 15 LFS pointer file(s) in /workspace/brian/lfs_checkpoints
[data:text] using FineWeb-Edu-10BT (HuggingFaceFW/fineweb-edu:sample-10BT)
[data:chat] using OpenHermes-2.5 (teknium/OpenHermes-2.5)
step    20 | loss 10.7020 | lm 10.7020 | ppl 44444.3 | gnorm 2.727 | lr 2.00e-05 | 29159 tok/s | Φ 0.708 | λ₁ 0.046 | ign 0.33 | mesoLG 0.51 | troph 10/10 μ0.98 | NT[DA=0.15 NE=0.20 5HT=0.35 ACh=0.25 eCB=0.10 Glu=0.45 GABA=0.15] | osc[δ=0.613 θ=0.220 γ=0.166]
step    40 | loss 10.1990 | lm 10.1990 | ppl 26877.6 | gnorm 2.467 | lr 4.00e-05 | 31724 tok/s | Φ 0.406 | λ₁ 0.046 | ign 0.28 | mesoLG 0.51 | troph 10/10 μ1.82 | NT[DA=0.15 NE=0.20 5HT=0.35 ACh=0.25 eCB=0.10 Glu=0.45 GABA=0.15] | osc[δ=0.657 θ=0.183 γ=0.161]
step    60 | loss 9.5336 | lm 9.5336 | ppl 13815.9 | gnorm 2.411 | lr 6.00e-05 | 31727 tok/s | Φ 0.164 | λ₁ 0.046 | ign 0.22 | mesoLG 0.51 | troph 10/10 μ2.86 | NT[DA=0.15 NE=0.20 5HT=0.35 ACh=0.25 eCB=0.10 Glu=0.45 GABA=0.15] | osc[δ=0.715 θ=0.169 γ=0.115]
step    80 | loss 8.7736 | lm 8.7736 | ppl 6461.2 | gnorm 3.022 | lr 8.00e-05 | 31478 tok/s | Φ 0.060 | λ₁ 0.046 | ign 0.24 | mesoLG 0.52 | troph 10/10 μ3.86 | NT[DA=0.15 NE=0.20 5HT=0.35 ACh=0.25 eCB=0.10 Glu=0.45 GABA=0.15] | osc[δ=0.705 θ=0.162 γ=0.134]
step   100 | loss 8.0349 | lm 8.0349 | ppl 3086.9 | gnorm 1.764 | lr 1.00e-04 | 31740 tok/s | Φ 0.029 | λ₁ 0.046 | ign 0.43 | mesoLG 0.52 | troph 10/10 μ4.64 | NT[DA=0.15 NE=0.20 5HT=0.35 ACh=0.25 eCB=0.10 Glu=0.45 GABA=0.15] | osc[δ=0.672 θ=0.180 γ=0.148]
step   120 | loss 7.6018 | lm 7.6018 | ppl 2001.8 | gnorm 0.969 | lr 1.20e-04 | 31753 tok/s | Φ 0.030 | λ₁ 0.046 | ign 0.46 | mesoLG 0.51 | troph 10/10 μ5.20 | NT[DA=0.15 NE=0.20 5HT=0.35 ACh=0.25 eCB=0.10 Glu=0.45 GABA=0.15] | osc[δ=0.702 θ=0.187 γ=0.112]
step   140 | loss 7.3884 | lm 7.3884 | ppl 1617.1 | gnorm 1.120 | lr 1.40e-04 | 31772 tok/s | Φ 0.036 | λ₁ 0.046 | ign 0.78 | mesoLG 0.51 | troph 10/10 μ5.29 | NT[DA=0.15 NE=0.20 5HT=0.35 ACh=0.25 eCB=0.10 Glu=0.45 GABA=0.15] | osc[δ=0.721 θ=0.168 γ=0.110]
step   160 | loss 7.3521 | lm 7.3521 | ppl 1559.5 | gnorm 1.756 | lr 1.60e-04 | 31746 tok/s | Φ 0.036 | λ₁ 0.046 | ign 0.77 | mesoLG 0.51 | troph 10/10 μ5.46 | NT[DA=0.15 NE=0.20 5HT=0.35 ACh=0.25 eCB=0.10 Glu=0.45 GABA=0.15] | osc[δ=0.580 θ=0.263 γ=0.157]
step   180 | loss 7.2776 | lm 7.2776 | ppl 1447.6 | gnorm 2.385 | lr 1.80e-04 | 31701 tok/s | Φ 0.042 | λ₁ 0.046 | ign 0.85 | mesoLG 0.50 | troph 10/10 μ5.75 | NT[DA=0.15 NE=0.20 5HT=0.35 ACh=0.25 eCB=0.10 Glu=0.45 GABA=0.15] | osc[δ=0.590 θ=0.261 γ=0.149]
step   200 | loss 7.2192 | lm 7.2192 | ppl 1365.4 | gnorm 1.865 | lr 2.00e-04 | 31742 tok/s | Φ 0.048 | λ₁ 0.046 | ign 0.76 | mesoLG 0.49 | troph 10/10 μ5.71 | NT[DA=0.15 NE=0.20 5HT=0.35 ACh=0.25 eCB=0.10 Glu=0.45 GABA=0.15] | osc[δ=0.653 θ=0.202 γ=0.146]
