════════════════════════════════════════════════════════════════
  DSL-driven training loop
  arch=rcc_bowtie (folder: architectures/rcc_bowtie)
  steps=40000 batch=16 seq_len=2048 d_sem=384
  ckpt_dir=/workspace/brian/lfs_checkpoints
════════════════════════════════════════════════════════════════

▶ launch attempt 1 @ 18:46:13Z
[train_dsl] preset rcc_bowtie_30m_p4: d_model=384 depth=4 heads=6 vocab=50257 lr=0.0003 warmup=300 min_ratio=0.1 wd=0.05
[train_dsl] scale 100m (~~100M): d_model=640 depth=8 heads=10 batch=4 ctx=2048 grad_accum=4 dist=single
[train_dsl] DSL-LM (full N8 cortex): vocab=50257 d_model=640 depth=8 heads=10 ctx=2048
[train_dsl] training config: loss_clip=True(f=3.0), opt=adamw, lr=0.0003, grad_accum=1, label_smooth=0.05, wd=0.12, dropout=0.12, pct_strength=0.3
[train_dsl] PCT trunk-strength boost: pred_coding weight 0.1 -> 0.13
[train_dsl] DSL-LM parameters: 137.7M
[train_dsl] mixed precision: bf16
BRIANHarness:
  vocab_size = 50257
  d_sem      = 640
  parameters = 137,659,413
  circuit populations = 0
  sink population = 
  loss clipping = True (factor=3.0)
  optimizer = adamw (lr=0.0003)
[train_dsl] device=cuda, warmup=300/40000
[train_dsl] skipping 15 LFS pointer file(s) in /workspace/brian/lfs_checkpoints
[data:text] using FineWeb-Edu-10BT (HuggingFaceFW/fineweb-edu:sample-10BT)
[data:chat] using OpenHermes-2.5 (teknium/OpenHermes-2.5)
step    20 | loss 10.8090 | lm 10.8090 | ppl 49464.7 | gnorm 1.507 | lr 2.00e-05 | 22461 tok/s | Φ 0.063 | λ₁ 0.075 | ign 0.49 | mesoLG 0.50 | troph 8/8 μ0.88 | NT[DA=0.15 NE=0.20 5HT=0.35 ACh=0.25 eCB=0.10 Glu=0.45 GABA=0.15] | osc[δ=0.209 θ=0.305 γ=0.485]
step    40 | loss 10.5408 | lm 10.5408 | ppl 37829.3 | gnorm 3.874 | lr 4.00e-05 | 32798 tok/s | Φ 0.047 | λ₁ 0.075 | ign 0.63 | mesoLG 0.51 | troph 8/8 μ1.41 | NT[DA=0.15 NE=0.20 5HT=0.35 ACh=0.25 eCB=0.10 Glu=0.45 GABA=0.15] | osc[δ=0.471 θ=0.175 γ=0.354]
step    60 | loss 10.1087 | lm 10.1087 | ppl 24555.4 | gnorm 2.902 | lr 6.00e-05 | 32674 tok/s | Φ 0.039 | λ₁ 0.075 | ign 0.67 | mesoLG 0.51 | troph 8/8 μ2.09 | NT[DA=0.15 NE=0.20 5HT=0.35 ACh=0.25 eCB=0.10 Glu=0.45 GABA=0.15] | osc[δ=0.633 θ=0.196 γ=0.171]
step    80 | loss 9.4328 | lm 9.4328 | ppl 12490.9 | gnorm 2.037 | lr 8.00e-05 | 33021 tok/s | Φ 0.027 | λ₁ 0.075 | ign 0.81 | mesoLG 0.51 | troph 8/8 μ3.41 | NT[DA=0.15 NE=0.20 5HT=0.35 ACh=0.25 eCB=0.10 Glu=0.45 GABA=0.15] | osc[δ=0.638 θ=0.212 γ=0.150]
step   100 | loss 8.7597 | lm 8.7597 | ppl 6371.9 | gnorm 2.103 | lr 1.00e-04 | 33259 tok/s | Φ 0.023 | λ₁ 0.075 | ign 0.85 | mesoLG 0.52 | troph 8/8 μ5.55 | NT[DA=0.15 NE=0.20 5HT=0.35 ACh=0.25 eCB=0.10 Glu=0.45 GABA=0.15] | osc[δ=0.566 θ=0.159 γ=0.275]
step   120 | loss 8.1785 | lm 8.1785 | ppl 3563.7 | gnorm 1.482 | lr 1.20e-04 | 33135 tok/s | Φ 0.021 | λ₁ 0.075 | ign 0.88 | mesoLG 0.51 | troph 8/8 μ9.15 | NT[DA=0.15 NE=0.20 5HT=0.35 ACh=0.25 eCB=0.10 Glu=0.45 GABA=0.15] | osc[δ=0.590 θ=0.197 γ=0.213]
step   140 | loss 7.6601 | lm 7.6601 | ppl 2122.0 | gnorm 3.024 | lr 1.40e-04 | 32339 tok/s | Φ 0.022 | λ₁ 0.075 | ign 0.96 | mesoLG 0.52 | troph 8/8 μ12.42 | NT[DA=0.15 NE=0.20 5HT=0.35 ACh=0.25 eCB=0.10 Glu=0.45 GABA=0.15] | osc[δ=0.607 θ=0.191 γ=0.201]
step   160 | loss 7.7626 | lm 7.7626 | ppl 2351.1 | gnorm 58.799 | lr 1.60e-04 | 33384 tok/s | Φ 0.090 | λ₁ 0.075 | ign 0.63 | mesoLG 0.47 | troph 8/8 μ13.03 | NT[DA=0.15 NE=0.20 5HT=0.35 ACh=0.25 eCB=0.10 Glu=0.45 GABA=0.15] | osc[δ=0.439 θ=0.259 γ=0.303]
step   180 | loss 7.7785 | lm 7.7785 | ppl 2388.7 | gnorm 1.028 | lr 1.80e-04 | 33053 tok/s | Φ 0.021 | λ₁ 0.075 | ign 0.95 | mesoLG 0.52 | troph 8/8 μ16.37 | NT[DA=0.15 NE=0.20 5HT=0.35 ACh=0.25 eCB=0.10 Glu=0.45 GABA=0.15] | osc[δ=0.469 θ=0.247 γ=0.285]
step   200 | loss 7.6308 | lm 7.6308 | ppl 2060.7 | gnorm 1.469 | lr 2.00e-04 | 32885 tok/s | Φ 0.023 | λ₁ 0.075 | ign 0.96 | mesoLG 0.48 | troph 8/8 μ22.33 | NT[DA=0.15 NE=0.20 5HT=0.35 ACh=0.25 eCB=0.10 Glu=0.45 GABA=0.15] | osc[δ=0.404 θ=0.235 γ=0.361]
step   220 | loss 7.6734 | lm 7.6734 | ppl 2150.3 | gnorm 1.471 | lr 2.20e-04 | 33617 tok/s | Φ 0.038 | λ₁ 0.075 | ign 0.89 | mesoLG 0.51 | troph 8/8 μ29.65 | NT[DA=0.15 NE=0.20 5HT=0.35 ACh=0.25 eCB=0.10 Glu=0.45 GABA=0.15] | osc[δ=0.431 θ=0.231 γ=0.338]
step   240 | loss 7.5507 | lm 7.5507 | ppl 1902.1 | gnorm 1.553 | lr 2.40e-04 | 33026 tok/s | Φ 0.040 | λ₁ 0.075 | ign 0.94 | mesoLG 0.50 | troph 8/8 μ35.68 | NT[DA=0.15 NE=0.20 5HT=0.35 ACh=0.25 eCB=0.10 Glu=0.45 GABA=0.15] | osc[δ=0.333 θ=0.282 γ=0.384]
step   260 | loss 7.7952 | lm 7.7952 | ppl 2428.9 | gnorm 0.692 | lr 2.60e-04 | 33296 tok/s | Φ 0.029 | λ₁ 0.075 | ign 0.96 | mesoLG 0.50 | troph 8/8 μ57.65 | NT[DA=0.15 NE=0.20 5HT=0.35 ACh=0.25 eCB=0.10 Glu=0.45 GABA=0.15] | osc[δ=0.463 θ=0.226 γ=0.311]
step   280 | loss 7.6575 | lm 7.6575 | ppl 2116.5 | gnorm 3.465 | lr 2.80e-04 | 32496 tok/s | Φ 0.314 | λ₁ 0.075 | ign 0.87 | mesoLG 0.48 | troph 8/8 μ55.20 | NT[DA=0.15 NE=0.20 5HT=0.35 ACh=0.25 eCB=0.10 Glu=0.45 GABA=0.15] | osc[δ=0.374 θ=0.295 γ=0.331]
step   300 | loss 7.6183 | lm 7.6183 | ppl 2035.1 | gnorm 1.899 | lr 3.00e-04 | 32241 tok/s | Φ 0.068 | λ₁ 0.075 | ign 0.96 | mesoLG 0.51 | troph 8/8 μ65.77 | NT[DA=0.15 NE=0.20 5HT=0.35 ACh=0.25 eCB=0.10 Glu=0.45 GABA=0.15] | osc[δ=0.369 θ=0.317 γ=0.314]
step   320 | loss 7.4699 | lm 7.4699 | ppl 1754.4 | gnorm 0.972 | lr 3.00e-04 | 32435 tok/s | Φ 0.034 | λ₁ 0.075 | ign 0.98 | mesoLG 0.49 | troph 8/8 μ68.71 | NT[DA=0.15 NE=0.20 5HT=0.35 ACh=0.25 eCB=0.10 Glu=0.45 GABA=0.15] | osc[δ=0.319 θ=0.329 γ=0.351]
step   340 | loss 7.6774 | lm 7.6774 | ppl 2158.9 | gnorm 0.819 | lr 3.00e-04 | 32080 tok/s | Φ 0.021 | λ₁ 0.075 | ign 0.98 | mesoLG 0.49 | troph 8/8 μ70.08 | NT[DA=0.15 NE=0.20 5HT=0.35 ACh=0.25 eCB=0.10 Glu=0.45 GABA=0.15] | osc[δ=0.300 θ=0.357 γ=0.344]
step   360 | loss 7.5847 | lm 7.5847 | ppl 1967.9 | gnorm 1.316 | lr 3.00e-04 | 32436 tok/s | Φ 0.041 | λ₁ 0.075 | ign 0.97 | mesoLG 0.52 | troph 8/8 μ67.18 | NT[DA=0.15 NE=0.20 5HT=0.35 ACh=0.25 eCB=0.10 Glu=0.45 GABA=0.15] | osc[δ=0.331 θ=0.316 γ=0.354]
step   380 | loss 7.3878 | lm 7.3878 | ppl 1616.1 | gnorm 0.801 | lr 3.00e-04 | 33258 tok/s | Φ 0.029 | λ₁ 0.075 | ign 0.97 | mesoLG 0.48 | troph 8/8 μ62.31 | NT[DA=0.15 NE=0.20 5HT=0.35 ACh=0.25 eCB=0.10 Glu=0.45 GABA=0.15] | osc[δ=0.381 θ=0.331 γ=0.288]
step   400 | loss 7.5190 | lm 7.5190 | ppl 1842.7 | gnorm 0.858 | lr 3.00e-04 | 32241 tok/s | Φ 0.033 | λ₁ 0.075 | ign 0.98 | mesoLG 0.48 | troph 8/8 μ64.73 | NT[DA=0.15 NE=0.20 5HT=0.35 ACh=0.25 eCB=0.10 Glu=0.45 GABA=0.15] | osc[δ=0.372 θ=0.284 γ=0.344]
step   420 | loss 7.6746 | lm 7.6746 | ppl 2152.9 | gnorm 0.817 | lr 3.00e-04 | 32893 tok/s | Φ 0.032 | λ₁ 0.075 | ign 0.99 | mesoLG 0.49 | troph 8/8 μ72.35 | NT[DA=0.15 NE=0.20 5HT=0.35 ACh=0.25 eCB=0.10 Glu=0.45 GABA=0.15] | osc[δ=0.350 θ=0.327 γ=0.323]
step   440 | loss 7.5080 | lm 7.5080 | ppl 1822.6 | gnorm 0.618 | lr 3.00e-04 | 31761 tok/s | Φ 0.029 | λ₁ 0.075 | ign 0.99 | mesoLG 0.46 | troph 8/8 μ71.48 | NT[DA=0.15 NE=0.20 5HT=0.35 ACh=0.25 eCB=0.10 Glu=0.45 GABA=0.15] | osc[δ=0.406 θ=0.241 γ=0.353]
step   460 | loss 7.3690 | lm 7.3690 | ppl 1586.0 | gnorm 0.730 | lr 3.00e-04 | 32278 tok/s | Φ 0.076 | λ₁ 0.075 | ign 0.98 | mesoLG 0.48 | troph 8/8 μ74.38 | NT[DA=0.15 NE=0.20 5HT=0.35 ACh=0.25 eCB=0.10 Glu=0.45 GABA=0.15] | osc[δ=0.398 θ=0.310 γ=0.292]
step   480 | loss 7.4863 | lm 7.4863 | ppl 1783.4 | gnorm 0.627 | lr 3.00e-04 | 32131 tok/s | Φ 0.038 | λ₁ 0.075 | ign 0.98 | mesoLG 0.48 | troph 8/8 μ61.42 | NT[DA=0.15 NE=0.20 5HT=0.35 ACh=0.25 eCB=0.10 Glu=0.45 GABA=0.15] | osc[δ=0.389 θ=0.296 γ=0.315]
step   500 | loss 7.3290 | lm 7.3290 | ppl 1523.8 | gnorm 1.064 | lr 3.00e-04 | 33098 tok/s | Φ 0.063 | λ₁ 0.075 | ign 0.97 | mesoLG 0.50 | troph 8/8 μ58.95 | NT[DA=0.15 NE=0.20 5HT=0.35 ACh=0.25 eCB=0.10 Glu=0.45 GABA=0.15] | osc[δ=0.405 θ=0.250 γ=0.346]
[mid-ood] step 500: WikiText-103 snapshot...
[mid-ood] step 500: wikitext ppl=7476.8 gap_ratio=4.91 (train_ppl=1523.8) (50 seq, 6430 tok)
step   520 | loss 7.3760 | lm 7.3760 | ppl 1597.3 | gnorm 1.254 | lr 3.00e-04 | 16077 tok/s | Φ 0.079 | λ₁ 0.075 | ign 0.97 | mesoLG 0.49 | troph 8/8 μ47.80 | NT[DA=0.15 NE=0.20 5HT=0.35 ACh=0.25 eCB=0.10 Glu=0.45 GABA=0.15] | osc[δ=0.370 θ=0.286 γ=0.343]
step   540 | loss 7.2640 | lm 7.2640 | ppl 1428.0 | gnorm 0.765 | lr 3.00e-04 | 32527 tok/s | Φ 0.048 | λ₁ 0.075 | ign 0.94 | mesoLG 0.51 | troph 8/8 μ33.35 | NT[DA=0.15 NE=0.20 5HT=0.35 ACh=0.25 eCB=0.10 Glu=0.45 GABA=0.15] | osc[δ=0.434 θ=0.230 γ=0.336]
step   560 | loss 7.2815 | lm 7.2815 | ppl 1453.2 | gnorm 1.291 | lr 3.00e-04 | 32214 tok/s | Φ 0.064 | λ₁ 0.075 | ign 0.96 | mesoLG 0.49 | troph 8/8 μ29.57 | NT[DA=0.15 NE=0.20 5HT=0.35 ACh=0.25 eCB=0.10 Glu=0.45 GABA=0.15] | osc[δ=0.407 θ=0.287 γ=0.307]
step   580 | loss 7.4643 | lm 7.4643 | ppl 1744.5 | gnorm 0.911 | lr 3.00e-04 | 32532 tok/s | Φ 0.053 | λ₁ 0.075 | ign 0.97 | mesoLG 0.48 | troph 8/8 μ34.18 | NT[DA=0.15 NE=0.20 5HT=0.35 ACh=0.25 eCB=0.10 Glu=0.45 GABA=0.15] | osc[δ=0.442 θ=0.224 γ=0.334]
step   600 | loss 7.1515 | lm 7.1515 | ppl 1276.1 | gnorm 1.240 | lr 3.00e-04 | 32355 tok/s | Φ 0.063 | λ₁ 0.075 | ign 0.96 | mesoLG 0.48 | troph 8/8 μ23.74 | NT[DA=0.15 NE=0.20 5HT=0.35 ACh=0.25 eCB=0.10 Glu=0.45 GABA=0.15] | osc[δ=0.507 θ=0.225 γ=0.268]
step   620 | loss 7.2155 | lm 7.2155 | ppl 1360.4 | gnorm 1.283 | lr 3.00e-04 | 33018 tok/s | Φ 0.060 | λ₁ 0.075 | ign 0.97 | mesoLG 0.49 | troph 8/8 μ23.60 | NT[DA=0.15 NE=0.20 5HT=0.35 ACh=0.25 eCB=0.10 Glu=0.45 GABA=0.15] | osc[δ=0.523 θ=0.231 γ=0.247]
step   640 | loss 7.1992 | lm 7.1992 | ppl 1338.3 | gnorm 1.596 | lr 3.00e-04 | 32575 tok/s | Φ 0.050 | λ₁ 0.075 | ign 0.97 | mesoLG 0.51 | troph 8/8 μ21.21 | NT[DA=0.15 NE=0.20 5HT=0.35 ACh=0.25 eCB=0.10 Glu=0.45 GABA=0.15] | osc[δ=0.371 θ=0.263 γ=0.366]
step   660 | loss 6.9779 | lm 6.9779 | ppl 1072.7 | gnorm 0.788 | lr 3.00e-04 | 32550 tok/s | Φ 0.052 | λ₁ 0.075 | ign 0.96 | mesoLG 0.50 | troph 8/8 μ19.70 | NT[DA=0.15 NE=0.20 5HT=0.35 ACh=0.25 eCB=0.10 Glu=0.45 GABA=0.15] | osc[δ=0.374 θ=0.262 γ=0.365]
step   680 | loss 7.2293 | lm 7.2293 | ppl 1379.3 | gnorm 0.746 | lr 3.00e-04 | 32365 tok/s | Φ 0.051 | λ₁ 0.075 | ign 0.96 | mesoLG 0.49 | troph 8/8 μ18.30 | NT[DA=0.15 NE=0.20 5HT=0.35 ACh=0.25 eCB=0.10 Glu=0.45 GABA=0.15] | osc[δ=0.410 θ=0.246 γ=0.344]
step   700 | loss 7.0954 | lm 7.0954 | ppl 1206.3 | gnorm 1.314 | lr 3.00e-04 | 33239 tok/s | Φ 0.047 | λ₁ 0.075 | ign 0.98 | mesoLG 0.47 | troph 8/8 μ17.48 | NT[DA=0.15 NE=0.20 5HT=0.35 ACh=0.25 eCB=0.10 Glu=0.45 GABA=0.15] | osc[δ=0.413 θ=0.240 γ=0.347]
step   720 | loss 7.1715 | lm 7.1715 | ppl 1301.8 | gnorm 0.675 | lr 3.00e-04 | 31713 tok/s | Φ 0.055 | λ₁ 0.075 | ign 0.97 | mesoLG 0.51 | troph 8/8 μ17.95 | NT[DA=0.15 NE=0.20 5HT=0.35 ACh=0.25 eCB=0.10 Glu=0.45 GABA=0.15] | osc[δ=0.399 θ=0.265 γ=0.336]
step   740 | loss 7.2200 | lm 7.2200 | ppl 1366.4 | gnorm 1.301 | lr 3.00e-04 | 32834 tok/s | Φ 0.056 | λ₁ 0.075 | ign 0.97 | mesoLG 0.50 | troph 8/8 μ19.27 | NT[DA=0.15 NE=0.20 5HT=0.35 ACh=0.25 eCB=0.10 Glu=0.45 GABA=0.15] | osc[δ=0.388 θ=0.245 γ=0.367]
step   760 | loss 6.9601 | lm 6.9601 | ppl 1053.7 | gnorm 1.732 | lr 3.00e-04 | 32534 tok/s | Φ 0.056 | λ₁ 0.075 | ign 0.96 | mesoLG 0.50 | troph 8/8 μ20.23 | NT[DA=0.15 NE=0.20 5HT=0.35 ACh=0.25 eCB=0.10 Glu=0.45 GABA=0.15] | osc[δ=0.430 θ=0.229 γ=0.342]
step   780 | loss 6.9896 | lm 6.9896 | ppl 1085.3 | gnorm 1.026 | lr 3.00e-04 | 32660 tok/s | Φ 0.055 | λ₁ 0.075 | ign 0.98 | mesoLG 0.46 | troph 8/8 μ20.55 | NT[DA=0.15 NE=0.20 5HT=0.35 ACh=0.25 eCB=0.10 Glu=0.45 GABA=0.15] | osc[δ=0.397 θ=0.253 γ=0.350]
step   800 | loss 7.0880 | lm 7.0880 | ppl 1197.5 | gnorm 0.717 | lr 3.00e-04 | 33333 tok/s | Φ 0.052 | λ₁ 0.075 | ign 0.98 | mesoLG 0.48 | troph 8/8 μ20.34 | NT[DA=0.15 NE=0.20 5HT=0.35 ACh=0.25 eCB=0.10 Glu=0.45 GABA=0.15] | osc[δ=0.402 θ=0.284 γ=0.314]
step   820 | loss 7.0163 | lm 7.0163 | ppl 1114.7 | gnorm 3.777 | lr 3.00e-04 | 31835 tok/s | Φ 0.055 | λ₁ 0.075 | ign 0.97 | mesoLG 0.51 | troph 8/8 μ21.22 | NT[DA=0.15 NE=0.20 5HT=0.35 ACh=0.25 eCB=0.10 Glu=0.45 GABA=0.15] | osc[δ=0.406 θ=0.347 γ=0.247]
step   840 | loss 6.9930 | lm 6.9930 | ppl 1089.0 | gnorm 0.794 | lr 3.00e-04 | 32230 tok/s | Φ 0.060 | λ₁ 0.075 | ign 0.96 | mesoLG 0.51 | troph 8/8 μ20.89 | NT[DA=0.15 NE=0.20 5HT=0.35 ACh=0.25 eCB=0.10 Glu=0.45 GABA=0.15] | osc[δ=0.361 θ=0.304 γ=0.335]
step   860 | loss 7.0545 | lm 7.0545 | ppl 1158.0 | gnorm 0.729 | lr 3.00e-04 | 32858 tok/s | Φ 0.045 | λ₁ 0.075 | ign 0.97 | mesoLG 0.45 | troph 8/8 μ21.12 | NT[DA=0.15 NE=0.20 5HT=0.35 ACh=0.25 eCB=0.10 Glu=0.45 GABA=0.15] | osc[δ=0.341 θ=0.300 γ=0.359]
step   880 | loss 6.8448 | lm 6.8448 | ppl 938.9 | gnorm 1.234 | lr 3.00e-04 | 32694 tok/s | Φ 0.057 | λ₁ 0.075 | ign 0.97 | mesoLG 0.51 | troph 8/8 μ21.01 | NT[DA=0.15 NE=0.20 5HT=0.35 ACh=0.25 eCB=0.10 Glu=0.45 GABA=0.15] | osc[δ=0.277 θ=0.290 γ=0.432]
step   900 | loss 6.6857 | lm 6.6857 | ppl 800.9 | gnorm 2.056 | lr 3.00e-04 | 32111 tok/s | Φ 0.060 | λ₁ 0.075 | ign 0.97 | mesoLG 0.51 | troph 8/8 μ20.37 | NT[DA=0.15 NE=0.20 5HT=0.35 ACh=0.25 eCB=0.10 Glu=0.45 GABA=0.15] | osc[δ=0.283 θ=0.319 γ=0.399]
step   920 | loss 7.0508 | lm 7.0508 | ppl 1153.7 | gnorm 0.912 | lr 3.00e-04 | 32738 tok/s | Φ 0.058 | λ₁ 0.075 | ign 0.98 | mesoLG 0.52 | troph 8/8 μ19.64 | NT[DA=0.15 NE=0.20 5HT=0.35 ACh=0.25 eCB=0.10 Glu=0.45 GABA=0.15] | osc[δ=0.283 θ=0.335 γ=0.383]
step   940 | loss 6.9616 | lm 6.9616 | ppl 1055.4 | gnorm 1.802 | lr 3.00e-04 | 33758 tok/s | Φ 0.065 | λ₁ 0.075 | ign 0.97 | mesoLG 0.51 | troph 8/8 μ20.30 | NT[DA=0.15 NE=0.20 5HT=0.35 ACh=0.25 eCB=0.10 Glu=0.45 GABA=0.15] | osc[δ=0.321 θ=0.310 γ=0.369]
step   960 | loss 6.8495 | lm 6.8495 | ppl 943.4 | gnorm 0.779 | lr 3.00e-04 | 32765 tok/s | Φ 0.050 | λ₁ 0.075 | ign 0.97 | mesoLG 0.50 | troph 8/8 μ20.28 | NT[DA=0.15 NE=0.20 5HT=0.35 ACh=0.25 eCB=0.10 Glu=0.45 GABA=0.15] | osc[δ=0.341 θ=0.310 γ=0.349]
step   980 | loss 6.7181 | lm 6.7181 | ppl 827.3 | gnorm 2.027 | lr 3.00e-04 | 33138 tok/s | Φ 0.063 | λ₁ 0.075 | ign 0.97 | mesoLG 0.56 | troph 8/8 μ19.99 | NT[DA=0.15 NE=0.20 5HT=0.35 ACh=0.25 eCB=0.10 Glu=0.45 GABA=0.15] | osc[δ=0.269 θ=0.374 γ=0.357]
step  1000 | loss 6.7347 | lm 6.7347 | ppl 841.1 | gnorm 1.237 | lr 3.00e-04 | 32675 tok/s | Φ 0.062 | λ₁ 0.075 | ign 0.97 | mesoLG 0.52 | troph 8/8 μ20.46 | NT[DA=0.15 NE=0.20 5HT=0.35 ACh=0.25 eCB=0.10 Glu=0.45 GABA=0.15] | osc[δ=0.317 θ=0.336 γ=0.347]
[train_dsl] saved checkpoint /workspace/brian/lfs_checkpoints/dsl_arch_20260601-184613_step1000.pt
[mid-ood] step 1000: WikiText-103 snapshot...
[mid-ood] step 1000: wikitext ppl=4062.7 gap_ratio=4.83 (train_ppl=841.1) (50 seq, 6430 tok)
step  1020 | loss 6.7427 | lm 6.7427 | ppl 847.8 | gnorm 0.843 | lr 3.00e-04 | 16276 tok/s | Φ 0.065 | λ₁ 0.075 | ign 0.97 | mesoLG 0.52 | troph 8/8 μ20.93 | NT[DA=0.15 NE=0.20 5HT=0.35 ACh=0.25 eCB=0.10 Glu=0.45 GABA=0.15] | osc[δ=0.349 θ=0.327 γ=0.324]
step  1040 | loss 6.6837 | lm 6.6837 | ppl 799.3 | gnorm 0.611 | lr 3.00e-04 | 32762 tok/s | Φ 0.065 | λ₁ 0.075 | ign 0.98 | mesoLG 0.49 | troph 8/8 μ20.34 | NT[DA=0.15 NE=0.20 5HT=0.35 ACh=0.25 eCB=0.10 Glu=0.45 GABA=0.15] | osc[δ=0.350 θ=0.340 γ=0.310]
step  1060 | loss 6.6274 | lm 6.6274 | ppl 755.6 | gnorm 0.665 | lr 3.00e-04 | 32911 tok/s | Φ 0.068 | λ₁ 0.075 | ign 0.98 | mesoLG 0.51 | troph 8/8 μ20.31 | NT[DA=0.15 NE=0.20 5HT=0.35 ACh=0.25 eCB=0.10 Glu=0.45 GABA=0.15] | osc[δ=0.403 θ=0.372 γ=0.225]
step  1080 | loss 6.7759 | lm 6.7759 | ppl 876.4 | gnorm 0.665 | lr 3.00e-04 | 33852 tok/s | Φ 0.072 | λ₁ 0.075 | ign 0.97 | mesoLG 0.48 | troph 8/8 μ19.91 | NT[DA=0.15 NE=0.20 5HT=0.35 ACh=0.25 eCB=0.10 Glu=0.45 GABA=0.15] | osc[δ=0.356 θ=0.309 γ=0.335]
step  1100 | loss 6.7905 | lm 6.7905 | ppl 889.3 | gnorm 0.826 | lr 3.00e-04 | 33898 tok/s | Φ 0.074 | λ₁ 0.075 | ign 0.97 | mesoLG 0.52 | troph 8/8 μ19.49 | NT[DA=0.15 NE=0.20 5HT=0.35 ACh=0.25 eCB=0.10 Glu=0.45 GABA=0.15] | osc[δ=0.336 θ=0.294 γ=0.370]
step  1120 | loss 6.5466 | lm 6.5466 | ppl 696.9 | gnorm 1.361 | lr 3.00e-04 | 33432 tok/s | Φ 0.071 | λ₁ 0.075 | ign 0.97 | mesoLG 0.49 | troph 8/8 μ19.87 | NT[DA=0.15 NE=0.20 5HT=0.35 ACh=0.25 eCB=0.10 Glu=0.45 GABA=0.15] | osc[δ=0.337 θ=0.311 γ=0.352]
step  1140 | loss 6.7159 | lm 6.7159 | ppl 825.4 | gnorm 0.646 | lr 3.00e-04 | 32816 tok/s | Φ 0.065 | λ₁ 0.075 | ign 0.98 | mesoLG 0.50 | troph 8/8 μ20.04 | NT[DA=0.15 NE=0.20 5HT=0.35 ACh=0.25 eCB=0.10 Glu=0.45 GABA=0.15] | osc[δ=0.340 θ=0.363 γ=0.296]
step  1160 | loss 6.6644 | lm 6.6644 | ppl 784.0 | gnorm 0.526 | lr 3.00e-04 | 33528 tok/s | Φ 0.074 | λ₁ 0.075 | ign 0.98 | mesoLG 0.49 | troph 8/8 μ19.59 | NT[DA=0.15 NE=0.20 5HT=0.35 ACh=0.25 eCB=0.10 Glu=0.45 GABA=0.15] | osc[δ=0.320 θ=0.328 γ=0.351]
step  1180 | loss 6.6252 | lm 6.6252 | ppl 753.9 | gnorm 0.590 | lr 3.00e-04 | 32886 tok/s | Φ 0.073 | λ₁ 0.075 | ign 0.97 | mesoLG 0.51 | troph 8/8 μ19.19 | NT[DA=0.15 NE=0.20 5HT=0.35 ACh=0.25 eCB=0.10 Glu=0.45 GABA=0.15] | osc[δ=0.278 θ=0.343 γ=0.380]
step  1200 | loss 6.6599 | lm 6.6599 | ppl 780.5 | gnorm 0.718 | lr 3.00e-04 | 33799 tok/s | Φ 0.076 | λ₁ 0.075 | ign 0.97 | mesoLG 0.51 | troph 8/8 μ18.60 | NT[DA=0.15 NE=0.20 5HT=0.35 ACh=0.25 eCB=0.10 Glu=0.45 GABA=0.15] | osc[δ=0.299 θ=0.303 γ=0.398]
step  1220 | loss 6.7975 | lm 6.7975 | ppl 895.6 | gnorm 0.688 | lr 3.00e-04 | 32633 tok/s | Φ 0.080 | λ₁ 0.075 | ign 0.97 | mesoLG 0.50 | troph 8/8 μ18.67 | NT[DA=0.15 NE=0.20 5HT=0.35 ACh=0.25 eCB=0.10 Glu=0.45 GABA=0.15] | osc[δ=0.304 θ=0.334 γ=0.362]
step  1240 | loss 6.7226 | lm 6.7226 | ppl 830.9 | gnorm 0.791 | lr 3.00e-04 | 32492 tok/s | Φ 0.081 | λ₁ 0.075 | ign 0.97 | mesoLG 0.50 | troph 8/8 μ18.22 | NT[DA=0.15 NE=0.20 5HT=0.35 ACh=0.25 eCB=0.10 Glu=0.45 GABA=0.15] | osc[δ=0.297 θ=0.403 γ=0.301]
step  1260 | loss 6.6038 | lm 6.6038 | ppl 737.9 | gnorm 0.780 | lr 3.00e-04 | 32242 tok/s | Φ 0.086 | λ₁ 0.075 | ign 0.97 | mesoLG 0.51 | troph 8/8 μ18.33 | NT[DA=0.15 NE=0.20 5HT=0.35 ACh=0.25 eCB=0.10 Glu=0.45 GABA=0.15] | osc[δ=0.256 θ=0.409 γ=0.335]
step  1280 | loss 6.7248 | lm 6.7248 | ppl 832.8 | gnorm 0.783 | lr 3.00e-04 | 33138 tok/s | Φ 0.082 | λ₁ 0.075 | ign 0.96 | mesoLG 0.51 | troph 8/8 μ18.84 | NT[DA=0.15 NE=0.20 5HT=0.35 ACh=0.25 eCB=0.10 Glu=0.45 GABA=0.15] | osc[δ=0.268 θ=0.370 γ=0.362]
step  1300 | loss 6.5224 | lm 6.5224 | ppl 680.2 | gnorm 1.072 | lr 3.00e-04 | 32798 tok/s | Φ 0.084 | λ₁ 0.075 | ign 0.97 | mesoLG 0.52 | troph 8/8 μ18.85 | NT[DA=0.15 NE=0.20 5HT=0.35 ACh=0.25 eCB=0.10 Glu=0.45 GABA=0.15] | osc[δ=0.310 θ=0.309 γ=0.381]
step  1320 | loss 6.5357 | lm 6.5357 | ppl 689.3 | gnorm 0.841 | lr 3.00e-04 | 33133 tok/s | Φ 0.085 | λ₁ 0.075 | ign 0.97 | mesoLG 0.51 | troph 8/8 μ18.36 | NT[DA=0.15 NE=0.20 5HT=0.35 ACh=0.25 eCB=0.10 Glu=0.45 GABA=0.15] | osc[δ=0.334 θ=0.332 γ=0.334]
step  1340 | loss 6.6209 | lm 6.6209 | ppl 750.6 | gnorm 1.088 | lr 3.00e-04 | 33811 tok/s | Φ 0.089 | λ₁ 0.075 | ign 0.96 | mesoLG 0.46 | troph 8/8 μ18.20 | NT[DA=0.15 NE=0.20 5HT=0.35 ACh=0.25 eCB=0.10 Glu=0.45 GABA=0.15] | osc[δ=0.350 θ=0.361 γ=0.289]
step  1360 | loss 6.4498 | lm 6.4498 | ppl 632.6 | gnorm 1.072 | lr 3.00e-04 | 33066 tok/s | Φ 0.087 | λ₁ 0.075 | ign 0.97 | mesoLG 0.51 | troph 8/8 μ18.27 | NT[DA=0.15 NE=0.20 5HT=0.35 ACh=0.25 eCB=0.10 Glu=0.45 GABA=0.15] | osc[δ=0.358 θ=0.346 γ=0.297]
step  1380 | loss 6.5404 | lm 6.5404 | ppl 692.6 | gnorm 0.650 | lr 3.00e-04 | 33177 tok/s | Φ 0.081 | λ₁ 0.075 | ign 0.97 | mesoLG 0.47 | troph 8/8 μ18.35 | NT[DA=0.15 NE=0.20 5HT=0.35 ACh=0.25 eCB=0.10 Glu=0.45 GABA=0.15] | osc[δ=0.364 θ=0.350 γ=0.286]
step  1400 | loss 6.5494 | lm 6.5494 | ppl 698.8 | gnorm 3.857 | lr 2.99e-04 | 32957 tok/s | Φ 0.093 | λ₁ 0.075 | ign 0.97 | mesoLG 0.47 | troph 8/8 μ17.96 | NT[DA=0.15 NE=0.20 5HT=0.35 ACh=0.25 eCB=0.10 Glu=0.45 GABA=0.15] | osc[δ=0.330 θ=0.305 γ=0.365]
step  1420 | loss 6.6966 | lm 6.6966 | ppl 809.6 | gnorm 0.478 | lr 2.99e-04 | 33172 tok/s | Φ 0.086 | λ₁ 0.075 | ign 0.98 | mesoLG 0.49 | troph 8/8 μ18.16 | NT[DA=0.15 NE=0.20 5HT=0.35 ACh=0.25 eCB=0.10 Glu=0.45 GABA=0.15] | osc[δ=0.324 θ=0.291 γ=0.384]
step  1440 | loss 6.4797 | lm 6.4797 | ppl 651.8 | gnorm 0.984 | lr 2.99e-04 | 33200 tok/s | Φ 0.080 | λ₁ 0.075 | ign 0.98 | mesoLG 0.50 | troph 8/8 μ18.24 | NT[DA=0.15 NE=0.20 5HT=0.35 ACh=0.25 eCB=0.10 Glu=0.45 GABA=0.15] | osc[δ=0.290 θ=0.293 γ=0.418]
step  1460 | loss 6.3673 | lm 6.3673 | ppl 582.5 | gnorm 0.793 | lr 2.99e-04 | 32401 tok/s | Φ 0.091 | λ₁ 0.075 | ign 0.97 | mesoLG 0.55 | troph 8/8 μ18.59 | NT[DA=0.15 NE=0.20 5HT=0.35 ACh=0.25 eCB=0.10 Glu=0.45 GABA=0.15] | osc[δ=0.257 θ=0.303 γ=0.440]
step  1480 | loss 6.3433 | lm 6.3433 | ppl 568.7 | gnorm 0.612 | lr 2.99e-04 | 32252 tok/s | Φ 0.098 | λ₁ 0.075 | ign 0.98 | mesoLG 0.51 | troph 8/8 μ18.43 | NT[DA=0.15 NE=0.20 5HT=0.35 ACh=0.25 eCB=0.10 Glu=0.45 GABA=0.15] | osc[δ=0.328 θ=0.342 γ=0.330]
step  1500 | loss 6.3524 | lm 6.3524 | ppl 573.9 | gnorm 0.734 | lr 2.99e-04 | 32028 tok/s | Φ 0.086 | λ₁ 0.075 | ign 0.98 | mesoLG 0.48 | troph 8/8 μ18.13 | NT[DA=0.15 NE=0.20 5HT=0.35 ACh=0.25 eCB=0.10 Glu=0.45 GABA=0.15] | osc[δ=0.285 θ=0.340 γ=0.375]
[mid-ood] step 1500: WikiText-103 snapshot...
[mid-ood] step 1500: wikitext ppl=3212.8 gap_ratio=5.60 (train_ppl=573.9) (50 seq, 6430 tok)
step  1520 | loss 6.1893 | lm 6.1893 | ppl 487.5 | gnorm 0.618 | lr 2.99e-04 | 18237 tok/s | Φ 0.095 | λ₁ 0.075 | ign 0.97 | mesoLG 0.46 | troph 8/8 μ17.87 | NT[DA=0.15 NE=0.20 5HT=0.35 ACh=0.25 eCB=0.10 Glu=0.45 GABA=0.15] | osc[δ=0.363 θ=0.334 γ=0.303]
step  1540 | loss 6.3857 | lm 6.3857 | ppl 593.3 | gnorm 0.722 | lr 2.99e-04 | 32692 tok/s | Φ 0.101 | λ₁ 0.075 | ign 0.98 | mesoLG 0.46 | troph 8/8 μ17.95 | NT[DA=0.15 NE=0.20 5HT=0.35 ACh=0.25 eCB=0.10 Glu=0.45 GABA=0.15] | osc[δ=0.313 θ=0.336 γ=0.352]
step  1560 | loss 6.3573 | lm 6.3573 | ppl 576.7 | gnorm 1.160 | lr 2.99e-04 | 32891 tok/s | Φ 0.091 | λ₁ 0.075 | ign 0.97 | mesoLG 0.51 | troph 8/8 μ17.72 | NT[DA=0.15 NE=0.20 5HT=0.35 ACh=0.25 eCB=0.10 Glu=0.45 GABA=0.15] | osc[δ=0.303 θ=0.409 γ=0.288]
step  1580 | loss 6.3346 | lm 6.3346 | ppl 563.8 | gnorm 0.625 | lr 2.99e-04 | 32980 tok/s | Φ 0.096 | λ₁ 0.075 | ign 0.97 | mesoLG 0.49 | troph 8/8 μ17.41 | NT[DA=0.15 NE=0.20 5HT=0.35 ACh=0.25 eCB=0.10 Glu=0.45 GABA=0.15] | osc[δ=0.276 θ=0.357 γ=0.367]
step  1600 | loss 6.2660 | lm 6.2660 | ppl 526.4 | gnorm 1.123 | lr 2.99e-04 | 32969 tok/s | Φ 0.105 | λ₁ 0.075 | ign 0.97 | mesoLG 0.48 | troph 8/8 μ17.23 | NT[DA=0.15 NE=0.20 5HT=0.35 ACh=0.25 eCB=0.10 Glu=0.45 GABA=0.15] | osc[δ=0.228 θ=0.362 γ=0.409]
step  1620 | loss 6.3874 | lm 6.3874 | ppl 594.3 | gnorm 0.493 | lr 2.99e-04 | 32465 tok/s | Φ 0.102 | λ₁ 0.075 | ign 0.98 | mesoLG 0.48 | troph 8/8 μ17.86 | NT[DA=0.15 NE=0.20 5HT=0.35 ACh=0.25 eCB=0.10 Glu=0.45 GABA=0.15] | osc[δ=0.273 θ=0.304 γ=0.423]
step  1640 | loss 6.4050 | lm 6.4050 | ppl 604.8 | gnorm 0.844 | lr 2.99e-04 | 33293 tok/s | Φ 0.103 | λ₁ 0.075 | ign 0.98 | mesoLG 0.51 | troph 8/8 μ17.39 | NT[DA=0.15 NE=0.20 5HT=0.35 ACh=0.25 eCB=0.10 Glu=0.45 GABA=0.15] | osc[δ=0.300 θ=0.288 γ=0.413]
step  1660 | loss 6.4552 | lm 6.4552 | ppl 636.0 | gnorm 0.613 | lr 2.99e-04 | 32461 tok/s | Φ 0.097 | λ₁ 0.075 | ign 0.97 | mesoLG 0.48 | troph 8/8 μ18.02 | NT[DA=0.15 NE=0.20 5HT=0.35 ACh=0.25 eCB=0.10 Glu=0.45 GABA=0.15] | osc[δ=0.291 θ=0.323 γ=0.385]
step  1680 | loss 6.3058 | lm 6.3058 | ppl 547.7 | gnorm 0.689 | lr 2.99e-04 | 33482 tok/s | Φ 0.108 | λ₁ 0.075 | ign 0.97 | mesoLG 0.50 | troph 8/8 μ17.91 | NT[DA=0.15 NE=0.20 5HT=0.35 ACh=0.25 eCB=0.10 Glu=0.45 GABA=0.15] | osc[δ=0.301 θ=0.285 γ=0.414]
step  1700 | loss 6.3077 | lm 6.3077 | ppl 548.8 | gnorm 0.760 | lr 2.99e-04 | 30887 tok/s | Φ 0.102 | λ₁ 0.075 | ign 0.98 | mesoLG 0.50 | troph 8/8 μ17.98 | NT[DA=0.15 NE=0.20 5HT=0.35 ACh=0.25 eCB=0.10 Glu=0.45 GABA=0.15] | osc[δ=0.284 θ=0.261 γ=0.455]
step  1720 | loss 6.1387 | lm 6.1387 | ppl 463.4 | gnorm 0.867 | lr 2.99e-04 | 32029 tok/s | Φ 0.106 | λ₁ 0.075 | ign 0.97 | mesoLG 0.53 | troph 8/8 μ17.81 | NT[DA=0.15 NE=0.20 5HT=0.35 ACh=0.25 eCB=0.10 Glu=0.45 GABA=0.15] | osc[δ=0.284 θ=0.234 γ=0.481]
step  1740 | loss 6.1993 | lm 6.1993 | ppl 492.4 | gnorm 0.806 | lr 2.99e-04 | 33085 tok/s | Φ 0.108 | λ₁ 0.075 | ign 0.98 | mesoLG 0.50 | troph 8/8 μ17.26 | NT[DA=0.15 NE=0.20 5HT=0.35 ACh=0.25 eCB=0.10 Glu=0.45 GABA=0.15] | osc[δ=0.329 θ=0.242 γ=0.429]
step  1760 | loss 6.4003 | lm 6.4003 | ppl 602.0 | gnorm 2.316 | lr 2.99e-04 | 33381 tok/s | Φ 0.049 | λ₁ 0.075 | ign 0.97 | mesoLG 0.46 | troph 8/8 μ17.08 | NT[DA=0.15 NE=0.20 5HT=0.35 ACh=0.25 eCB=0.10 Glu=0.45 GABA=0.15] | osc[δ=0.331 θ=0.216 γ=0.453]
step  1780 | loss 6.2249 | lm 6.2249 | ppl 505.2 | gnorm 0.581 | lr 2.99e-04 | 33290 tok/s | Φ 0.115 | λ₁ 0.075 | ign 0.98 | mesoLG 0.50 | troph 8/8 μ17.70 | NT[DA=0.15 NE=0.20 5HT=0.35 ACh=0.25 eCB=0.10 Glu=0.45 GABA=0.15] | osc[δ=0.341 θ=0.307 γ=0.352]
step  1800 | loss 6.1729 | lm 6.1729 | ppl 479.6 | gnorm 0.709 | lr 2.99e-04 | 32647 tok/s | Φ 0.114 | λ₁ 0.075 | ign 0.97 | mesoLG 0.49 | troph 8/8 μ17.39 | NT[DA=0.15 NE=0.20 5HT=0.35 ACh=0.25 eCB=0.10 Glu=0.45 GABA=0.15] | osc[δ=0.321 θ=0.336 γ=0.342]
step  1820 | loss 6.4354 | lm 6.4354 | ppl 623.5 | gnorm 0.813 | lr 2.99e-04 | 32924 tok/s | Φ 0.097 | λ₁ 0.075 | ign 0.98 | mesoLG 0.47 | troph 8/8 μ17.29 | NT[DA=0.15 NE=0.20 5HT=0.35 ACh=0.25 eCB=0.10 Glu=0.45 GABA=0.15] | osc[δ=0.281 θ=0.350 γ=0.369]
step  1840 | loss 6.1387 | lm 6.1387 | ppl 463.5 | gnorm 0.620 | lr 2.99e-04 | 32962 tok/s | Φ 0.119 | λ₁ 0.075 | ign 0.97 | mesoLG 0.47 | troph 8/8 μ16.93 | NT[DA=0.15 NE=0.20 5HT=0.35 ACh=0.25 eCB=0.10 Glu=0.45 GABA=0.15] | osc[δ=0.273 θ=0.310 γ=0.417]
step  1860 | loss 6.1358 | lm 6.1358 | ppl 462.1 | gnorm 0.610 | lr 2.99e-04 | 32591 tok/s | Φ 0.118 | λ₁ 0.075 | ign 0.98 | mesoLG 0.46 | troph 8/8 μ17.10 | NT[DA=0.15 NE=0.20 5HT=0.35 ACh=0.25 eCB=0.10 Glu=0.45 GABA=0.15] | osc[δ=0.267 θ=0.295 γ=0.438]
step  1880 | loss 6.4562 | lm 6.4562 | ppl 636.7 | gnorm 0.587 | lr 2.99e-04 | 32915 tok/s | Φ 0.125 | λ₁ 0.075 | ign 0.97 | mesoLG 0.47 | troph 8/8 μ17.23 | NT[DA=0.15 NE=0.20 5HT=0.35 ACh=0.25 eCB=0.10 Glu=0.45 GABA=0.15] | osc[δ=0.305 θ=0.288 γ=0.406]
step  1900 | loss 6.3183 | lm 6.3183 | ppl 554.6 | gnorm 0.678 | lr 2.99e-04 | 32403 tok/s | Φ 0.119 | λ₁ 0.075 | ign 0.97 | mesoLG 0.51 | troph 8/8 μ17.40 | NT[DA=0.15 NE=0.20 5HT=0.35 ACh=0.25 eCB=0.10 Glu=0.45 GABA=0.15] | osc[δ=0.340 θ=0.313 γ=0.347]
step  1920 | loss 6.2012 | lm 6.2012 | ppl 493.3 | gnorm 0.661 | lr 2.99e-04 | 32636 tok/s | Φ 0.125 | λ₁ 0.075 | ign 0.97 | mesoLG 0.53 | troph 8/8 μ16.88 | NT[DA=0.15 NE=0.20 5HT=0.35 ACh=0.25 eCB=0.10 Glu=0.45 GABA=0.15] | osc[δ=0.356 θ=0.289 γ=0.355]
step  1940 | loss 5.9483 | lm 5.9483 | ppl 383.1 | gnorm 0.517 | lr 2.99e-04 | 33374 tok/s | Φ 0.122 | λ₁ 0.075 | ign 0.98 | mesoLG 0.52 | troph 8/8 μ16.71 | NT[DA=0.15 NE=0.20 5HT=0.35 ACh=0.25 eCB=0.10 Glu=0.45 GABA=0.15] | osc[δ=0.322 θ=0.353 γ=0.325]
step  1960 | loss 6.2515 | lm 6.2515 | ppl 518.8 | gnorm 0.641 | lr 2.99e-04 | 33187 tok/s | Φ 0.122 | λ₁ 0.075 | ign 0.96 | mesoLG 0.52 | troph 8/8 μ16.66 | NT[DA=0.15 NE=0.20 5HT=0.35 ACh=0.25 eCB=0.10 Glu=0.45 GABA=0.15] | osc[δ=0.282 θ=0.353 γ=0.365]
step  1980 | loss 6.0938 | lm 6.0938 | ppl 443.1 | gnorm 0.596 | lr 2.99e-04 | 32592 tok/s | Φ 0.136 | λ₁ 0.075 | ign 0.97 | mesoLG 0.50 | troph 8/8 μ16.58 | NT[DA=0.15 NE=0.20 5HT=0.35 ACh=0.25 eCB=0.10 Glu=0.45 GABA=0.15] | osc[δ=0.258 θ=0.369 γ=0.372]
step  2000 | loss 6.0127 | lm 6.0127 | ppl 408.6 | gnorm 0.604 | lr 2.99e-04 | 32568 tok/s | Φ 0.114 | λ₁ 0.075 | ign 0.96 | mesoLG 0.52 | troph 8/8 μ16.52 | NT[DA=0.15 NE=0.20 5HT=0.35 ACh=0.25 eCB=0.10 Glu=0.45 GABA=0.15] | osc[δ=0.266 θ=0.347 γ=0.386]
[train_dsl] saved checkpoint /workspace/brian/lfs_checkpoints/dsl_arch_20260601-184613_step2000.pt
[mid-ood] step 2000: WikiText-103 snapshot...
[mid-ood] step 2000: wikitext ppl=2749.2 gap_ratio=6.73 (train_ppl=408.6) (50 seq, 6430 tok)
step  2020 | loss 6.1838 | lm 6.1838 | ppl 484.8 | gnorm 0.644 | lr 2.99e-04 | 16300 tok/s | Φ 0.138 | λ₁ 0.075 | ign 0.97 | mesoLG 0.51 | troph 8/8 μ16.22 | NT[DA=0.15 NE=0.20 5HT=0.35 ACh=0.25 eCB=0.10 Glu=0.45 GABA=0.15] | osc[δ=0.265 θ=0.348 γ=0.388]
step  2040 | loss 5.8125 | lm 5.8125 | ppl 334.5 | gnorm 0.757 | lr 2.99e-04 | 33064 tok/s | Φ 0.124 | λ₁ 0.075 | ign 0.97 | mesoLG 0.52 | troph 8/8 μ16.47 | NT[DA=0.15 NE=0.20 5HT=0.35 ACh=0.25 eCB=0.10 Glu=0.45 GABA=0.15] | osc[δ=0.283 θ=0.350 γ=0.367]
step  2060 | loss 6.1532 | lm 6.1532 | ppl 470.2 | gnorm 0.545 | lr 2.99e-04 | 33256 tok/s | Φ 0.125 | λ₁ 0.075 | ign 0.97 | mesoLG 0.49 | troph 8/8 μ16.11 | NT[DA=0.15 NE=0.20 5HT=0.35 ACh=0.25 eCB=0.10 Glu=0.45 GABA=0.15] | osc[δ=0.311 θ=0.342 γ=0.347]
step  2080 | loss 6.1042 | lm 6.1042 | ppl 447.7 | gnorm 0.506 | lr 2.99e-04 | 33290 tok/s | Φ 0.134 | λ₁ 0.075 | ign 0.97 | mesoLG 0.50 | troph 8/8 μ15.97 | NT[DA=0.15 NE=0.20 5HT=0.35 ACh=0.25 eCB=0.10 Glu=0.45 GABA=0.15] | osc[δ=0.344 θ=0.318 γ=0.338]
step  2100 | loss 6.2073 | lm 6.2073 | ppl 496.4 | gnorm 0.503 | lr 2.99e-04 | 32494 tok/s | Φ 0.111 | λ₁ 0.075 | ign 0.98 | mesoLG 0.51 | troph 8/8 μ16.44 | NT[DA=0.15 NE=0.20 5HT=0.35 ACh=0.25 eCB=0.10 Glu=0.45 GABA=0.15] | osc[δ=0.326 θ=0.340 γ=0.334]
step  2120 | loss 6.0849 | lm 6.0849 | ppl 439.2 | gnorm 0.717 | lr 2.99e-04 | 33022 tok/s | Φ 0.129 | λ₁ 0.075 | ign 0.98 | mesoLG 0.49 | troph 8/8 μ16.22 | NT[DA=0.15 NE=0.20 5HT=0.35 ACh=0.25 eCB=0.10 Glu=0.45 GABA=0.15] | osc[δ=0.331 θ=0.317 γ=0.353]
step  2140 | loss 5.8864 | lm 5.8864 | ppl 360.1 | gnorm 0.498 | lr 2.99e-04 | 32541 tok/s | Φ 0.125 | λ₁ 0.075 | ign 0.97 | mesoLG 0.53 | troph 8/8 μ16.54 | NT[DA=0.15 NE=0.20 5HT=0.35 ACh=0.25 eCB=0.10 Glu=0.45 GABA=0.15] | osc[δ=0.284 θ=0.336 γ=0.379]
step  2160 | loss 6.1099 | lm 6.1099 | ppl 450.3 | gnorm 0.607 | lr 2.99e-04 | 32737 tok/s | Φ 0.135 | λ₁ 0.075 | ign 0.97 | mesoLG 0.53 | troph 8/8 μ16.60 | NT[DA=0.15 NE=0.20 5HT=0.35 ACh=0.25 eCB=0.10 Glu=0.45 GABA=0.15] | osc[δ=0.325 θ=0.323 γ=0.353]
step  2180 | loss 6.2195 | lm 6.2195 | ppl 502.5 | gnorm 5.626 | lr 2.99e-04 | 32540 tok/s | Φ 0.084 | λ₁ 0.075 | ign 0.91 | mesoLG 0.49 | troph 8/8 μ15.78 | NT[DA=0.15 NE=0.20 5HT=0.35 ACh=0.25 eCB=0.10 Glu=0.45 GABA=0.15] | osc[δ=0.312 θ=0.332 γ=0.356]
step  2200 | loss 5.9827 | lm 5.9827 | ppl 396.5 | gnorm 0.680 | lr 2.98e-04 | 32641 tok/s | Φ 0.140 | λ₁ 0.075 | ign 0.96 | mesoLG 0.54 | troph 8/8 μ15.77 | NT[DA=0.15 NE=0.20 5HT=0.35 ACh=0.25 eCB=0.10 Glu=0.45 GABA=0.15] | osc[δ=0.322 θ=0.253 γ=0.424]
step  2220 | loss 6.0110 | lm 6.0110 | ppl 407.9 | gnorm 0.639 | lr 2.98e-04 | 32420 tok/s | Φ 0.141 | λ₁ 0.075 | ign 0.97 | mesoLG 0.50 | troph 8/8 μ15.76 | NT[DA=0.15 NE=0.20 5HT=0.35 ACh=0.25 eCB=0.10 Glu=0.45 GABA=0.15] | osc[δ=0.331 θ=0.229 γ=0.440]
step  2240 | loss 6.1430 | lm 6.1430 | ppl 465.4 | gnorm 0.488 | lr 2.98e-04 | 32797 tok/s | Φ 0.122 | λ₁ 0.075 | ign 0.98 | mesoLG 0.45 | troph 8/8 μ15.94 | NT[DA=0.15 NE=0.20 5HT=0.35 ACh=0.25 eCB=0.10 Glu=0.45 GABA=0.15] | osc[δ=0.309 θ=0.275 γ=0.416]
step  2260 | loss 6.3062 | lm 6.3062 | ppl 548.0 | gnorm 0.790 | lr 2.98e-04 | 33582 tok/s | Φ 0.137 | λ₁ 0.075 | ign 0.96 | mesoLG 0.47 | troph 8/8 μ15.96 | NT[DA=0.15 NE=0.20 5HT=0.35 ACh=0.25 eCB=0.10 Glu=0.45 GABA=0.15] | osc[δ=0.300 θ=0.290 γ=0.410]
step  2280 | loss 5.6255 | lm 5.6255 | ppl 277.4 | gnorm 0.589 | lr 2.98e-04 | 33048 tok/s | Φ 0.137 | λ₁ 0.075 | ign 0.98 | mesoLG 0.51 | troph 8/8 μ15.95 | NT[DA=0.15 NE=0.20 5HT=0.35 ACh=0.25 eCB=0.10 Glu=0.45 GABA=0.15] | osc[δ=0.284 θ=0.347 γ=0.369]
step  2300 | loss 5.8928 | lm 5.8928 | ppl 362.4 | gnorm 1.166 | lr 2.98e-04 | 33036 tok/s | Φ 0.140 | λ₁ 0.075 | ign 0.97 | mesoLG 0.49 | troph 8/8 μ15.86 | NT[DA=0.15 NE=0.20 5HT=0.35 ACh=0.25 eCB=0.10 Glu=0.45 GABA=0.15] | osc[δ=0.268 θ=0.360 γ=0.373]
step  2320 | loss 5.9905 | lm 5.9905 | ppl 399.6 | gnorm 0.579 | lr 2.98e-04 | 32180 tok/s | Φ 0.143 | λ₁ 0.075 | ign 0.97 | mesoLG 0.50 | troph 8/8 μ16.01 | NT[DA=0.15 NE=0.20 5HT=0.35 ACh=0.25 eCB=0.10 Glu=0.45 GABA=0.15] | osc[δ=0.283 θ=0.389 γ=0.328]
step  2340 | loss 5.9474 | lm 5.9474 | ppl 382.7 | gnorm 0.586 | lr 2.98e-04 | 32933 tok/s | Φ 0.137 | λ₁ 0.075 | ign 0.97 | mesoLG 0.48 | troph 8/8 μ15.60 | NT[DA=0.15 NE=0.20 5HT=0.35 ACh=0.25 eCB=0.10 Glu=0.45 GABA=0.15] | osc[δ=0.320 θ=0.341 γ=0.338]
step  2360 | loss 5.9947 | lm 5.9947 | ppl 401.3 | gnorm 0.881 | lr 2.98e-04 | 33303 tok/s | Φ 0.103 | λ₁ 0.075 | ign 0.93 | mesoLG 0.53 | troph 8/8 μ15.36 | NT[DA=0.15 NE=0.20 5HT=0.35 ACh=0.25 eCB=0.10 Glu=0.45 GABA=0.15] | osc[δ=0.351 θ=0.313 γ=0.336]
step  2380 | loss 5.8546 | lm 5.8546 | ppl 348.8 | gnorm 0.631 | lr 2.98e-04 | 32810 tok/s | Φ 0.128 | λ₁ 0.075 | ign 0.96 | mesoLG 0.52 | troph 8/8 μ15.23 | NT[DA=0.15 NE=0.20 5HT=0.35 ACh=0.25 eCB=0.10 Glu=0.45 GABA=0.15] | osc[δ=0.302 θ=0.342 γ=0.356]
step  2400 | loss 5.9007 | lm 5.9007 | ppl 365.3 | gnorm 0.554 | lr 2.98e-04 | 32322 tok/s | Φ 0.145 | λ₁ 0.075 | ign 0.97 | mesoLG 0.50 | troph 8/8 μ15.22 | NT[DA=0.15 NE=0.20 5HT=0.35 ACh=0.25 eCB=0.10 Glu=0.45 GABA=0.15] | osc[δ=0.309 θ=0.345 γ=0.345]
step  2420 | loss 5.9645 | lm 5.9645 | ppl 389.4 | gnorm 0.640 | lr 2.98e-04 | 32689 tok/s | Φ 0.133 | λ₁ 0.075 | ign 0.96 | mesoLG 0.50 | troph 8/8 μ15.18 | NT[DA=0.15 NE=0.20 5HT=0.35 ACh=0.25 eCB=0.10 Glu=0.45 GABA=0.15] | osc[δ=0.257 θ=0.395 γ=0.348]
step  2440 | loss 6.0545 | lm 6.0545 | ppl 426.0 | gnorm 0.471 | lr 2.98e-04 | 32378 tok/s | Φ 0.131 | λ₁ 0.075 | ign 0.98 | mesoLG 0.48 | troph 8/8 μ15.31 | NT[DA=0.15 NE=0.20 5HT=0.35 ACh=0.25 eCB=0.10 Glu=0.45 GABA=0.15] | osc[δ=0.270 θ=0.363 γ=0.367]
step  2460 | loss 5.9755 | lm 5.9755 | ppl 393.7 | gnorm 0.678 | lr 2.98e-04 | 32682 tok/s | Φ 0.129 | λ₁ 0.075 | ign 0.96 | mesoLG 0.48 | troph 8/8 μ15.13 | NT[DA=0.15 NE=0.20 5HT=0.35 ACh=0.25 eCB=0.10 Glu=0.45 GABA=0.15] | osc[δ=0.301 θ=0.299 γ=0.400]
step  2480 | loss 5.9559 | lm 5.9559 | ppl 386.0 | gnorm 0.616 | lr 2.98e-04 | 33015 tok/s | Φ 0.150 | λ₁ 0.075 | ign 0.97 | mesoLG 0.46 | troph 8/8 μ15.23 | NT[DA=0.15 NE=0.20 5HT=0.35 ACh=0.25 eCB=0.10 Glu=0.45 GABA=0.15] | osc[δ=0.305 θ=0.294 γ=0.401]
step  2500 | loss 5.9907 | lm 5.9907 | ppl 399.7 | gnorm 0.775 | lr 2.98e-04 | 31696 tok/s | Φ 0.149 | λ₁ 0.075 | ign 0.97 | mesoLG 0.47 | troph 8/8 μ15.23 | NT[DA=0.15 NE=0.20 5HT=0.35 ACh=0.25 eCB=0.10 Glu=0.45 GABA=0.15] | osc[δ=0.330 θ=0.296 γ=0.374]
[mid-ood] step 2500: WikiText-103 snapshot...
[mid-ood] step 2500: wikitext ppl=2540.7 gap_ratio=6.36 (train_ppl=399.7) (50 seq, 6430 tok)
step  2520 | loss 5.8318 | lm 5.8318 | ppl 341.0 | gnorm 0.493 | lr 2.98e-04 | 18556 tok/s | Φ 0.136 | λ₁ 0.075 | ign 0.96 | mesoLG 0.48 | troph 8/8 μ15.06 | NT[DA=0.15 NE=0.20 5HT=0.35 ACh=0.25 eCB=0.10 Glu=0.45 GABA=0.15] | osc[δ=0.302 θ=0.370 γ=0.328]
step  2540 | loss 5.9952 | lm 5.9952 | ppl 401.5 | gnorm 1.176 | lr 2.98e-04 | 31450 tok/s | Φ 0.142 | λ₁ 0.075 | ign 0.96 | mesoLG 0.50 | troph 8/8 μ15.23 | NT[DA=0.15 NE=0.20 5HT=0.35 ACh=0.25 eCB=0.10 Glu=0.45 GABA=0.15] | osc[δ=0.329 θ=0.317 γ=0.353]
step  2560 | loss 5.8758 | lm 5.8758 | ppl 356.3 | gnorm 0.654 | lr 2.98e-04 | 32822 tok/s | Φ 0.148 | λ₁ 0.075 | ign 0.97 | mesoLG 0.48 | troph 8/8 μ15.06 | NT[DA=0.15 NE=0.20 5HT=0.35 ACh=0.25 eCB=0.10 Glu=0.45 GABA=0.15] | osc[δ=0.349 θ=0.279 γ=0.372]
step  2580 | loss 5.9706 | lm 5.9706 | ppl 391.7 | gnorm 0.846 | lr 2.98e-04 | 32609 tok/s | Φ 0.146 | λ₁ 0.075 | ign 0.97 | mesoLG 0.49 | troph 8/8 μ14.89 | NT[DA=0.15 NE=0.20 5HT=0.35 ACh=0.25 eCB=0.10 Glu=0.45 GABA=0.15] | osc[δ=0.354 θ=0.273 γ=0.373]
step  2600 | loss 6.0435 | lm 6.0435 | ppl 421.3 | gnorm 0.871 | lr 2.98e-04 | 32912 tok/s | Φ 0.140 | λ₁ 0.075 | ign 0.96 | mesoLG 0.50 | troph 8/8 μ15.08 | NT[DA=0.15 NE=0.20 5HT=0.35 ACh=0.25 eCB=0.10 Glu=0.45 GABA=0.15] | osc[δ=0.331 θ=0.252 γ=0.417]
step  2620 | loss 5.9917 | lm 5.9917 | ppl 400.1 | gnorm 0.531 | lr 2.98e-04 | 31279 tok/s | Φ 0.162 | λ₁ 0.075 | ign 0.97 | mesoLG 0.50 | troph 8/8 μ15.27 | NT[DA=0.15 NE=0.20 5HT=0.35 ACh=0.25 eCB=0.10 Glu=0.45 GABA=0.15] | osc[δ=0.350 θ=0.217 γ=0.433]
step  2640 | loss 5.9555 | lm 5.9555 | ppl 385.9 | gnorm 0.611 | lr 2.98e-04 | 31955 tok/s | Φ 0.153 | λ₁ 0.075 | ign 0.98 | mesoLG 0.50 | troph 8/8 μ15.43 | NT[DA=0.15 NE=0.20 5HT=0.35 ACh=0.25 eCB=0.10 Glu=0.45 GABA=0.15] | osc[δ=0.321 θ=0.260 γ=0.419]
step  2660 | loss 5.9047 | lm 5.9047 | ppl 366.8 | gnorm 0.633 | lr 2.98e-04 | 33259 tok/s | Φ 0.143 | λ₁ 0.075 | ign 0.98 | mesoLG 0.49 | troph 8/8 μ14.93 | NT[DA=0.15 NE=0.20 5HT=0.35 ACh=0.25 eCB=0.10 Glu=0.45 GABA=0.15] | osc[δ=0.294 θ=0.212 γ=0.493]
step  2680 | loss 5.8814 | lm 5.8814 | ppl 358.3 | gnorm 0.616 | lr 2.98e-04 | 32586 tok/s | Φ 0.163 | λ₁ 0.075 | ign 0.97 | mesoLG 0.51 | troph 8/8 μ14.69 | NT[DA=0.15 NE=0.20 5HT=0.35 ACh=0.25 eCB=0.10 Glu=0.45 GABA=0.15] | osc[δ=0.309 θ=0.261 γ=0.430]
step  2700 | loss 5.9522 | lm 5.9522 | ppl 384.6 | gnorm 0.652 | lr 2.98e-04 | 32457 tok/s | Φ 0.155 | λ₁ 0.075 | ign 0.97 | mesoLG 0.50 | troph 8/8 μ14.94 | NT[DA=0.15 NE=0.20 5HT=0.35 ACh=0.25 eCB=0.10 Glu=0.45 GABA=0.15] | osc[δ=0.298 θ=0.270 γ=0.432]
step  2720 | loss 5.9974 | lm 5.9974 | ppl 402.4 | gnorm 0.704 | lr 2.98e-04 | 33573 tok/s | Φ 0.156 | λ₁ 0.075 | ign 0.97 | mesoLG 0.53 | troph 8/8 μ14.84 | NT[DA=0.15 NE=0.20 5HT=0.35 ACh=0.25 eCB=0.10 Glu=0.45 GABA=0.15] | osc[δ=0.404 θ=0.311 γ=0.285]
step  2740 | loss 5.8901 | lm 5.8901 | ppl 361.4 | gnorm 0.558 | lr 2.97e-04 | 33138 tok/s | Φ 0.171 | λ₁ 0.075 | ign 0.97 | mesoLG 0.52 | troph 8/8 μ14.65 | NT[DA=0.15 NE=0.20 5HT=0.35 ACh=0.25 eCB=0.10 Glu=0.45 GABA=0.15] | osc[δ=0.364 θ=0.322 γ=0.314]
step  2760 | loss 5.9934 | lm 5.9934 | ppl 400.8 | gnorm 0.633 | lr 2.97e-04 | 32672 tok/s | Φ 0.144 | λ₁ 0.075 | ign 0.97 | mesoLG 0.51 | troph 8/8 μ14.66 | NT[DA=0.15 NE=0.20 5HT=0.35 ACh=0.25 eCB=0.10 Glu=0.45 GABA=0.15] | osc[δ=0.354 θ=0.363 γ=0.284]
step  2780 | loss 5.8343 | lm 5.8343 | ppl 341.8 | gnorm 0.698 | lr 2.97e-04 | 33473 tok/s | Φ 0.152 | λ₁ 0.075 | ign 0.95 | mesoLG 0.56 | troph 8/8 μ14.62 | NT[DA=0.15 NE=0.20 5HT=0.35 ACh=0.25 eCB=0.10 Glu=0.45 GABA=0.15] | osc[δ=0.304 θ=0.372 γ=0.324]
step  2800 | loss 5.7188 | lm 5.7188 | ppl 304.5 | gnorm 0.570 | lr 2.97e-04 | 32132 tok/s | Φ 0.157 | λ₁ 0.075 | ign 0.97 | mesoLG 0.52 | troph 8/8 μ14.62 | NT[DA=0.15 NE=0.20 5HT=0.35 ACh=0.25 eCB=0.10 Glu=0.45 GABA=0.15] | osc[δ=0.278 θ=0.439 γ=0.284]
step  2820 | loss 5.9264 | lm 5.9264 | ppl 374.8 | gnorm 0.545 | lr 2.97e-04 | 32291 tok/s | Φ 0.144 | λ₁ 0.075 | ign 0.95 | mesoLG 0.50 | troph 8/8 μ14.52 | NT[DA=0.15 NE=0.20 5HT=0.35 ACh=0.25 eCB=0.10 Glu=0.45 GABA=0.15] | osc[δ=0.326 θ=0.347 γ=0.327]
step  2840 | loss 5.9173 | lm 5.9173 | ppl 371.4 | gnorm 0.691 | lr 2.97e-04 | 32456 tok/s | Φ 0.143 | λ₁ 0.075 | ign 0.97 | mesoLG 0.46 | troph 8/8 μ14.32 | NT[DA=0.15 NE=0.20 5HT=0.35 ACh=0.25 eCB=0.10 Glu=0.45 GABA=0.15] | osc[δ=0.278 θ=0.337 γ=0.385]
step  2860 | loss 5.5611 | lm 5.5611 | ppl 260.1 | gnorm 0.500 | lr 2.97e-04 | 32431 tok/s | Φ 0.149 | λ₁ 0.075 | ign 0.97 | mesoLG 0.47 | troph 8/8 μ14.47 | NT[DA=0.15 NE=0.20 5HT=0.35 ACh=0.25 eCB=0.10 Glu=0.45 GABA=0.15] | osc[δ=0.292 θ=0.326 γ=0.382]
step  2880 | loss 5.3194 | lm 5.3194 | ppl 204.3 | gnorm 0.505 | lr 2.97e-04 | 32172 tok/s | Φ 0.144 | λ₁ 0.075 | ign 0.97 | mesoLG 0.54 | troph 8/8 μ14.67 | NT[DA=0.15 NE=0.20 5HT=0.35 ACh=0.25 eCB=0.10 Glu=0.45 GABA=0.15] | osc[δ=0.329 θ=0.270 γ=0.401]
step  2900 | loss 5.1338 | lm 5.1338 | ppl 169.7 | gnorm 0.505 | lr 2.97e-04 | 32444 tok/s | Φ 0.154 | λ₁ 0.075 | ign 0.97 | mesoLG 0.46 | troph 8/8 μ14.48 | NT[DA=0.15 NE=0.20 5HT=0.35 ACh=0.25 eCB=0.10 Glu=0.45 GABA=0.15] | osc[δ=0.290 θ=0.306 γ=0.404]
step  2920 | loss 5.2897 | lm 5.2897 | ppl 198.3 | gnorm 0.515 | lr 2.97e-04 | 33336 tok/s | Φ 0.161 | λ₁ 0.075 | ign 0.97 | mesoLG 0.47 | troph 8/8 μ14.45 | NT[DA=0.15 NE=0.20 5HT=0.35 ACh=0.25 eCB=0.10 Glu=0.45 GABA=0.15] | osc[δ=0.320 θ=0.323 γ=0.357]
step  2940 | loss 5.3451 | lm 5.3451 | ppl 209.6 | gnorm 0.748 | lr 2.97e-04 | 32584 tok/s | Φ 0.158 | λ₁ 0.075 | ign 0.97 | mesoLG 0.49 | troph 8/8 μ14.59 | NT[DA=0.15 NE=0.20 5HT=0.35 ACh=0.25 eCB=0.10 Glu=0.45 GABA=0.15] | osc[δ=0.349 θ=0.312 γ=0.339]
step  2960 | loss 5.3756 | lm 5.3756 | ppl 216.1 | gnorm 0.906 | lr 2.97e-04 | 32396 tok/s | Φ 0.132 | λ₁ 0.075 | ign 0.98 | mesoLG 0.45 | troph 8/8 μ14.56 | NT[DA=0.15 NE=0.20 5HT=0.35 ACh=0.25 eCB=0.10 Glu=0.45 GABA=0.15] | osc[δ=0.330 θ=0.355 γ=0.315]
step  2980 | loss 6.2561 | lm 6.2561 | ppl 521.2 | gnorm 0.782 | lr 2.97e-04 | 32204 tok/s | Φ 0.126 | λ₁ 0.075 | ign 0.98 | mesoLG 0.49 | troph 8/8 μ15.50 | NT[DA=0.15 NE=0.20 5HT=0.35 ACh=0.25 eCB=0.10 Glu=0.45 GABA=0.15] | osc[δ=0.278 θ=0.371 γ=0.351]
step  3000 | loss 6.1202 | lm 6.1202 | ppl 454.9 | gnorm 0.772 | lr 2.97e-04 | 33239 tok/s | Φ 0.128 | λ₁ 0.075 | ign 0.98 | mesoLG 0.49 | troph 8/8 μ15.90 | NT[DA=0.15 NE=0.20 5HT=0.35 ACh=0.25 eCB=0.10 Glu=0.45 GABA=0.15] | osc[δ=0.257 θ=0.375 γ=0.368]
[train_dsl] saved checkpoint /workspace/brian/lfs_checkpoints/dsl_arch_20260601-184613_step3000.pt
[mid-ood] step 3000: WikiText-103 snapshot...
[mid-ood] step 3000: wikitext ppl=2468.3 gap_ratio=5.43 (train_ppl=454.9) (50 seq, 6430 tok)
step  3020 | loss 5.6620 | lm 5.6620 | ppl 287.7 | gnorm 0.650 | lr 2.97e-04 | 16163 tok/s | Φ 0.132 | λ₁ 0.075 | ign 0.98 | mesoLG 0.53 | troph 8/8 μ16.64 | NT[DA=0.15 NE=0.20 5HT=0.35 ACh=0.25 eCB=0.10 Glu=0.45 GABA=0.15] | osc[δ=0.306 θ=0.335 γ=0.359]
step  3040 | loss 6.1256 | lm 6.1256 | ppl 457.4 | gnorm 1.186 | lr 2.97e-04 | 32727 tok/s | Φ 0.133 | λ₁ 0.075 | ign 0.97 | mesoLG 0.52 | troph 8/8 μ17.05 | NT[DA=0.15 NE=0.20 5HT=0.35 ACh=0.25 eCB=0.10 Glu=0.45 GABA=0.15] | osc[δ=0.279 θ=0.355 γ=0.366]
step  3060 | loss 5.9480 | lm 5.9480 | ppl 383.0 | gnorm 0.605 | lr 2.97e-04 | 32285 tok/s | Φ 0.132 | λ₁ 0.075 | ign 0.98 | mesoLG 0.51 | troph 8/8 μ17.90 | NT[DA=0.15 NE=0.20 5HT=0.35 ACh=0.25 eCB=0.10 Glu=0.45 GABA=0.15] | osc[δ=0.315 θ=0.314 γ=0.371]
step  3080 | loss 5.9476 | lm 5.9476 | ppl 382.8 | gnorm 0.904 | lr 2.97e-04 | 31507 tok/s | Φ 0.129 | λ₁ 0.075 | ign 0.98 | mesoLG 0.52 | troph 8/8 μ18.60 | NT[DA=0.15 NE=0.20 5HT=0.35 ACh=0.25 eCB=0.10 Glu=0.45 GABA=0.15] | osc[δ=0.395 θ=0.304 γ=0.301]
step  3100 | loss 5.8894 | lm 5.8894 | ppl 361.2 | gnorm 1.071 | lr 2.97e-04 | 33083 tok/s | Φ 0.129 | λ₁ 0.075 | ign 0.98 | mesoLG 0.47 | troph 8/8 μ18.96 | NT[DA=0.15 NE=0.20 5HT=0.35 ACh=0.25 eCB=0.10 Glu=0.45 GABA=0.15] | osc[δ=0.380 θ=0.338 γ=0.282]
step  3120 | loss 6.1160 | lm 6.1160 | ppl 453.0 | gnorm 0.920 | lr 2.97e-04 | 33344 tok/s | Φ 0.149 | λ₁ 0.075 | ign 0.98 | mesoLG 0.50 | troph 8/8 μ19.88 | NT[DA=0.15 NE=0.20 5HT=0.35 ACh=0.25 eCB=0.10 Glu=0.45 GABA=0.15] | osc[δ=0.368 θ=0.340 γ=0.292]
step  3140 | loss 6.0968 | lm 6.0968 | ppl 444.4 | gnorm 0.714 | lr 2.97e-04 | 33503 tok/s | Φ 0.129 | λ₁ 0.075 | ign 0.98 | mesoLG 0.50 | troph 8/8 μ19.30 | NT[DA=0.15 NE=0.20 5HT=0.35 ACh=0.25 eCB=0.10 Glu=0.45 GABA=0.15] | osc[δ=0.357 θ=0.320 γ=0.323]
step  3160 | loss 5.7119 | lm 5.7119 | ppl 302.4 | gnorm 1.045 | lr 2.97e-04 | 32555 tok/s | Φ 0.126 | λ₁ 0.075 | ign 0.98 | mesoLG 0.52 | troph 8/8 μ19.03 | NT[DA=0.15 NE=0.20 5HT=0.35 ACh=0.25 eCB=0.10 Glu=0.45 GABA=0.15] | osc[δ=0.414 θ=0.259 γ=0.327]
step  3180 | loss 5.9054 | lm 5.9054 | ppl 367.0 | gnorm 0.622 | lr 2.97e-04 | 33460 tok/s | Φ 0.121 | λ₁ 0.075 | ign 0.98 | mesoLG 0.50 | troph 8/8 μ19.42 | NT[DA=0.15 NE=0.20 5HT=0.35 ACh=0.25 eCB=0.10 Glu=0.45 GABA=0.15] | osc[δ=0.378 θ=0.245 γ=0.377]
step  3200 | loss 5.8603 | lm 5.8603 | ppl 350.8 | gnorm 0.556 | lr 2.96e-04 | 32384 tok/s | Φ 0.120 | λ₁ 0.075 | ign 0.99 | mesoLG 0.53 | troph 8/8 μ19.48 | NT[DA=0.15 NE=0.20 5HT=0.35 ACh=0.25 eCB=0.10 Glu=0.45 GABA=0.15] | osc[δ=0.407 θ=0.269 γ=0.324]
