════════════════════════════════════════════════════════════════
  DSL-driven training loop
  arch=rcc_bowtie (folder: architectures/rcc_bowtie)
  steps=40000 batch=16 seq_len=2048 d_sem=384
  ckpt_dir=/workspace/brian/lfs_checkpoints
════════════════════════════════════════════════════════════════

▶ launch attempt 1 @ 17:02:26Z
[train_dsl] preset rcc_bowtie_30m_p4: d_model=384 depth=4 heads=6 vocab=50257 lr=0.0003 warmup=300 min_ratio=0.1 wd=0.05
[train_dsl] scale 100m (~~100M): d_model=640 depth=8 heads=10 batch=4 ctx=2048 grad_accum=4 dist=single
[train_dsl] DSL-LM (full N8 cortex): vocab=50257 d_model=640 depth=8 heads=10 ctx=2048
[train_dsl] training config: loss_clip=True(f=3.0), opt=adamw, lr=0.0003, grad_accum=1, label_smooth=0.05, wd=0.1, dropout=0.0, pct_strength=0.0
[train_dsl] DSL-LM parameters: 134.8M
[train_dsl] mixed precision: bf16
BRIANHarness:
  vocab_size = 50257
  d_sem      = 640
  parameters = 134,792,213
  circuit populations = 0
  sink population = 
  loss clipping = True (factor=3.0)
  optimizer = adamw (lr=0.0003)
[train_dsl] device=cuda, warmup=300/40000
[train_dsl] skipping 15 LFS pointer file(s) in /workspace/brian/lfs_checkpoints
[data:text] using FineWeb-Edu-10BT (HuggingFaceFW/fineweb-edu:sample-10BT)
[data:chat] using OpenHermes-2.5 (teknium/OpenHermes-2.5)
step    20 | loss 10.7909 | lm 10.7909 | ppl 48575.3 | gnorm 2.065 | lr 2.00e-05 | 24427 tok/s | Φ 0.592 | λ₁ 0.075 | ign 0.19 | mesoLG 0.50 | troph 8/8 μ0.85 | NT[DA=0.15 NE=0.20 5HT=0.35 ACh=0.25 eCB=0.10 Glu=0.45 GABA=0.15] | osc[δ=0.603 θ=0.209 γ=0.188]
step    40 | loss 10.4195 | lm 10.4195 | ppl 33506.6 | gnorm 4.923 | lr 4.00e-05 | 32844 tok/s | Φ 0.663 | λ₁ 0.075 | ign 0.23 | mesoLG 0.51 | troph 8/8 μ1.43 | NT[DA=0.15 NE=0.20 5HT=0.35 ACh=0.25 eCB=0.10 Glu=0.45 GABA=0.15] | osc[δ=0.709 θ=0.143 γ=0.148]
step    60 | loss 9.9056 | lm 9.9056 | ppl 20042.0 | gnorm 3.334 | lr 6.00e-05 | 32915 tok/s | Φ 0.692 | λ₁ 0.075 | ign 0.30 | mesoLG 0.51 | troph 8/8 μ2.17 | NT[DA=0.15 NE=0.20 5HT=0.35 ACh=0.25 eCB=0.10 Glu=0.45 GABA=0.15] | osc[δ=0.720 θ=0.167 γ=0.113]
step    80 | loss 9.2389 | lm 9.2389 | ppl 10289.8 | gnorm 2.169 | lr 8.00e-05 | 32854 tok/s | Φ 0.687 | λ₁ 0.075 | ign 0.16 | mesoLG 0.51 | troph 8/8 μ2.92 | NT[DA=0.15 NE=0.20 5HT=0.35 ACh=0.25 eCB=0.10 Glu=0.45 GABA=0.15] | osc[δ=0.677 θ=0.176 γ=0.146]
step   100 | loss 8.5885 | lm 8.5885 | ppl 5369.4 | gnorm 2.156 | lr 1.00e-04 | 32923 tok/s | Φ 0.656 | λ₁ 0.075 | ign 0.10 | mesoLG 0.51 | troph 8/8 μ3.82 | NT[DA=0.15 NE=0.20 5HT=0.35 ACh=0.25 eCB=0.10 Glu=0.45 GABA=0.15] | osc[δ=0.668 θ=0.166 γ=0.166]
step   120 | loss 8.0503 | lm 8.0503 | ppl 3134.6 | gnorm 1.294 | lr 1.20e-04 | 32923 tok/s | Φ 0.673 | λ₁ 0.075 | ign 0.08 | mesoLG 0.51 | troph 8/8 μ4.77 | NT[DA=0.15 NE=0.20 5HT=0.35 ACh=0.25 eCB=0.10 Glu=0.45 GABA=0.15] | osc[δ=0.667 θ=0.148 γ=0.185]
step   140 | loss 7.5603 | lm 7.5603 | ppl 1920.5 | gnorm 2.742 | lr 1.40e-04 | 32818 tok/s | Φ 0.664 | λ₁ 0.075 | ign 0.20 | mesoLG 0.52 | troph 8/8 μ4.95 | NT[DA=0.15 NE=0.20 5HT=0.35 ACh=0.25 eCB=0.10 Glu=0.45 GABA=0.15] | osc[δ=0.640 θ=0.176 γ=0.184]
step   160 | loss 7.5429 | lm 7.5429 | ppl 1887.3 | gnorm 1.234 | lr 1.60e-04 | 32656 tok/s | Φ 0.669 | λ₁ 0.075 | ign 0.58 | mesoLG 0.49 | troph 8/8 μ6.21 | NT[DA=0.15 NE=0.20 5HT=0.35 ACh=0.25 eCB=0.10 Glu=0.45 GABA=0.15] | osc[δ=0.601 θ=0.192 γ=0.207]
step   180 | loss 7.6050 | lm 7.6050 | ppl 2008.2 | gnorm 1.549 | lr 1.80e-04 | 32944 tok/s | Φ 0.679 | λ₁ 0.075 | ign 0.56 | mesoLG 0.52 | troph 8/8 μ6.71 | NT[DA=0.15 NE=0.20 5HT=0.35 ACh=0.25 eCB=0.10 Glu=0.45 GABA=0.15] | osc[δ=0.595 θ=0.147 γ=0.258]
step   200 | loss 7.4318 | lm 7.4318 | ppl 1688.8 | gnorm 0.620 | lr 2.00e-04 | 32818 tok/s | Φ 0.657 | λ₁ 0.075 | ign 0.78 | mesoLG 0.49 | troph 8/8 μ6.78 | NT[DA=0.15 NE=0.20 5HT=0.35 ACh=0.25 eCB=0.10 Glu=0.45 GABA=0.15] | osc[δ=0.503 θ=0.225 γ=0.272]
step   220 | loss 7.4383 | lm 7.4383 | ppl 1699.9 | gnorm 1.070 | lr 2.20e-04 | 32931 tok/s | Φ 0.786 | λ₁ 0.075 | ign 0.65 | mesoLG 0.51 | troph 8/8 μ8.76 | NT[DA=0.15 NE=0.20 5HT=0.35 ACh=0.25 eCB=0.10 Glu=0.45 GABA=0.15] | osc[δ=0.512 θ=0.277 γ=0.210]
step   240 | loss 7.2309 | lm 7.2309 | ppl 1381.5 | gnorm 1.053 | lr 2.40e-04 | 32535 tok/s | Φ 0.727 | λ₁ 0.075 | ign 0.70 | mesoLG 0.51 | troph 8/8 μ9.44 | NT[DA=0.15 NE=0.20 5HT=0.35 ACh=0.25 eCB=0.10 Glu=0.45 GABA=0.15] | osc[δ=0.500 θ=0.260 γ=0.239]
step   260 | loss 7.5132 | lm 7.5132 | ppl 1832.0 | gnorm 1.009 | lr 2.60e-04 | 32829 tok/s | Φ 0.789 | λ₁ 0.075 | ign 0.79 | mesoLG 0.51 | troph 8/8 μ8.39 | NT[DA=0.15 NE=0.20 5HT=0.35 ACh=0.25 eCB=0.10 Glu=0.45 GABA=0.15] | osc[δ=0.460 θ=0.286 γ=0.254]
step   280 | loss 7.3179 | lm 7.3179 | ppl 1507.0 | gnorm 1.035 | lr 2.80e-04 | 32705 tok/s | Φ 0.823 | λ₁ 0.075 | ign 0.73 | mesoLG 0.48 | troph 8/8 μ7.54 | NT[DA=0.15 NE=0.20 5HT=0.35 ACh=0.25 eCB=0.10 Glu=0.45 GABA=0.15] | osc[δ=0.501 θ=0.250 γ=0.250]
step   300 | loss 7.2193 | lm 7.2193 | ppl 1365.6 | gnorm 1.521 | lr 3.00e-04 | 32619 tok/s | Φ 0.901 | λ₁ 0.075 | ign 0.66 | mesoLG 0.52 | troph 8/8 μ7.22 | NT[DA=0.15 NE=0.20 5HT=0.35 ACh=0.25 eCB=0.10 Glu=0.45 GABA=0.15] | osc[δ=0.456 θ=0.333 γ=0.210]
step   320 | loss 6.9899 | lm 6.9899 | ppl 1085.6 | gnorm 1.565 | lr 3.00e-04 | 32740 tok/s | Φ 0.881 | λ₁ 0.075 | ign 0.77 | mesoLG 0.49 | troph 8/8 μ7.34 | NT[DA=0.15 NE=0.20 5HT=0.35 ACh=0.25 eCB=0.10 Glu=0.45 GABA=0.15] | osc[δ=0.568 θ=0.246 γ=0.186]
step   340 | loss 7.2430 | lm 7.2430 | ppl 1398.3 | gnorm 0.648 | lr 3.00e-04 | 32801 tok/s | Φ 0.871 | λ₁ 0.075 | ign 0.94 | mesoLG 0.49 | troph 8/8 μ7.16 | NT[DA=0.15 NE=0.20 5HT=0.35 ACh=0.25 eCB=0.10 Glu=0.45 GABA=0.15] | osc[δ=0.404 θ=0.274 γ=0.322]
step   360 | loss 7.1236 | lm 7.1236 | ppl 1240.9 | gnorm 1.035 | lr 3.00e-04 | 32668 tok/s | Φ 0.942 | λ₁ 0.075 | ign 0.83 | mesoLG 0.53 | troph 8/8 μ7.22 | NT[DA=0.15 NE=0.20 5HT=0.35 ACh=0.25 eCB=0.10 Glu=0.45 GABA=0.15] | osc[δ=0.494 θ=0.246 γ=0.260]
step   380 | loss 6.8420 | lm 6.8420 | ppl 936.4 | gnorm 2.266 | lr 3.00e-04 | 32507 tok/s | Φ 0.920 | λ₁ 0.075 | ign 0.85 | mesoLG 0.46 | troph 8/8 μ7.47 | NT[DA=0.15 NE=0.20 5HT=0.35 ACh=0.25 eCB=0.10 Glu=0.45 GABA=0.15] | osc[δ=0.513 θ=0.252 γ=0.234]
step   400 | loss 6.9872 | lm 6.9872 | ppl 1082.7 | gnorm 1.402 | lr 3.00e-04 | 32397 tok/s | Φ 0.951 | λ₁ 0.075 | ign 0.82 | mesoLG 0.47 | troph 8/8 μ7.81 | NT[DA=0.15 NE=0.20 5HT=0.35 ACh=0.25 eCB=0.10 Glu=0.45 GABA=0.15] | osc[δ=0.561 θ=0.200 γ=0.239]
step   420 | loss 7.0733 | lm 7.0733 | ppl 1180.1 | gnorm 0.794 | lr 3.00e-04 | 32466 tok/s | Φ 0.964 | λ₁ 0.075 | ign 0.91 | mesoLG 0.49 | troph 8/8 μ8.00 | NT[DA=0.15 NE=0.20 5HT=0.35 ACh=0.25 eCB=0.10 Glu=0.45 GABA=0.15] | osc[δ=0.535 θ=0.221 γ=0.244]
step   440 | loss 6.9248 | lm 6.9248 | ppl 1017.1 | gnorm 0.899 | lr 3.00e-04 | 32442 tok/s | Φ 0.962 | λ₁ 0.075 | ign 0.92 | mesoLG 0.48 | troph 8/8 μ8.20 | NT[DA=0.15 NE=0.20 5HT=0.35 ACh=0.25 eCB=0.10 Glu=0.45 GABA=0.15] | osc[δ=0.559 θ=0.203 γ=0.238]
step   460 | loss 6.8163 | lm 6.8163 | ppl 912.6 | gnorm 0.905 | lr 3.00e-04 | 32538 tok/s | Φ 1.059 | λ₁ 0.075 | ign 0.82 | mesoLG 0.49 | troph 8/8 μ8.25 | NT[DA=0.15 NE=0.20 5HT=0.35 ACh=0.25 eCB=0.10 Glu=0.45 GABA=0.15] | osc[δ=0.487 θ=0.216 γ=0.296]
step   480 | loss 6.9085 | lm 6.9085 | ppl 1000.7 | gnorm 0.763 | lr 3.00e-04 | 32395 tok/s | Φ 1.023 | λ₁ 0.075 | ign 0.89 | mesoLG 0.49 | troph 8/8 μ8.06 | NT[DA=0.15 NE=0.20 5HT=0.35 ACh=0.25 eCB=0.10 Glu=0.45 GABA=0.15] | osc[δ=0.475 θ=0.210 γ=0.316]
step   500 | loss 6.7279 | lm 6.7279 | ppl 835.4 | gnorm 1.435 | lr 3.00e-04 | 32444 tok/s | Φ 1.056 | λ₁ 0.075 | ign 0.82 | mesoLG 0.49 | troph 8/8 μ7.78 | NT[DA=0.15 NE=0.20 5HT=0.35 ACh=0.25 eCB=0.10 Glu=0.45 GABA=0.15] | osc[δ=0.522 θ=0.208 γ=0.270]
[mid-ood] step 500: WikiText-103 snapshot...
[mid-ood] step 500: wikitext ppl=3337.0 (50 seq, 6430 tok)
step   520 | loss 6.8542 | lm 6.8542 | ppl 947.8 | gnorm 1.809 | lr 3.00e-04 | 13608 tok/s | Φ 1.064 | λ₁ 0.075 | ign 0.81 | mesoLG 0.48 | troph 8/8 μ7.58 | NT[DA=0.15 NE=0.20 5HT=0.35 ACh=0.25 eCB=0.10 Glu=0.45 GABA=0.15] | osc[δ=0.516 θ=0.238 γ=0.245]
step   540 | loss 6.6689 | lm 6.6689 | ppl 787.5 | gnorm 0.762 | lr 3.00e-04 | 32586 tok/s | Φ 1.147 | λ₁ 0.075 | ign 0.76 | mesoLG 0.51 | troph 8/8 μ7.39 | NT[DA=0.15 NE=0.20 5HT=0.35 ACh=0.25 eCB=0.10 Glu=0.45 GABA=0.15] | osc[δ=0.476 θ=0.296 γ=0.228]
step   560 | loss 6.7119 | lm 6.7119 | ppl 822.1 | gnorm 0.895 | lr 3.00e-04 | 32875 tok/s | Φ 1.072 | λ₁ 0.075 | ign 0.88 | mesoLG 0.48 | troph 8/8 μ7.32 | NT[DA=0.15 NE=0.20 5HT=0.35 ACh=0.25 eCB=0.10 Glu=0.45 GABA=0.15] | osc[δ=0.479 θ=0.246 γ=0.275]
step   580 | loss 6.9119 | lm 6.9119 | ppl 1004.1 | gnorm 0.892 | lr 3.00e-04 | 32921 tok/s | Φ 1.084 | λ₁ 0.075 | ign 0.92 | mesoLG 0.47 | troph 8/8 μ7.62 | NT[DA=0.15 NE=0.20 5HT=0.35 ACh=0.25 eCB=0.10 Glu=0.45 GABA=0.15] | osc[δ=0.533 θ=0.192 γ=0.276]
step   600 | loss 6.5578 | lm 6.5578 | ppl 704.7 | gnorm 0.854 | lr 3.00e-04 | 32776 tok/s | Φ 1.107 | λ₁ 0.075 | ign 0.91 | mesoLG 0.48 | troph 8/8 μ7.62 | NT[DA=0.15 NE=0.20 5HT=0.35 ACh=0.25 eCB=0.10 Glu=0.45 GABA=0.15] | osc[δ=0.496 θ=0.262 γ=0.242]
step   620 | loss 6.6811 | lm 6.6811 | ppl 797.2 | gnorm 1.165 | lr 3.00e-04 | 32804 tok/s | Φ 1.097 | λ₁ 0.075 | ign 0.87 | mesoLG 0.49 | troph 8/8 μ7.33 | NT[DA=0.15 NE=0.20 5HT=0.35 ACh=0.25 eCB=0.10 Glu=0.45 GABA=0.15] | osc[δ=0.484 θ=0.249 γ=0.267]
step   640 | loss 6.6026 | lm 6.6026 | ppl 737.0 | gnorm 1.305 | lr 3.00e-04 | 32464 tok/s | Φ 1.156 | λ₁ 0.075 | ign 0.87 | mesoLG 0.52 | troph 8/8 μ7.60 | NT[DA=0.15 NE=0.20 5HT=0.35 ACh=0.25 eCB=0.10 Glu=0.45 GABA=0.15] | osc[δ=0.442 θ=0.243 γ=0.315]
step   660 | loss 6.4246 | lm 6.4246 | ppl 616.8 | gnorm 1.070 | lr 3.00e-04 | 32507 tok/s | Φ 1.177 | λ₁ 0.075 | ign 0.90 | mesoLG 0.51 | troph 8/8 μ7.90 | NT[DA=0.15 NE=0.20 5HT=0.35 ACh=0.25 eCB=0.10 Glu=0.45 GABA=0.15] | osc[δ=0.498 θ=0.207 γ=0.295]
step   680 | loss 6.7021 | lm 6.7021 | ppl 814.1 | gnorm 1.108 | lr 3.00e-04 | 32362 tok/s | Φ 1.136 | λ₁ 0.075 | ign 0.93 | mesoLG 0.50 | troph 8/8 μ7.92 | NT[DA=0.15 NE=0.20 5HT=0.35 ACh=0.25 eCB=0.10 Glu=0.45 GABA=0.15] | osc[δ=0.464 θ=0.252 γ=0.284]
step   700 | loss 6.5652 | lm 6.5652 | ppl 709.9 | gnorm 0.767 | lr 3.00e-04 | 32471 tok/s | Φ 1.115 | λ₁ 0.075 | ign 0.91 | mesoLG 0.48 | troph 8/8 μ7.70 | NT[DA=0.15 NE=0.20 5HT=0.35 ACh=0.25 eCB=0.10 Glu=0.45 GABA=0.15] | osc[δ=0.506 θ=0.254 γ=0.240]
step   720 | loss 6.6046 | lm 6.6046 | ppl 738.5 | gnorm 0.954 | lr 3.00e-04 | 32478 tok/s | Φ 1.226 | λ₁ 0.075 | ign 0.84 | mesoLG 0.53 | troph 8/8 μ7.66 | NT[DA=0.15 NE=0.20 5HT=0.35 ACh=0.25 eCB=0.10 Glu=0.45 GABA=0.15] | osc[δ=0.452 θ=0.239 γ=0.309]
step   740 | loss 6.6512 | lm 6.6512 | ppl 773.7 | gnorm 0.691 | lr 3.00e-04 | 32743 tok/s | Φ 1.222 | λ₁ 0.075 | ign 0.89 | mesoLG 0.50 | troph 8/8 μ7.78 | NT[DA=0.15 NE=0.20 5HT=0.35 ACh=0.25 eCB=0.10 Glu=0.45 GABA=0.15] | osc[δ=0.427 θ=0.237 γ=0.336]
step   760 | loss 6.3988 | lm 6.3988 | ppl 601.1 | gnorm 1.220 | lr 3.00e-04 | 32712 tok/s | Φ 1.193 | λ₁ 0.075 | ign 0.91 | mesoLG 0.50 | troph 8/8 μ7.87 | NT[DA=0.15 NE=0.20 5HT=0.35 ACh=0.25 eCB=0.10 Glu=0.45 GABA=0.15] | osc[δ=0.478 θ=0.234 γ=0.288]
step   780 | loss 6.4458 | lm 6.4458 | ppl 630.1 | gnorm 1.219 | lr 3.00e-04 | 32854 tok/s | Φ 1.160 | λ₁ 0.075 | ign 0.93 | mesoLG 0.46 | troph 8/8 μ7.80 | NT[DA=0.15 NE=0.20 5HT=0.35 ACh=0.25 eCB=0.10 Glu=0.45 GABA=0.15] | osc[δ=0.339 θ=0.305 γ=0.356]
step   800 | loss 6.4773 | lm 6.4773 | ppl 650.2 | gnorm 0.746 | lr 3.00e-04 | 32553 tok/s | Φ 1.176 | λ₁ 0.075 | ign 0.92 | mesoLG 0.46 | troph 8/8 μ7.74 | NT[DA=0.15 NE=0.20 5HT=0.35 ACh=0.25 eCB=0.10 Glu=0.45 GABA=0.15] | osc[δ=0.460 θ=0.270 γ=0.270]
step   820 | loss 6.4257 | lm 6.4257 | ppl 617.5 | gnorm 1.267 | lr 3.00e-04 | 32435 tok/s | Φ 1.240 | λ₁ 0.075 | ign 0.90 | mesoLG 0.51 | troph 8/8 μ8.05 | NT[DA=0.15 NE=0.20 5HT=0.35 ACh=0.25 eCB=0.10 Glu=0.45 GABA=0.15] | osc[δ=0.443 θ=0.296 γ=0.261]
step   840 | loss 6.4526 | lm 6.4526 | ppl 634.3 | gnorm 0.822 | lr 3.00e-04 | 32399 tok/s | Φ 1.248 | λ₁ 0.075 | ign 0.86 | mesoLG 0.50 | troph 8/8 μ8.09 | NT[DA=0.15 NE=0.20 5HT=0.35 ACh=0.25 eCB=0.10 Glu=0.45 GABA=0.15] | osc[δ=0.482 θ=0.253 γ=0.265]
step   860 | loss 6.4572 | lm 6.4572 | ppl 637.3 | gnorm 0.996 | lr 3.00e-04 | 32287 tok/s | Φ 1.134 | λ₁ 0.075 | ign 0.94 | mesoLG 0.46 | troph 8/8 μ8.23 | NT[DA=0.15 NE=0.20 5HT=0.35 ACh=0.25 eCB=0.10 Glu=0.45 GABA=0.15] | osc[δ=0.477 θ=0.261 γ=0.261]
step   880 | loss 6.2727 | lm 6.2727 | ppl 529.9 | gnorm 2.914 | lr 3.00e-04 | 32810 tok/s | Φ 1.255 | λ₁ 0.075 | ign 0.86 | mesoLG 0.52 | troph 8/8 μ8.30 | NT[DA=0.15 NE=0.20 5HT=0.35 ACh=0.25 eCB=0.10 Glu=0.45 GABA=0.15] | osc[δ=0.516 θ=0.228 γ=0.256]
step   900 | loss 6.0654 | lm 6.0654 | ppl 430.7 | gnorm 1.362 | lr 3.00e-04 | 32762 tok/s | Φ 1.278 | λ₁ 0.075 | ign 0.90 | mesoLG 0.51 | troph 8/8 μ8.16 | NT[DA=0.15 NE=0.20 5HT=0.35 ACh=0.25 eCB=0.10 Glu=0.45 GABA=0.15] | osc[δ=0.493 θ=0.244 γ=0.263]
step   920 | loss 6.4096 | lm 6.4096 | ppl 607.7 | gnorm 0.743 | lr 3.00e-04 | 32704 tok/s | Φ 1.221 | λ₁ 0.075 | ign 0.90 | mesoLG 0.53 | troph 8/8 μ8.00 | NT[DA=0.15 NE=0.20 5HT=0.35 ACh=0.25 eCB=0.10 Glu=0.45 GABA=0.15] | osc[δ=0.499 θ=0.198 γ=0.303]
step   940 | loss 6.3719 | lm 6.3719 | ppl 585.1 | gnorm 0.984 | lr 3.00e-04 | 32309 tok/s | Φ 1.227 | λ₁ 0.075 | ign 0.89 | mesoLG 0.52 | troph 8/8 μ8.14 | NT[DA=0.15 NE=0.20 5HT=0.35 ACh=0.25 eCB=0.10 Glu=0.45 GABA=0.15] | osc[δ=0.427 θ=0.216 γ=0.357]
step   960 | loss 6.2970 | lm 6.2970 | ppl 542.9 | gnorm 0.725 | lr 3.00e-04 | 32764 tok/s | Φ 1.185 | λ₁ 0.075 | ign 0.93 | mesoLG 0.50 | troph 8/8 μ8.22 | NT[DA=0.15 NE=0.20 5HT=0.35 ACh=0.25 eCB=0.10 Glu=0.45 GABA=0.15] | osc[δ=0.414 θ=0.238 γ=0.348]
step   980 | loss 6.1252 | lm 6.1252 | ppl 457.2 | gnorm 1.049 | lr 3.00e-04 | 32604 tok/s | Φ 1.276 | λ₁ 0.075 | ign 0.90 | mesoLG 0.57 | troph 8/8 μ8.06 | NT[DA=0.15 NE=0.20 5HT=0.35 ACh=0.25 eCB=0.10 Glu=0.45 GABA=0.15] | osc[δ=0.388 θ=0.302 γ=0.310]
step  1000 | loss 6.1325 | lm 6.1325 | ppl 460.6 | gnorm 1.003 | lr 3.00e-04 | 32297 tok/s | Φ 1.216 | λ₁ 0.075 | ign 0.84 | mesoLG 0.52 | troph 8/8 μ8.08 | NT[DA=0.15 NE=0.20 5HT=0.35 ACh=0.25 eCB=0.10 Glu=0.45 GABA=0.15] | osc[δ=0.380 θ=0.332 γ=0.287]
[train_dsl] saved checkpoint /workspace/brian/lfs_checkpoints/dsl_arch_20260601-170226_step1000.pt
[mid-ood] step 1000: WikiText-103 snapshot...
[mid-ood] step 1000: wikitext ppl=2446.8 (50 seq, 6430 tok)
step  1020 | loss 6.2140 | lm 6.2140 | ppl 499.7 | gnorm 1.327 | lr 3.00e-04 | 12571 tok/s | Φ 1.239 | λ₁ 0.075 | ign 0.87 | mesoLG 0.53 | troph 8/8 μ8.15 | NT[DA=0.15 NE=0.20 5HT=0.35 ACh=0.25 eCB=0.10 Glu=0.45 GABA=0.15] | osc[δ=0.423 θ=0.313 γ=0.263]
step  1040 | loss 6.1590 | lm 6.1590 | ppl 472.9 | gnorm 0.822 | lr 3.00e-04 | 32747 tok/s | Φ 1.217 | λ₁ 0.075 | ign 0.92 | mesoLG 0.49 | troph 8/8 μ8.05 | NT[DA=0.15 NE=0.20 5HT=0.35 ACh=0.25 eCB=0.10 Glu=0.45 GABA=0.15] | osc[δ=0.403 θ=0.319 γ=0.277]
step  1060 | loss 6.0198 | lm 6.0198 | ppl 411.5 | gnorm 0.692 | lr 3.00e-04 | 32713 tok/s | Φ 1.238 | λ₁ 0.075 | ign 0.89 | mesoLG 0.51 | troph 8/8 μ8.23 | NT[DA=0.15 NE=0.20 5HT=0.35 ACh=0.25 eCB=0.10 Glu=0.45 GABA=0.15] | osc[δ=0.391 θ=0.294 γ=0.315]
step  1080 | loss 6.2112 | lm 6.2112 | ppl 498.3 | gnorm 0.632 | lr 3.00e-04 | 32892 tok/s | Φ 1.232 | λ₁ 0.075 | ign 0.91 | mesoLG 0.49 | troph 8/8 μ8.27 | NT[DA=0.15 NE=0.20 5HT=0.35 ACh=0.25 eCB=0.10 Glu=0.45 GABA=0.15] | osc[δ=0.469 θ=0.230 γ=0.300]
step  1100 | loss 6.1006 | lm 6.1006 | ppl 446.1 | gnorm 0.969 | lr 3.00e-04 | 32852 tok/s | Φ 1.228 | λ₁ 0.075 | ign 0.90 | mesoLG 0.51 | troph 8/8 μ8.28 | NT[DA=0.15 NE=0.20 5HT=0.35 ACh=0.25 eCB=0.10 Glu=0.45 GABA=0.15] | osc[δ=0.476 θ=0.212 γ=0.312]
step  1120 | loss 5.9881 | lm 5.9881 | ppl 398.7 | gnorm 0.958 | lr 3.00e-04 | 32765 tok/s | Φ 1.209 | λ₁ 0.075 | ign 0.91 | mesoLG 0.48 | troph 8/8 μ8.23 | NT[DA=0.15 NE=0.20 5HT=0.35 ACh=0.25 eCB=0.10 Glu=0.45 GABA=0.15] | osc[δ=0.488 θ=0.205 γ=0.307]
step  1140 | loss 6.1802 | lm 6.1802 | ppl 483.1 | gnorm 0.661 | lr 3.00e-04 | 32739 tok/s | Φ 1.204 | λ₁ 0.075 | ign 0.92 | mesoLG 0.51 | troph 8/8 μ8.12 | NT[DA=0.15 NE=0.20 5HT=0.35 ACh=0.25 eCB=0.10 Glu=0.45 GABA=0.15] | osc[δ=0.457 θ=0.272 γ=0.272]
step  1160 | loss 6.1137 | lm 6.1137 | ppl 452.0 | gnorm 0.668 | lr 3.00e-04 | 32765 tok/s | Φ 1.214 | λ₁ 0.075 | ign 0.94 | mesoLG 0.50 | troph 8/8 μ8.12 | NT[DA=0.15 NE=0.20 5HT=0.35 ACh=0.25 eCB=0.10 Glu=0.45 GABA=0.15] | osc[δ=0.414 θ=0.324 γ=0.262]
step  1180 | loss 6.0703 | lm 6.0703 | ppl 432.8 | gnorm 0.774 | lr 3.00e-04 | 32612 tok/s | Φ 1.186 | λ₁ 0.075 | ign 0.94 | mesoLG 0.52 | troph 8/8 μ8.14 | NT[DA=0.15 NE=0.20 5HT=0.35 ACh=0.25 eCB=0.10 Glu=0.45 GABA=0.15] | osc[δ=0.409 θ=0.361 γ=0.230]
step  1200 | loss 6.0939 | lm 6.0939 | ppl 443.2 | gnorm 0.709 | lr 3.00e-04 | 32514 tok/s | Φ 1.189 | λ₁ 0.075 | ign 0.90 | mesoLG 0.51 | troph 8/8 μ8.02 | NT[DA=0.15 NE=0.20 5HT=0.35 ACh=0.25 eCB=0.10 Glu=0.45 GABA=0.15] | osc[δ=0.389 θ=0.309 γ=0.302]
step  1220 | loss 6.2711 | lm 6.2711 | ppl 529.0 | gnorm 0.708 | lr 3.00e-04 | 32762 tok/s | Φ 1.206 | λ₁ 0.075 | ign 0.90 | mesoLG 0.50 | troph 8/8 μ8.05 | NT[DA=0.15 NE=0.20 5HT=0.35 ACh=0.25 eCB=0.10 Glu=0.45 GABA=0.15] | osc[δ=0.347 θ=0.278 γ=0.375]
step  1240 | loss 6.1417 | lm 6.1417 | ppl 464.9 | gnorm 0.752 | lr 3.00e-04 | 32784 tok/s | Φ 1.188 | λ₁ 0.075 | ign 0.91 | mesoLG 0.50 | troph 8/8 μ8.09 | NT[DA=0.15 NE=0.20 5HT=0.35 ACh=0.25 eCB=0.10 Glu=0.45 GABA=0.15] | osc[δ=0.334 θ=0.254 γ=0.413]
step  1260 | loss 6.0836 | lm 6.0836 | ppl 438.6 | gnorm 0.797 | lr 3.00e-04 | 32857 tok/s | Φ 1.184 | λ₁ 0.075 | ign 0.91 | mesoLG 0.51 | troph 8/8 μ7.95 | NT[DA=0.15 NE=0.20 5HT=0.35 ACh=0.25 eCB=0.10 Glu=0.45 GABA=0.15] | osc[δ=0.314 θ=0.344 γ=0.342]
step  1280 | loss 6.2266 | lm 6.2266 | ppl 506.0 | gnorm 0.890 | lr 3.00e-04 | 32807 tok/s | Φ 1.175 | λ₁ 0.075 | ign 0.89 | mesoLG 0.51 | troph 8/8 μ8.15 | NT[DA=0.15 NE=0.20 5HT=0.35 ACh=0.25 eCB=0.10 Glu=0.45 GABA=0.15] | osc[δ=0.331 θ=0.396 γ=0.274]
step  1300 | loss 5.9595 | lm 5.9595 | ppl 387.4 | gnorm 1.132 | lr 3.00e-04 | 32770 tok/s | Φ 1.193 | λ₁ 0.075 | ign 0.89 | mesoLG 0.54 | troph 8/8 μ8.13 | NT[DA=0.15 NE=0.20 5HT=0.35 ACh=0.25 eCB=0.10 Glu=0.45 GABA=0.15] | osc[δ=0.394 θ=0.405 γ=0.201]
step  1320 | loss 6.0363 | lm 6.0363 | ppl 418.3 | gnorm 0.782 | lr 3.00e-04 | 32931 tok/s | Φ 1.165 | λ₁ 0.075 | ign 0.89 | mesoLG 0.51 | troph 8/8 μ8.18 | NT[DA=0.15 NE=0.20 5HT=0.35 ACh=0.25 eCB=0.10 Glu=0.45 GABA=0.15] | osc[δ=0.408 θ=0.363 γ=0.230]
step  1340 | loss 6.1398 | lm 6.1398 | ppl 464.0 | gnorm 0.755 | lr 3.00e-04 | 32950 tok/s | Φ 1.180 | λ₁ 0.075 | ign 0.92 | mesoLG 0.46 | troph 8/8 μ8.23 | NT[DA=0.15 NE=0.20 5HT=0.35 ACh=0.25 eCB=0.10 Glu=0.45 GABA=0.15] | osc[δ=0.418 θ=0.281 γ=0.301]
step  1360 | loss 5.9333 | lm 5.9333 | ppl 377.4 | gnorm 0.818 | lr 3.00e-04 | 32950 tok/s | Φ 1.185 | λ₁ 0.075 | ign 0.89 | mesoLG 0.50 | troph 8/8 μ8.23 | NT[DA=0.15 NE=0.20 5HT=0.35 ACh=0.25 eCB=0.10 Glu=0.45 GABA=0.15] | osc[δ=0.415 θ=0.243 γ=0.342]
step  1380 | loss 6.0476 | lm 6.0476 | ppl 423.1 | gnorm 0.846 | lr 3.00e-04 | 32951 tok/s | Φ 1.158 | λ₁ 0.075 | ign 0.90 | mesoLG 0.47 | troph 8/8 μ8.25 | NT[DA=0.15 NE=0.20 5HT=0.35 ACh=0.25 eCB=0.10 Glu=0.45 GABA=0.15] | osc[δ=0.408 θ=0.269 γ=0.323]
step  1400 | loss 5.9936 | lm 5.9936 | ppl 400.8 | gnorm 0.953 | lr 2.99e-04 | 32928 tok/s | Φ 1.153 | λ₁ 0.075 | ign 0.93 | mesoLG 0.46 | troph 8/8 μ8.23 | NT[DA=0.15 NE=0.20 5HT=0.35 ACh=0.25 eCB=0.10 Glu=0.45 GABA=0.15] | osc[δ=0.405 θ=0.265 γ=0.330]
step  1420 | loss 6.2319 | lm 6.2319 | ppl 508.7 | gnorm 0.650 | lr 2.99e-04 | 32909 tok/s | Φ 1.149 | λ₁ 0.075 | ign 0.94 | mesoLG 0.48 | troph 8/8 μ8.32 | NT[DA=0.15 NE=0.20 5HT=0.35 ACh=0.25 eCB=0.10 Glu=0.45 GABA=0.15] | osc[δ=0.398 θ=0.228 γ=0.374]
step  1440 | loss 5.9469 | lm 5.9469 | ppl 382.6 | gnorm 0.868 | lr 2.99e-04 | 32643 tok/s | Φ 1.185 | λ₁ 0.075 | ign 0.89 | mesoLG 0.51 | troph 8/8 μ8.25 | NT[DA=0.15 NE=0.20 5HT=0.35 ACh=0.25 eCB=0.10 Glu=0.45 GABA=0.15] | osc[δ=0.322 θ=0.260 γ=0.418]
step  1460 | loss 5.8778 | lm 5.8778 | ppl 357.0 | gnorm 2.413 | lr 2.99e-04 | 32727 tok/s | Φ 1.154 | λ₁ 0.075 | ign 0.89 | mesoLG 0.56 | troph 8/8 μ8.22 | NT[DA=0.15 NE=0.20 5HT=0.35 ACh=0.25 eCB=0.10 Glu=0.45 GABA=0.15] | osc[δ=0.320 θ=0.346 γ=0.334]
step  1480 | loss 5.8994 | lm 5.8994 | ppl 364.8 | gnorm 0.700 | lr 2.99e-04 | 32817 tok/s | Φ 1.148 | λ₁ 0.075 | ign 0.93 | mesoLG 0.52 | troph 8/8 μ8.11 | NT[DA=0.15 NE=0.20 5HT=0.35 ACh=0.25 eCB=0.10 Glu=0.45 GABA=0.15] | osc[δ=0.333 θ=0.337 γ=0.330]
step  1500 | loss 5.8839 | lm 5.8839 | ppl 359.2 | gnorm 0.844 | lr 2.99e-04 | 32834 tok/s | Φ 1.156 | λ₁ 0.075 | ign 0.91 | mesoLG 0.48 | troph 8/8 μ8.03 | NT[DA=0.15 NE=0.20 5HT=0.35 ACh=0.25 eCB=0.10 Glu=0.45 GABA=0.15] | osc[δ=0.317 θ=0.351 γ=0.332]
[mid-ood] step 1500: WikiText-103 snapshot...
[mid-ood] step 1500: wikitext ppl=1847.5 (50 seq, 6430 tok)
step  1520 | loss 5.7250 | lm 5.7250 | ppl 306.4 | gnorm 0.716 | lr 2.99e-04 | 14119 tok/s | Φ 1.122 | λ₁ 0.075 | ign 0.89 | mesoLG 0.46 | troph 8/8 μ8.15 | NT[DA=0.15 NE=0.20 5HT=0.35 ACh=0.25 eCB=0.10 Glu=0.45 GABA=0.15] | osc[δ=0.301 θ=0.358 γ=0.340]
step  1540 | loss 5.9186 | lm 5.9186 | ppl 371.9 | gnorm 0.763 | lr 2.99e-04 | 32659 tok/s | Φ 1.115 | λ₁ 0.075 | ign 0.92 | mesoLG 0.46 | troph 8/8 μ8.13 | NT[DA=0.15 NE=0.20 5HT=0.35 ACh=0.25 eCB=0.10 Glu=0.45 GABA=0.15] | osc[δ=0.360 θ=0.292 γ=0.348]
step  1560 | loss 5.9170 | lm 5.9170 | ppl 371.3 | gnorm 1.021 | lr 2.99e-04 | 32950 tok/s | Φ 1.172 | λ₁ 0.075 | ign 0.93 | mesoLG 0.50 | troph 8/8 μ8.14 | NT[DA=0.15 NE=0.20 5HT=0.35 ACh=0.25 eCB=0.10 Glu=0.45 GABA=0.15] | osc[δ=0.387 θ=0.312 γ=0.301]
step  1580 | loss 5.8531 | lm 5.8531 | ppl 348.3 | gnorm 0.783 | lr 2.99e-04 | 32949 tok/s | Φ 1.129 | λ₁ 0.075 | ign 0.90 | mesoLG 0.50 | troph 8/8 μ8.01 | NT[DA=0.15 NE=0.20 5HT=0.35 ACh=0.25 eCB=0.10 Glu=0.45 GABA=0.15] | osc[δ=0.442 θ=0.289 γ=0.268]
step  1600 | loss 5.7533 | lm 5.7533 | ppl 315.2 | gnorm 0.927 | lr 2.99e-04 | 32938 tok/s | Φ 1.120 | λ₁ 0.075 | ign 0.89 | mesoLG 0.48 | troph 8/8 μ7.85 | NT[DA=0.15 NE=0.20 5HT=0.35 ACh=0.25 eCB=0.10 Glu=0.45 GABA=0.15] | osc[δ=0.391 θ=0.330 γ=0.279]
step  1620 | loss 5.9180 | lm 5.9180 | ppl 371.7 | gnorm 0.646 | lr 2.99e-04 | 32945 tok/s | Φ 1.114 | λ₁ 0.075 | ign 0.92 | mesoLG 0.49 | troph 8/8 μ7.99 | NT[DA=0.15 NE=0.20 5HT=0.35 ACh=0.25 eCB=0.10 Glu=0.45 GABA=0.15] | osc[δ=0.449 θ=0.252 γ=0.299]
step  1640 | loss 5.9264 | lm 5.9264 | ppl 374.8 | gnorm 1.055 | lr 2.99e-04 | 32912 tok/s | Φ 1.133 | λ₁ 0.075 | ign 0.93 | mesoLG 0.52 | troph 8/8 μ7.94 | NT[DA=0.15 NE=0.20 5HT=0.35 ACh=0.25 eCB=0.10 Glu=0.45 GABA=0.15] | osc[δ=0.381 θ=0.289 γ=0.330]
step  1660 | loss 6.0423 | lm 6.0423 | ppl 420.9 | gnorm 0.713 | lr 2.99e-04 | 32922 tok/s | Φ 1.131 | λ₁ 0.075 | ign 0.97 | mesoLG 0.49 | troph 8/8 μ8.06 | NT[DA=0.15 NE=0.20 5HT=0.35 ACh=0.25 eCB=0.10 Glu=0.45 GABA=0.15] | osc[δ=0.402 θ=0.267 γ=0.331]
step  1680 | loss 5.8048 | lm 5.8048 | ppl 331.9 | gnorm 0.880 | lr 2.99e-04 | 32818 tok/s | Φ 1.138 | λ₁ 0.075 | ign 0.92 | mesoLG 0.49 | troph 8/8 μ8.18 | NT[DA=0.15 NE=0.20 5HT=0.35 ACh=0.25 eCB=0.10 Glu=0.45 GABA=0.15] | osc[δ=0.404 θ=0.254 γ=0.342]
step  1700 | loss 5.9026 | lm 5.9026 | ppl 366.0 | gnorm 0.960 | lr 2.99e-04 | 32975 tok/s | Φ 1.163 | λ₁ 0.075 | ign 0.96 | mesoLG 0.49 | troph 8/8 μ8.15 | NT[DA=0.15 NE=0.20 5HT=0.35 ACh=0.25 eCB=0.10 Glu=0.45 GABA=0.15] | osc[δ=0.456 θ=0.224 γ=0.320]
step  1720 | loss 5.7394 | lm 5.7394 | ppl 310.9 | gnorm 1.591 | lr 2.99e-04 | 32892 tok/s | Φ 1.120 | λ₁ 0.075 | ign 0.90 | mesoLG 0.52 | troph 8/8 μ8.19 | NT[DA=0.15 NE=0.20 5HT=0.35 ACh=0.25 eCB=0.10 Glu=0.45 GABA=0.15] | osc[δ=0.453 θ=0.198 γ=0.349]
step  1740 | loss 5.7843 | lm 5.7843 | ppl 325.1 | gnorm 1.115 | lr 2.99e-04 | 32877 tok/s | Φ 1.107 | λ₁ 0.075 | ign 0.89 | mesoLG 0.49 | troph 8/8 μ8.05 | NT[DA=0.15 NE=0.20 5HT=0.35 ACh=0.25 eCB=0.10 Glu=0.45 GABA=0.15] | osc[δ=0.456 θ=0.229 γ=0.314]
step  1760 | loss 5.9092 | lm 5.9092 | ppl 368.4 | gnorm 1.154 | lr 2.99e-04 | 32837 tok/s | Φ 1.105 | λ₁ 0.075 | ign 0.91 | mesoLG 0.49 | troph 8/8 μ8.05 | NT[DA=0.15 NE=0.20 5HT=0.35 ACh=0.25 eCB=0.10 Glu=0.45 GABA=0.15] | osc[δ=0.435 θ=0.273 γ=0.292]
step  1780 | loss 5.8195 | lm 5.8195 | ppl 336.8 | gnorm 1.057 | lr 2.99e-04 | 32567 tok/s | Φ 1.092 | λ₁ 0.075 | ign 0.92 | mesoLG 0.51 | troph 8/8 μ8.10 | NT[DA=0.15 NE=0.20 5HT=0.35 ACh=0.25 eCB=0.10 Glu=0.45 GABA=0.15] | osc[δ=0.308 θ=0.337 γ=0.355]
step  1800 | loss 5.7123 | lm 5.7123 | ppl 302.6 | gnorm 1.111 | lr 2.99e-04 | 32719 tok/s | Φ 1.088 | λ₁ 0.075 | ign 0.91 | mesoLG 0.47 | troph 8/8 μ8.02 | NT[DA=0.15 NE=0.20 5HT=0.35 ACh=0.25 eCB=0.10 Glu=0.45 GABA=0.15] | osc[δ=0.276 θ=0.343 γ=0.381]
step  1820 | loss 6.0222 | lm 6.0222 | ppl 412.5 | gnorm 1.080 | lr 2.99e-04 | 32943 tok/s | Φ 1.119 | λ₁ 0.075 | ign 0.98 | mesoLG 0.46 | troph 8/8 μ8.04 | NT[DA=0.15 NE=0.20 5HT=0.35 ACh=0.25 eCB=0.10 Glu=0.45 GABA=0.15] | osc[δ=0.390 θ=0.302 γ=0.308]
step  1840 | loss 5.6916 | lm 5.6916 | ppl 296.4 | gnorm 0.835 | lr 2.99e-04 | 32858 tok/s | Φ 1.094 | λ₁ 0.075 | ign 0.92 | mesoLG 0.47 | troph 8/8 μ7.96 | NT[DA=0.15 NE=0.20 5HT=0.35 ACh=0.25 eCB=0.10 Glu=0.45 GABA=0.15] | osc[δ=0.364 θ=0.298 γ=0.338]
step  1860 | loss 5.6946 | lm 5.6946 | ppl 297.3 | gnorm 0.727 | lr 2.99e-04 | 32988 tok/s | Φ 1.069 | λ₁ 0.075 | ign 0.95 | mesoLG 0.45 | troph 8/8 μ8.09 | NT[DA=0.15 NE=0.20 5HT=0.35 ACh=0.25 eCB=0.10 Glu=0.45 GABA=0.15] | osc[δ=0.376 θ=0.264 γ=0.360]
step  1880 | loss 5.9243 | lm 5.9243 | ppl 374.0 | gnorm 0.963 | lr 2.99e-04 | 32841 tok/s | Φ 1.108 | λ₁ 0.075 | ign 0.93 | mesoLG 0.46 | troph 8/8 μ8.16 | NT[DA=0.15 NE=0.20 5HT=0.35 ACh=0.25 eCB=0.10 Glu=0.45 GABA=0.15] | osc[δ=0.367 θ=0.280 γ=0.353]
step  1900 | loss 5.9287 | lm 5.9287 | ppl 375.7 | gnorm 0.652 | lr 2.99e-04 | 32552 tok/s | Φ 1.081 | λ₁ 0.075 | ign 0.92 | mesoLG 0.50 | troph 8/8 μ8.26 | NT[DA=0.15 NE=0.20 5HT=0.35 ACh=0.25 eCB=0.10 Glu=0.45 GABA=0.15] | osc[δ=0.325 θ=0.268 γ=0.407]
step  1920 | loss 5.7725 | lm 5.7725 | ppl 321.3 | gnorm 0.700 | lr 2.99e-04 | 32459 tok/s | Φ 1.040 | λ₁ 0.075 | ign 0.89 | mesoLG 0.53 | troph 8/8 μ8.10 | NT[DA=0.15 NE=0.20 5HT=0.35 ACh=0.25 eCB=0.10 Glu=0.45 GABA=0.15] | osc[δ=0.367 θ=0.286 γ=0.347]
step  1940 | loss 5.5312 | lm 5.5312 | ppl 252.4 | gnorm 0.791 | lr 2.99e-04 | 32374 tok/s | Φ 1.096 | λ₁ 0.075 | ign 0.93 | mesoLG 0.51 | troph 8/8 μ7.94 | NT[DA=0.15 NE=0.20 5HT=0.35 ACh=0.25 eCB=0.10 Glu=0.45 GABA=0.15] | osc[δ=0.427 θ=0.295 γ=0.278]
step  1960 | loss 5.8716 | lm 5.8716 | ppl 354.8 | gnorm 0.753 | lr 2.99e-04 | 32499 tok/s | Φ 1.075 | λ₁ 0.075 | ign 0.92 | mesoLG 0.52 | troph 8/8 μ7.94 | NT[DA=0.15 NE=0.20 5HT=0.35 ACh=0.25 eCB=0.10 Glu=0.45 GABA=0.15] | osc[δ=0.436 θ=0.259 γ=0.305]
step  1980 | loss 5.6983 | lm 5.6983 | ppl 298.4 | gnorm 0.566 | lr 2.99e-04 | 32386 tok/s | Φ 1.037 | λ₁ 0.075 | ign 0.92 | mesoLG 0.50 | troph 8/8 μ8.00 | NT[DA=0.15 NE=0.20 5HT=0.35 ACh=0.25 eCB=0.10 Glu=0.45 GABA=0.15] | osc[δ=0.537 θ=0.244 γ=0.219]
step  2000 | loss 5.6004 | lm 5.6004 | ppl 270.5 | gnorm 0.812 | lr 2.99e-04 | 32543 tok/s | Φ 1.049 | λ₁ 0.075 | ign 0.90 | mesoLG 0.52 | troph 8/8 μ7.85 | NT[DA=0.15 NE=0.20 5HT=0.35 ACh=0.25 eCB=0.10 Glu=0.45 GABA=0.15] | osc[δ=0.469 θ=0.201 γ=0.330]
[train_dsl] saved checkpoint /workspace/brian/lfs_checkpoints/dsl_arch_20260601-170226_step2000.pt
[mid-ood] step 2000: WikiText-103 snapshot...
[mid-ood] step 2000: wikitext ppl=1591.8 (50 seq, 6430 tok)
step  2020 | loss 5.8057 | lm 5.8057 | ppl 332.2 | gnorm 0.761 | lr 2.99e-04 | 12721 tok/s | Φ 1.027 | λ₁ 0.075 | ign 0.91 | mesoLG 0.51 | troph 8/8 μ7.79 | NT[DA=0.15 NE=0.20 5HT=0.35 ACh=0.25 eCB=0.10 Glu=0.45 GABA=0.15] | osc[δ=0.462 θ=0.190 γ=0.348]
step  2040 | loss 5.4014 | lm 5.4014 | ppl 221.7 | gnorm 0.934 | lr 2.99e-04 | 32976 tok/s | Φ 1.049 | λ₁ 0.075 | ign 0.91 | mesoLG 0.51 | troph 8/8 μ7.77 | NT[DA=0.15 NE=0.20 5HT=0.35 ACh=0.25 eCB=0.10 Glu=0.45 GABA=0.15] | osc[δ=0.332 θ=0.199 γ=0.469]
step  2060 | loss 5.7496 | lm 5.7496 | ppl 314.1 | gnorm 0.647 | lr 2.99e-04 | 32912 tok/s | Φ 1.045 | λ₁ 0.075 | ign 0.94 | mesoLG 0.48 | troph 8/8 μ7.68 | NT[DA=0.15 NE=0.20 5HT=0.35 ACh=0.25 eCB=0.10 Glu=0.45 GABA=0.15] | osc[δ=0.413 θ=0.200 γ=0.387]
step  2080 | loss 5.6955 | lm 5.6955 | ppl 297.5 | gnorm 0.652 | lr 2.99e-04 | 32868 tok/s | Φ 1.040 | λ₁ 0.075 | ign 0.92 | mesoLG 0.51 | troph 8/8 μ7.74 | NT[DA=0.15 NE=0.20 5HT=0.35 ACh=0.25 eCB=0.10 Glu=0.45 GABA=0.15] | osc[δ=0.493 θ=0.206 γ=0.301]
step  2100 | loss 5.8493 | lm 5.8493 | ppl 347.0 | gnorm 0.638 | lr 2.99e-04 | 32902 tok/s | Φ 1.036 | λ₁ 0.075 | ign 0.97 | mesoLG 0.52 | troph 8/8 μ7.74 | NT[DA=0.15 NE=0.20 5HT=0.35 ACh=0.25 eCB=0.10 Glu=0.45 GABA=0.15] | osc[δ=0.494 θ=0.204 γ=0.301]
step  2120 | loss 5.6710 | lm 5.6710 | ppl 290.3 | gnorm 0.733 | lr 2.99e-04 | 32934 tok/s | Φ 1.073 | λ₁ 0.075 | ign 0.95 | mesoLG 0.50 | troph 8/8 μ7.69 | NT[DA=0.15 NE=0.20 5HT=0.35 ACh=0.25 eCB=0.10 Glu=0.45 GABA=0.15] | osc[δ=0.366 θ=0.277 γ=0.357]
step  2140 | loss 5.4978 | lm 5.4978 | ppl 244.2 | gnorm 0.769 | lr 2.99e-04 | 33018 tok/s | Φ 1.064 | λ₁ 0.075 | ign 0.94 | mesoLG 0.54 | troph 8/8 μ7.86 | NT[DA=0.15 NE=0.20 5HT=0.35 ACh=0.25 eCB=0.10 Glu=0.45 GABA=0.15] | osc[δ=0.442 θ=0.158 γ=0.400]
step  2160 | loss 5.7014 | lm 5.7014 | ppl 299.3 | gnorm 0.897 | lr 2.99e-04 | 32854 tok/s | Φ 1.001 | λ₁ 0.075 | ign 0.87 | mesoLG 0.53 | troph 8/8 μ7.88 | NT[DA=0.15 NE=0.20 5HT=0.35 ACh=0.25 eCB=0.10 Glu=0.45 GABA=0.15] | osc[δ=0.479 θ=0.199 γ=0.322]
step  2180 | loss 5.6939 | lm 5.6939 | ppl 297.0 | gnorm 1.507 | lr 2.99e-04 | 32671 tok/s | Φ 1.048 | λ₁ 0.075 | ign 0.88 | mesoLG 0.53 | troph 8/8 μ7.87 | NT[DA=0.15 NE=0.20 5HT=0.35 ACh=0.25 eCB=0.10 Glu=0.45 GABA=0.15] | osc[δ=0.444 θ=0.254 γ=0.302]
step  2200 | loss 5.5823 | lm 5.5823 | ppl 265.7 | gnorm 0.746 | lr 2.98e-04 | 32810 tok/s | Φ 1.000 | λ₁ 0.075 | ign 0.92 | mesoLG 0.55 | troph 8/8 μ7.90 | NT[DA=0.15 NE=0.20 5HT=0.35 ACh=0.25 eCB=0.10 Glu=0.45 GABA=0.15] | osc[δ=0.464 θ=0.269 γ=0.267]
step  2220 | loss 5.6153 | lm 5.6153 | ppl 274.6 | gnorm 0.704 | lr 2.98e-04 | 32349 tok/s | Φ 1.021 | λ₁ 0.075 | ign 0.90 | mesoLG 0.51 | troph 8/8 μ7.79 | NT[DA=0.15 NE=0.20 5HT=0.35 ACh=0.25 eCB=0.10 Glu=0.45 GABA=0.15] | osc[δ=0.530 θ=0.244 γ=0.226]
step  2240 | loss 5.7113 | lm 5.7113 | ppl 302.3 | gnorm 0.773 | lr 2.98e-04 | 32513 tok/s | Φ 1.003 | λ₁ 0.075 | ign 0.96 | mesoLG 0.45 | troph 8/8 μ7.77 | NT[DA=0.15 NE=0.20 5HT=0.35 ACh=0.25 eCB=0.10 Glu=0.45 GABA=0.15] | osc[δ=0.470 θ=0.267 γ=0.263]
step  2260 | loss 5.8577 | lm 5.8577 | ppl 349.9 | gnorm 0.750 | lr 2.98e-04 | 32721 tok/s | Φ 1.012 | λ₁ 0.075 | ign 0.96 | mesoLG 0.48 | troph 8/8 μ7.89 | NT[DA=0.15 NE=0.20 5HT=0.35 ACh=0.25 eCB=0.10 Glu=0.45 GABA=0.15] | osc[δ=0.408 θ=0.289 γ=0.303]
step  2280 | loss 5.1349 | lm 5.1349 | ppl 169.9 | gnorm 0.686 | lr 2.98e-04 | 32788 tok/s | Φ 1.030 | λ₁ 0.075 | ign 0.93 | mesoLG 0.52 | troph 8/8 μ7.72 | NT[DA=0.15 NE=0.20 5HT=0.35 ACh=0.25 eCB=0.10 Glu=0.45 GABA=0.15] | osc[δ=0.339 θ=0.284 γ=0.377]
step  2300 | loss 5.4981 | lm 5.4981 | ppl 244.2 | gnorm 1.099 | lr 2.98e-04 | 32808 tok/s | Φ 1.016 | λ₁ 0.075 | ign 0.92 | mesoLG 0.49 | troph 8/8 μ7.62 | NT[DA=0.15 NE=0.20 5HT=0.35 ACh=0.25 eCB=0.10 Glu=0.45 GABA=0.15] | osc[δ=0.407 θ=0.280 γ=0.312]
step  2320 | loss 5.5929 | lm 5.5929 | ppl 268.5 | gnorm 0.940 | lr 2.98e-04 | 32715 tok/s | Φ 1.001 | λ₁ 0.075 | ign 0.92 | mesoLG 0.50 | troph 8/8 μ7.53 | NT[DA=0.15 NE=0.20 5HT=0.35 ACh=0.25 eCB=0.10 Glu=0.45 GABA=0.15] | osc[δ=0.378 θ=0.267 γ=0.354]
step  2340 | loss 5.5595 | lm 5.5595 | ppl 259.7 | gnorm 0.745 | lr 2.98e-04 | 32769 tok/s | Φ 1.014 | λ₁ 0.075 | ign 0.95 | mesoLG 0.48 | troph 8/8 μ7.61 | NT[DA=0.15 NE=0.20 5HT=0.35 ACh=0.25 eCB=0.10 Glu=0.45 GABA=0.15] | osc[δ=0.338 θ=0.307 γ=0.355]
step  2360 | loss 5.5961 | lm 5.5961 | ppl 269.4 | gnorm 0.958 | lr 2.98e-04 | 32788 tok/s | Φ 0.984 | λ₁ 0.075 | ign 0.93 | mesoLG 0.54 | troph 8/8 μ7.64 | NT[DA=0.15 NE=0.20 5HT=0.35 ACh=0.25 eCB=0.10 Glu=0.45 GABA=0.15] | osc[δ=0.396 θ=0.300 γ=0.304]
step  2380 | loss 5.4104 | lm 5.4104 | ppl 223.7 | gnorm 0.652 | lr 2.98e-04 | 32820 tok/s | Φ 0.956 | λ₁ 0.075 | ign 0.89 | mesoLG 0.53 | troph 8/8 μ7.49 | NT[DA=0.15 NE=0.20 5HT=0.35 ACh=0.25 eCB=0.10 Glu=0.45 GABA=0.15] | osc[δ=0.467 θ=0.216 γ=0.317]
step  2400 | loss 5.4922 | lm 5.4922 | ppl 242.8 | gnorm 0.895 | lr 2.98e-04 | 32615 tok/s | Φ 0.967 | λ₁ 0.075 | ign 0.92 | mesoLG 0.50 | troph 8/8 μ7.37 | NT[DA=0.15 NE=0.20 5HT=0.35 ACh=0.25 eCB=0.10 Glu=0.45 GABA=0.15] | osc[δ=0.431 θ=0.240 γ=0.329]
step  2420 | loss 5.5684 | lm 5.5684 | ppl 262.0 | gnorm 0.881 | lr 2.98e-04 | 32705 tok/s | Φ 0.963 | λ₁ 0.075 | ign 0.90 | mesoLG 0.51 | troph 8/8 μ7.41 | NT[DA=0.15 NE=0.20 5HT=0.35 ACh=0.25 eCB=0.10 Glu=0.45 GABA=0.15] | osc[δ=0.418 θ=0.262 γ=0.320]
step  2440 | loss 5.6610 | lm 5.6610 | ppl 287.4 | gnorm 0.606 | lr 2.98e-04 | 32666 tok/s | Φ 0.996 | λ₁ 0.075 | ign 0.97 | mesoLG 0.48 | troph 8/8 μ7.48 | NT[DA=0.15 NE=0.20 5HT=0.35 ACh=0.25 eCB=0.10 Glu=0.45 GABA=0.15] | osc[δ=0.402 θ=0.255 γ=0.344]
step  2460 | loss 5.5534 | lm 5.5534 | ppl 258.1 | gnorm 0.847 | lr 2.98e-04 | 32638 tok/s | Φ 0.966 | λ₁ 0.075 | ign 0.95 | mesoLG 0.46 | troph 8/8 μ7.46 | NT[DA=0.15 NE=0.20 5HT=0.35 ACh=0.25 eCB=0.10 Glu=0.45 GABA=0.15] | osc[δ=0.456 θ=0.237 γ=0.308]
step  2480 | loss 5.5086 | lm 5.5086 | ppl 246.8 | gnorm 0.726 | lr 2.98e-04 | 32914 tok/s | Φ 0.948 | λ₁ 0.075 | ign 0.92 | mesoLG 0.46 | troph 8/8 μ7.44 | NT[DA=0.15 NE=0.20 5HT=0.35 ACh=0.25 eCB=0.10 Glu=0.45 GABA=0.15] | osc[δ=0.430 θ=0.268 γ=0.303]
step  2500 | loss 5.5854 | lm 5.5854 | ppl 266.5 | gnorm 0.965 | lr 2.98e-04 | 32857 tok/s | Φ 0.973 | λ₁ 0.075 | ign 0.92 | mesoLG 0.47 | troph 8/8 μ7.37 | NT[DA=0.15 NE=0.20 5HT=0.35 ACh=0.25 eCB=0.10 Glu=0.45 GABA=0.15] | osc[δ=0.438 θ=0.248 γ=0.315]
[mid-ood] step 2500: WikiText-103 snapshot...
[mid-ood] step 2500: wikitext ppl=1661.9 (50 seq, 6430 tok)
step  2520 | loss 5.3895 | lm 5.3895 | ppl 219.1 | gnorm 0.643 | lr 2.98e-04 | 14090 tok/s | Φ 0.955 | λ₁ 0.075 | ign 0.92 | mesoLG 0.48 | troph 8/8 μ7.44 | NT[DA=0.15 NE=0.20 5HT=0.35 ACh=0.25 eCB=0.10 Glu=0.45 GABA=0.15] | osc[δ=0.463 θ=0.239 γ=0.298]
step  2540 | loss 5.5782 | lm 5.5782 | ppl 264.6 | gnorm 1.101 | lr 2.98e-04 | 32752 tok/s | Φ 0.980 | λ₁ 0.075 | ign 0.88 | mesoLG 0.49 | troph 8/8 μ7.47 | NT[DA=0.15 NE=0.20 5HT=0.35 ACh=0.25 eCB=0.10 Glu=0.45 GABA=0.15] | osc[δ=0.451 θ=0.222 γ=0.327]
step  2560 | loss 5.4210 | lm 5.4210 | ppl 226.1 | gnorm 0.714 | lr 2.98e-04 | 32677 tok/s | Φ 0.938 | λ₁ 0.075 | ign 0.91 | mesoLG 0.47 | troph 8/8 μ7.42 | NT[DA=0.15 NE=0.20 5HT=0.35 ACh=0.25 eCB=0.10 Glu=0.45 GABA=0.15] | osc[δ=0.475 θ=0.223 γ=0.303]
step  2580 | loss 5.5035 | lm 5.5035 | ppl 245.6 | gnorm 0.714 | lr 2.98e-04 | 32701 tok/s | Φ 0.995 | λ₁ 0.075 | ign 0.96 | mesoLG 0.50 | troph 8/8 μ7.42 | NT[DA=0.15 NE=0.20 5HT=0.35 ACh=0.25 eCB=0.10 Glu=0.45 GABA=0.15] | osc[δ=0.382 θ=0.255 γ=0.363]
step  2600 | loss 5.6445 | lm 5.6445 | ppl 282.7 | gnorm 0.931 | lr 2.98e-04 | 32518 tok/s | Φ 0.926 | λ₁ 0.075 | ign 0.91 | mesoLG 0.52 | troph 8/8 μ7.41 | NT[DA=0.15 NE=0.20 5HT=0.35 ACh=0.25 eCB=0.10 Glu=0.45 GABA=0.15] | osc[δ=0.398 θ=0.293 γ=0.309]
step  2620 | loss 5.5927 | lm 5.5927 | ppl 268.5 | gnorm 0.733 | lr 2.98e-04 | 32813 tok/s | Φ 0.944 | λ₁ 0.075 | ign 0.93 | mesoLG 0.50 | troph 8/8 μ7.49 | NT[DA=0.15 NE=0.20 5HT=0.35 ACh=0.25 eCB=0.10 Glu=0.45 GABA=0.15] | osc[δ=0.417 θ=0.282 γ=0.300]
step  2640 | loss 5.5559 | lm 5.5559 | ppl 258.8 | gnorm 0.944 | lr 2.98e-04 | 32725 tok/s | Φ 0.955 | λ₁ 0.075 | ign 0.93 | mesoLG 0.50 | troph 8/8 μ7.44 | NT[DA=0.15 NE=0.20 5HT=0.35 ACh=0.25 eCB=0.10 Glu=0.45 GABA=0.15] | osc[δ=0.419 θ=0.266 γ=0.314]
step  2660 | loss 5.4833 | lm 5.4833 | ppl 240.6 | gnorm 0.800 | lr 2.98e-04 | 32641 tok/s | Φ 0.949 | λ₁ 0.075 | ign 0.96 | mesoLG 0.49 | troph 8/8 μ7.33 | NT[DA=0.15 NE=0.20 5HT=0.35 ACh=0.25 eCB=0.10 Glu=0.45 GABA=0.15] | osc[δ=0.453 θ=0.243 γ=0.304]
step  2680 | loss 5.4683 | lm 5.4683 | ppl 237.1 | gnorm 0.814 | lr 2.98e-04 | 32750 tok/s | Φ 0.941 | λ₁ 0.075 | ign 0.93 | mesoLG 0.51 | troph 8/8 μ7.41 | NT[DA=0.15 NE=0.20 5HT=0.35 ACh=0.25 eCB=0.10 Glu=0.45 GABA=0.15] | osc[δ=0.383 θ=0.317 γ=0.300]
step  2700 | loss 5.5583 | lm 5.5583 | ppl 259.4 | gnorm 0.992 | lr 2.98e-04 | 32818 tok/s | Φ 0.905 | λ₁ 0.075 | ign 0.88 | mesoLG 0.50 | troph 8/8 μ7.42 | NT[DA=0.15 NE=0.20 5HT=0.35 ACh=0.25 eCB=0.10 Glu=0.45 GABA=0.15] | osc[δ=0.372 θ=0.311 γ=0.317]
step  2720 | loss 5.5327 | lm 5.5327 | ppl 252.8 | gnorm 1.767 | lr 2.98e-04 | 32682 tok/s | Φ 0.939 | λ₁ 0.075 | ign 0.90 | mesoLG 0.49 | troph 8/8 μ7.42 | NT[DA=0.15 NE=0.20 5HT=0.35 ACh=0.25 eCB=0.10 Glu=0.45 GABA=0.15] | osc[δ=0.392 θ=0.319 γ=0.289]
step  2740 | loss 5.4766 | lm 5.4766 | ppl 239.0 | gnorm 0.934 | lr 2.97e-04 | 33096 tok/s | Φ 0.908 | λ₁ 0.075 | ign 0.88 | mesoLG 0.51 | troph 8/8 μ7.40 | NT[DA=0.15 NE=0.20 5HT=0.35 ACh=0.25 eCB=0.10 Glu=0.45 GABA=0.15] | osc[δ=0.442 θ=0.293 γ=0.266]
step  2760 | loss 5.6030 | lm 5.6030 | ppl 271.2 | gnorm 0.744 | lr 2.97e-04 | 32933 tok/s | Φ 0.980 | λ₁ 0.075 | ign 0.95 | mesoLG 0.50 | troph 8/8 μ7.58 | NT[DA=0.15 NE=0.20 5HT=0.35 ACh=0.25 eCB=0.10 Glu=0.45 GABA=0.15] | osc[δ=0.522 θ=0.227 γ=0.251]
step  2780 | loss 5.4374 | lm 5.4374 | ppl 229.9 | gnorm 1.547 | lr 2.97e-04 | 32807 tok/s | Φ 0.942 | λ₁ 0.075 | ign 0.88 | mesoLG 0.55 | troph 8/8 μ7.47 | NT[DA=0.15 NE=0.20 5HT=0.35 ACh=0.25 eCB=0.10 Glu=0.45 GABA=0.15] | osc[δ=0.508 θ=0.216 γ=0.276]
step  2800 | loss 5.3086 | lm 5.3086 | ppl 202.1 | gnorm 0.730 | lr 2.97e-04 | 32780 tok/s | Φ 0.922 | λ₁ 0.075 | ign 0.90 | mesoLG 0.51 | troph 8/8 μ7.47 | NT[DA=0.15 NE=0.20 5HT=0.35 ACh=0.25 eCB=0.10 Glu=0.45 GABA=0.15] | osc[δ=0.443 θ=0.252 γ=0.305]
step  2820 | loss 5.5354 | lm 5.5354 | ppl 253.5 | gnorm 0.822 | lr 2.97e-04 | 32679 tok/s | Φ 0.907 | λ₁ 0.075 | ign 0.89 | mesoLG 0.49 | troph 8/8 μ7.36 | NT[DA=0.15 NE=0.20 5HT=0.35 ACh=0.25 eCB=0.10 Glu=0.45 GABA=0.15] | osc[δ=0.370 θ=0.296 γ=0.334]
step  2840 | loss 5.4306 | lm 5.4306 | ppl 228.3 | gnorm 0.767 | lr 2.97e-04 | 32665 tok/s | Φ 0.959 | λ₁ 0.075 | ign 0.95 | mesoLG 0.45 | troph 8/8 μ7.42 | NT[DA=0.15 NE=0.20 5HT=0.35 ACh=0.25 eCB=0.10 Glu=0.45 GABA=0.15] | osc[δ=0.373 θ=0.272 γ=0.355]
step  2860 | loss 5.1618 | lm 5.1618 | ppl 174.5 | gnorm 0.715 | lr 2.97e-04 | 32626 tok/s | Φ 0.976 | λ₁ 0.075 | ign 0.90 | mesoLG 0.47 | troph 8/8 μ7.40 | NT[DA=0.15 NE=0.20 5HT=0.35 ACh=0.25 eCB=0.10 Glu=0.45 GABA=0.15] | osc[δ=0.477 θ=0.228 γ=0.296]
step  2880 | loss 4.9769 | lm 4.9769 | ppl 145.0 | gnorm 0.730 | lr 2.97e-04 | 32612 tok/s | Φ 0.977 | λ₁ 0.075 | ign 0.87 | mesoLG 0.53 | troph 8/8 μ7.35 | NT[DA=0.15 NE=0.20 5HT=0.35 ACh=0.25 eCB=0.10 Glu=0.45 GABA=0.15] | osc[δ=0.462 θ=0.280 γ=0.259]
step  2900 | loss 4.8000 | lm 4.8000 | ppl 121.5 | gnorm 0.681 | lr 2.97e-04 | 32506 tok/s | Φ 0.968 | λ₁ 0.075 | ign 0.93 | mesoLG 0.46 | troph 8/8 μ7.34 | NT[DA=0.15 NE=0.20 5HT=0.35 ACh=0.25 eCB=0.10 Glu=0.45 GABA=0.15] | osc[δ=0.468 θ=0.241 γ=0.290]
step  2920 | loss 4.9397 | lm 4.9397 | ppl 139.7 | gnorm 0.589 | lr 2.97e-04 | 32446 tok/s | Φ 0.972 | λ₁ 0.075 | ign 0.93 | mesoLG 0.47 | troph 8/8 μ7.38 | NT[DA=0.15 NE=0.20 5HT=0.35 ACh=0.25 eCB=0.10 Glu=0.45 GABA=0.15] | osc[δ=0.440 θ=0.225 γ=0.334]
step  2940 | loss 5.0273 | lm 5.0273 | ppl 152.5 | gnorm 1.053 | lr 2.97e-04 | 32437 tok/s | Φ 0.973 | λ₁ 0.075 | ign 0.89 | mesoLG 0.49 | troph 8/8 μ7.26 | NT[DA=0.15 NE=0.20 5HT=0.35 ACh=0.25 eCB=0.10 Glu=0.45 GABA=0.15] | osc[δ=0.461 θ=0.166 γ=0.373]
step  2960 | loss 5.0350 | lm 5.0350 | ppl 153.7 | gnorm 1.278 | lr 2.97e-04 | 32437 tok/s | Φ 1.022 | λ₁ 0.075 | ign 0.98 | mesoLG 0.44 | troph 8/8 μ7.14 | NT[DA=0.15 NE=0.20 5HT=0.35 ACh=0.25 eCB=0.10 Glu=0.45 GABA=0.15] | osc[δ=0.440 θ=0.210 γ=0.350]
step  2980 | loss 5.8845 | lm 5.8845 | ppl 359.4 | gnorm 0.945 | lr 2.97e-04 | 32600 tok/s | Φ 1.007 | λ₁ 0.075 | ign 0.95 | mesoLG 0.49 | troph 8/8 μ7.74 | NT[DA=0.15 NE=0.20 5HT=0.35 ACh=0.25 eCB=0.10 Glu=0.45 GABA=0.15] | osc[δ=0.529 θ=0.224 γ=0.246]
step  3000 | loss 5.7321 | lm 5.7321 | ppl 308.6 | gnorm 0.984 | lr 2.97e-04 | 32819 tok/s | Φ 1.016 | λ₁ 0.075 | ign 0.97 | mesoLG 0.49 | troph 8/8 μ7.99 | NT[DA=0.15 NE=0.20 5HT=0.35 ACh=0.25 eCB=0.10 Glu=0.45 GABA=0.15] | osc[δ=0.524 θ=0.216 γ=0.260]
[train_dsl] saved checkpoint /workspace/brian/lfs_checkpoints/dsl_arch_20260601-170226_step3000.pt
[mid-ood] step 3000: WikiText-103 snapshot...
[mid-ood] step 3000: wikitext ppl=1485.8 (50 seq, 6430 tok)
step  3020 | loss 5.3520 | lm 5.3520 | ppl 211.0 | gnorm 0.729 | lr 2.97e-04 | 12539 tok/s | Φ 1.020 | λ₁ 0.075 | ign 0.98 | mesoLG 0.53 | troph 8/8 μ8.38 | NT[DA=0.15 NE=0.20 5HT=0.35 ACh=0.25 eCB=0.10 Glu=0.45 GABA=0.15] | osc[δ=0.546 θ=0.188 γ=0.266]
step  3040 | loss 5.7605 | lm 5.7605 | ppl 317.5 | gnorm 1.211 | lr 2.97e-04 | 32638 tok/s | Φ 1.066 | λ₁ 0.075 | ign 0.97 | mesoLG 0.52 | troph 8/8 μ8.49 | NT[DA=0.15 NE=0.20 5HT=0.35 ACh=0.25 eCB=0.10 Glu=0.45 GABA=0.15] | osc[δ=0.452 θ=0.244 γ=0.304]
step  3060 | loss 5.6425 | lm 5.6425 | ppl 282.2 | gnorm 0.894 | lr 2.97e-04 | 32545 tok/s | Φ 1.099 | λ₁ 0.075 | ign 0.99 | mesoLG 0.51 | troph 8/8 μ8.91 | NT[DA=0.15 NE=0.20 5HT=0.35 ACh=0.25 eCB=0.10 Glu=0.45 GABA=0.15] | osc[δ=0.500 θ=0.226 γ=0.274]
step  3080 | loss 5.6665 | lm 5.6665 | ppl 289.0 | gnorm 1.073 | lr 2.97e-04 | 32544 tok/s | Φ 1.040 | λ₁ 0.075 | ign 0.98 | mesoLG 0.52 | troph 8/8 μ9.07 | NT[DA=0.15 NE=0.20 5HT=0.35 ACh=0.25 eCB=0.10 Glu=0.45 GABA=0.15] | osc[δ=0.508 θ=0.225 γ=0.267]
step  3100 | loss 5.6150 | lm 5.6150 | ppl 274.5 | gnorm 1.257 | lr 2.97e-04 | 32659 tok/s | Φ 1.092 | λ₁ 0.075 | ign 0.99 | mesoLG 0.47 | troph 8/8 μ9.40 | NT[DA=0.15 NE=0.20 5HT=0.35 ACh=0.25 eCB=0.10 Glu=0.45 GABA=0.15] | osc[δ=0.527 θ=0.223 γ=0.250]
step  3120 | loss 5.8386 | lm 5.8386 | ppl 343.3 | gnorm 1.163 | lr 2.97e-04 | 32600 tok/s | Φ 1.079 | λ₁ 0.075 | ign 0.98 | mesoLG 0.49 | troph 8/8 μ9.87 | NT[DA=0.15 NE=0.20 5HT=0.35 ACh=0.25 eCB=0.10 Glu=0.45 GABA=0.15] | osc[δ=0.560 θ=0.215 γ=0.225]
step  3140 | loss 5.8380 | lm 5.8380 | ppl 343.1 | gnorm 0.952 | lr 2.97e-04 | 32761 tok/s | Φ 1.124 | λ₁ 0.075 | ign 0.98 | mesoLG 0.51 | troph 8/8 μ9.89 | NT[DA=0.15 NE=0.20 5HT=0.35 ACh=0.25 eCB=0.10 Glu=0.45 GABA=0.15] | osc[δ=0.436 θ=0.318 γ=0.246]
step  3160 | loss 5.4441 | lm 5.4441 | ppl 231.4 | gnorm 1.358 | lr 2.97e-04 | 32642 tok/s | Φ 1.127 | λ₁ 0.075 | ign 0.97 | mesoLG 0.53 | troph 8/8 μ9.92 | NT[DA=0.15 NE=0.20 5HT=0.35 ACh=0.25 eCB=0.10 Glu=0.45 GABA=0.15] | osc[δ=0.382 θ=0.351 γ=0.267]
step  3180 | loss 5.6490 | lm 5.6490 | ppl 284.0 | gnorm 0.945 | lr 2.97e-04 | 32601 tok/s | Φ 1.082 | λ₁ 0.075 | ign 0.99 | mesoLG 0.51 | troph 8/8 μ9.86 | NT[DA=0.15 NE=0.20 5HT=0.35 ACh=0.25 eCB=0.10 Glu=0.45 GABA=0.15] | osc[δ=0.417 θ=0.331 γ=0.252]
step  3200 | loss 5.5921 | lm 5.5921 | ppl 268.3 | gnorm 0.717 | lr 2.96e-04 | 32296 tok/s | Φ 1.066 | λ₁ 0.075 | ign 0.99 | mesoLG 0.54 | troph 8/8 μ9.95 | NT[DA=0.15 NE=0.20 5HT=0.35 ACh=0.25 eCB=0.10 Glu=0.45 GABA=0.15] | osc[δ=0.509 θ=0.268 γ=0.223]
step  3220 | loss 5.3482 | lm 5.3482 | ppl 210.2 | gnorm 0.830 | lr 2.96e-04 | 32412 tok/s | Φ 1.080 | λ₁ 0.075 | ign 0.99 | mesoLG 0.51 | troph 8/8 μ10.12 | NT[DA=0.15 NE=0.20 5HT=0.35 ACh=0.25 eCB=0.10 Glu=0.45 GABA=0.15] | osc[δ=0.477 θ=0.252 γ=0.271]
step  3240 | loss 5.6937 | lm 5.6937 | ppl 297.0 | gnorm 0.766 | lr 2.96e-04 | 32409 tok/s | Φ 1.091 | λ₁ 0.075 | ign 0.98 | mesoLG 0.48 | troph 8/8 μ10.60 | NT[DA=0.15 NE=0.20 5HT=0.35 ACh=0.25 eCB=0.10 Glu=0.45 GABA=0.15] | osc[δ=0.529 θ=0.227 γ=0.243]
step  3260 | loss 5.7533 | lm 5.7533 | ppl 315.2 | gnorm 1.180 | lr 2.96e-04 | 32613 tok/s | Φ 1.104 | λ₁ 0.075 | ign 0.98 | mesoLG 0.48 | troph 8/8 μ10.81 | NT[DA=0.15 NE=0.20 5HT=0.35 ACh=0.25 eCB=0.10 Glu=0.45 GABA=0.15] | osc[δ=0.528 θ=0.262 γ=0.209]
step  3280 | loss 5.6778 | lm 5.6778 | ppl 292.3 | gnorm 0.705 | lr 2.96e-04 | 32568 tok/s | Φ 1.107 | λ₁ 0.075 | ign 0.99 | mesoLG 0.49 | troph 8/8 μ10.64 | NT[DA=0.15 NE=0.20 5HT=0.35 ACh=0.25 eCB=0.10 Glu=0.45 GABA=0.15] | osc[δ=0.473 θ=0.287 γ=0.240]
