════════════════════════════════════════════════════════════════
  DSL-driven training loop
  arch=rcc_bowtie (folder: architectures/rcc_bowtie)
  steps=40000 batch=16 seq_len=2048 d_sem=384
  ckpt_dir=/workspace/brian/lfs_checkpoints
════════════════════════════════════════════════════════════════

▶ launch attempt 1 @ 21:19:29Z
[train_dsl] preset rcc_bowtie_30m_p4: d_model=384 depth=4 heads=6 vocab=50257 lr=0.0003 warmup=300 min_ratio=0.1 wd=0.05
[train_dsl] scale 100m (~~100M): d_model=640 depth=8 heads=10 batch=4 ctx=2048 grad_accum=4 dist=single
[train_dsl] DSL-LM (full N8 cortex): vocab=50257 d_model=640 depth=8 heads=10 ctx=2048
[train_dsl] training config: loss_clip=True(f=3.0), opt=adamw, lr=0.0003, grad_accum=1, label_smooth=0.05, wd=0.1, dropout=0.0, pct_strength=0.0
[train_dsl] DSL-LM parameters: 134.8M
[train_dsl] mixed precision: bf16
BRIANHarness:
  vocab_size = 50257
  d_sem      = 640
  parameters = 134,792,213
  circuit populations = 0
  sink population = 
  loss clipping = True (factor=3.0)
  optimizer = adamw (lr=0.0003)
[train_dsl] device=cuda, warmup=300/40000
[train_dsl] skipping 15 LFS pointer file(s) in /workspace/brian/lfs_checkpoints
[data:text] using FineWeb-Edu-10BT (HuggingFaceFW/fineweb-edu:sample-10BT)
[data:chat] using OpenHermes-2.5 (teknium/OpenHermes-2.5)
step    20 | loss 10.7538 | lm 10.7538 | ppl 46806.0 | gnorm 2.332 | lr 2.00e-05 | 24215 tok/s | Φ 0.785 | λ₁ 0.075 | ign 0.23 | mesoLG 0.51 | troph 8/8 μ0.86 | NT[DA=0.15 NE=0.20 5HT=0.35 ACh=0.25 eCB=0.10 Glu=0.45 GABA=0.15] | osc[δ=0.565 θ=0.201 γ=0.234]
step    40 | loss 10.3457 | lm 10.3457 | ppl 31122.6 | gnorm 2.237 | lr 4.00e-05 | 26049 tok/s | Φ 0.533 | λ₁ 0.075 | ign 0.20 | mesoLG 0.51 | troph 8/8 μ1.51 | NT[DA=0.15 NE=0.20 5HT=0.35 ACh=0.25 eCB=0.10 Glu=0.45 GABA=0.15] | osc[δ=0.650 θ=0.185 γ=0.166]
step    60 | loss 9.7668 | lm 9.7668 | ppl 17445.5 | gnorm 2.224 | lr 6.00e-05 | 26047 tok/s | Φ 0.248 | λ₁ 0.075 | ign 0.17 | mesoLG 0.51 | troph 8/8 μ2.36 | NT[DA=0.15 NE=0.20 5HT=0.35 ACh=0.25 eCB=0.10 Glu=0.45 GABA=0.15] | osc[δ=0.708 θ=0.173 γ=0.119]
step    80 | loss 9.0846 | lm 9.0846 | ppl 8818.7 | gnorm 2.880 | lr 8.00e-05 | 26048 tok/s | Φ 0.090 | λ₁ 0.075 | ign 0.15 | mesoLG 0.52 | troph 8/8 μ3.35 | NT[DA=0.15 NE=0.20 5HT=0.35 ACh=0.25 eCB=0.10 Glu=0.45 GABA=0.15] | osc[δ=0.702 θ=0.162 γ=0.135]
step   100 | loss 8.3679 | lm 8.3679 | ppl 4306.4 | gnorm 2.042 | lr 1.00e-04 | 26026 tok/s | Φ 0.034 | λ₁ 0.075 | ign 0.13 | mesoLG 0.52 | troph 8/8 μ4.31 | NT[DA=0.15 NE=0.20 5HT=0.35 ACh=0.25 eCB=0.10 Glu=0.45 GABA=0.15] | osc[δ=0.668 θ=0.180 γ=0.152]
step   120 | loss 7.8223 | lm 7.8223 | ppl 2495.7 | gnorm 1.502 | lr 1.20e-04 | 26057 tok/s | Φ 0.027 | λ₁ 0.075 | ign 0.36 | mesoLG 0.52 | troph 8/8 μ5.08 | NT[DA=0.15 NE=0.20 5HT=0.35 ACh=0.25 eCB=0.10 Glu=0.45 GABA=0.15] | osc[δ=0.676 θ=0.163 γ=0.160]
step   140 | loss 7.5044 | lm 7.5044 | ppl 1816.1 | gnorm 1.422 | lr 1.40e-04 | 26099 tok/s | Φ 0.031 | λ₁ 0.075 | ign 0.53 | mesoLG 0.51 | troph 8/8 μ5.44 | NT[DA=0.15 NE=0.20 5HT=0.35 ACh=0.25 eCB=0.10 Glu=0.45 GABA=0.15] | osc[δ=0.700 θ=0.184 γ=0.116]
step   160 | loss 7.4231 | lm 7.4231 | ppl 1674.3 | gnorm 1.228 | lr 1.60e-04 | 26103 tok/s | Φ 0.036 | λ₁ 0.075 | ign 0.77 | mesoLG 0.51 | troph 8/8 μ5.21 | NT[DA=0.15 NE=0.20 5HT=0.35 ACh=0.25 eCB=0.10 Glu=0.45 GABA=0.15] | osc[δ=0.701 θ=0.182 γ=0.117]
step   180 | loss 7.3896 | lm 7.3896 | ppl 1619.0 | gnorm 0.584 | lr 1.80e-04 | 26077 tok/s | Φ 0.049 | λ₁ 0.075 | ign 0.65 | mesoLG 0.50 | troph 8/8 μ4.95 | NT[DA=0.15 NE=0.20 5HT=0.35 ACh=0.25 eCB=0.10 Glu=0.45 GABA=0.15] | osc[δ=0.702 θ=0.192 γ=0.106]
step   200 | loss 7.3152 | lm 7.3152 | ppl 1502.9 | gnorm 1.631 | lr 2.00e-04 | 25911 tok/s | Φ 0.051 | λ₁ 0.075 | ign 0.81 | mesoLG 0.49 | troph 8/8 μ4.73 | NT[DA=0.15 NE=0.20 5HT=0.35 ACh=0.25 eCB=0.10 Glu=0.45 GABA=0.15] | osc[δ=0.669 θ=0.197 γ=0.134]
step   220 | loss 7.1747 | lm 7.1747 | ppl 1305.9 | gnorm 3.766 | lr 2.20e-04 | 26076 tok/s | Φ 0.053 | λ₁ 0.075 | ign 0.75 | mesoLG 0.51 | troph 8/8 μ4.84 | NT[DA=0.15 NE=0.20 5HT=0.35 ACh=0.25 eCB=0.10 Glu=0.45 GABA=0.15] | osc[δ=0.734 θ=0.149 γ=0.117]
step   240 | loss 7.1137 | lm 7.1137 | ppl 1228.7 | gnorm 2.295 | lr 2.40e-04 | 27283 tok/s | Φ 0.049 | λ₁ 0.075 | ign 0.83 | mesoLG 0.49 | troph 8/8 μ4.86 | NT[DA=0.15 NE=0.20 5HT=0.35 ACh=0.25 eCB=0.10 Glu=0.45 GABA=0.15] | osc[δ=0.588 θ=0.267 γ=0.145]
step   260 | loss 6.9986 | lm 6.9986 | ppl 1095.1 | gnorm 0.948 | lr 2.60e-04 | 27759 tok/s | Φ 0.053 | λ₁ 0.075 | ign 0.81 | mesoLG 0.51 | troph 8/8 μ5.08 | NT[DA=0.15 NE=0.20 5HT=0.35 ACh=0.25 eCB=0.10 Glu=0.45 GABA=0.15] | osc[δ=0.530 θ=0.289 γ=0.180]
step   280 | loss 6.9607 | lm 6.9607 | ppl 1054.4 | gnorm 0.601 | lr 2.80e-04 | 27532 tok/s | Φ 0.056 | λ₁ 0.075 | ign 0.78 | mesoLG 0.52 | troph 8/8 μ4.94 | NT[DA=0.15 NE=0.20 5HT=0.35 ACh=0.25 eCB=0.10 Glu=0.45 GABA=0.15] | osc[δ=0.645 θ=0.186 γ=0.169]
step   300 | loss 6.9923 | lm 6.9923 | ppl 1088.2 | gnorm 1.396 | lr 3.00e-04 | 28375 tok/s | Φ 0.059 | λ₁ 0.075 | ign 0.83 | mesoLG 0.49 | troph 8/8 μ4.97 | NT[DA=0.15 NE=0.20 5HT=0.35 ACh=0.25 eCB=0.10 Glu=0.45 GABA=0.15] | osc[δ=0.598 θ=0.214 γ=0.188]
step   320 | loss 7.0389 | lm 7.0389 | ppl 1140.1 | gnorm 0.503 | lr 3.00e-04 | 27086 tok/s | Φ 0.069 | λ₁ 0.075 | ign 0.86 | mesoLG 0.49 | troph 8/8 μ4.99 | NT[DA=0.15 NE=0.20 5HT=0.35 ACh=0.25 eCB=0.10 Glu=0.45 GABA=0.15] | osc[δ=0.572 θ=0.239 γ=0.189]
step   340 | loss 6.8837 | lm 6.8837 | ppl 976.2 | gnorm 1.201 | lr 3.00e-04 | 28353 tok/s | Φ 0.064 | λ₁ 0.075 | ign 0.85 | mesoLG 0.51 | troph 8/8 μ4.99 | NT[DA=0.15 NE=0.20 5HT=0.35 ACh=0.25 eCB=0.10 Glu=0.45 GABA=0.15] | osc[δ=0.513 θ=0.256 γ=0.230]
step   360 | loss 6.9303 | lm 6.9303 | ppl 1022.8 | gnorm 2.082 | lr 3.00e-04 | 27417 tok/s | Φ 0.072 | λ₁ 0.075 | ign 0.82 | mesoLG 0.51 | troph 8/8 μ5.11 | NT[DA=0.15 NE=0.20 5HT=0.35 ACh=0.25 eCB=0.10 Glu=0.45 GABA=0.15] | osc[δ=0.546 θ=0.201 γ=0.253]
step   380 | loss 6.7406 | lm 6.7406 | ppl 846.1 | gnorm 1.241 | lr 3.00e-04 | 27122 tok/s | Φ 0.067 | λ₁ 0.075 | ign 0.87 | mesoLG 0.49 | troph 8/8 μ5.06 | NT[DA=0.15 NE=0.20 5HT=0.35 ACh=0.25 eCB=0.10 Glu=0.45 GABA=0.15] | osc[δ=0.529 θ=0.196 γ=0.275]
step   400 | loss 6.7696 | lm 6.7696 | ppl 870.9 | gnorm 1.444 | lr 3.00e-04 | 27023 tok/s | Φ 0.075 | λ₁ 0.075 | ign 0.86 | mesoLG 0.49 | troph 8/8 μ5.01 | NT[DA=0.15 NE=0.20 5HT=0.35 ACh=0.25 eCB=0.10 Glu=0.45 GABA=0.15] | osc[δ=0.385 θ=0.298 γ=0.316]
step   420 | loss 6.8364 | lm 6.8364 | ppl 931.2 | gnorm 1.532 | lr 3.00e-04 | 28186 tok/s | Φ 0.081 | λ₁ 0.075 | ign 0.87 | mesoLG 0.50 | troph 8/8 μ4.84 | NT[DA=0.15 NE=0.20 5HT=0.35 ACh=0.25 eCB=0.10 Glu=0.45 GABA=0.15] | osc[δ=0.406 θ=0.281 γ=0.313]
