[init] seed=0 mode=mix chat_ratio=0.6 ctx=1024 batch=4 grad_accum=4
[init] tokenizer ready (0.4s)
[init] opening data iterator (this initializes HF streams)...
.\.venv\Scripts\python.exe : Warning: You are sending unauthenticated requests to the HF Hub. Please set a HF_TOKEN to 
enable higher rate limits and faster downloads.
In Zeile:1 Zeichen:1
+ .\.venv\Scripts\python.exe scripts/inspect_step1500_v2.py 2>&1 | Out- ...
+ ~~~~~~~~~~~~~~~~~~~~~~~~~~~~~~~~~~~~~~~~~~~~~~~~~~~~~~~~~~~~~~
    + CategoryInfo          : NotSpecified: (Warning: You ar...ster downloads.:String) [], RemoteException
    + FullyQualifiedErrorId : NativeCommandError
 
'The read operation timed out' thrown while requesting GET https://huggingface.co/datasets/teknium/OpenHermes-2.5/resol
ve/b82037821055c377bed0d495e72e46de3bc72e84/openhermes2_5.json
'The read operation timed out' thrown while requesting GET https://huggingface.co/datasets/HuggingFaceFW/fineweb-edu/re
solve/87f09149ef4734204d70ed1d046ddc9ca3f2b8f9/sample/10BT/000_00000.parquet
Retrying in 1s [Retry 1/5].
Retrying in 1s [Retry 1/5].
'[SSL] malloc failure (_ssl.c:2657)' thrown while requesting GET https://huggingface.co/datasets/teknium/OpenHermes-2.5
/resolve/b82037821055c377bed0d495e72e46de3bc72e84/openhermes2_5.json
Retrying in 2s [Retry 2/5].
'[SSL] malloc failure (_ssl.c:2657)' thrown while requesting GET https://huggingface.co/datasets/teknium/OpenHermes-2.5
/resolve/b82037821055c377bed0d495e72e46de3bc72e84/openhermes2_5.json
Retrying in 4s [Retry 3/5].
