usage: train_dsl.py [-h] [--arch ARCH] [--dna DNA] [--steps STEPS]
                    [--batch BATCH] [--seq_len SEQ_LEN] [--d_sem D_SEM]
                    [--device DEVICE] [--log_every LOG_EVERY]
                    [--save_every SAVE_EVERY] [--push_every PUSH_EVERY]
                    [--push_backend {hf,lfs,none}] [--push_optimizer]
                    [--ood_every OOD_EVERY] [--ckpt_dir CKPT_DIR]
                    [--sink SINK] [--vocab_size VOCAB_SIZE]
                    [--amp {bf16,fp16}] [--resume] [--model {dsl_lm,circuit}]
                    [--preset PRESET] [--depth DEPTH] [--n_heads N_HEADS]
                    [--data {real,synthetic}] [--mode MODE]
                    [--chat_ratio CHAT_RATIO] [--seed SEED]
train_dsl.py: error: missing /content/brian/architectures/rcc_bowtie/arch.neuro
usage: train_dsl.py [-h] [--arch ARCH] [--dna DNA] [--steps STEPS]
                    [--batch BATCH] [--seq_len SEQ_LEN] [--d_sem D_SEM]
                    [--device DEVICE] [--log_every LOG_EVERY]
                    [--save_every SAVE_EVERY] [--push_every PUSH_EVERY]
                    [--push_backend {hf,lfs,none}] [--push_optimizer]
                    [--ood_every OOD_EVERY] [--ckpt_dir CKPT_DIR]
                    [--sink SINK] [--vocab_size VOCAB_SIZE]
                    [--amp {bf16,fp16}] [--resume] [--model {dsl_lm,circuit}]
                    [--preset PRESET] [--depth DEPTH] [--n_heads N_HEADS]
                    [--data {real,synthetic}] [--mode MODE]
                    [--chat_ratio CHAT_RATIO] [--seed SEED]
train_dsl.py: error: missing /content/brian/architectures/rcc_bowtie/arch.neuro
