[train_dsl] boot @ 2026-06-20T15:30:19Z
[train_dsl] git_commit cd2f6b21d5e8ace850f4f93da00b210d91097909 (master)
[train_dsl] arch_dsl_sha256 9a95bed1ca04c400a87830b809368639d31a1d51f63d9d72b9295a41315aea29 (/content/brian/architectures/SmolLM)
[train_dsl] preset rcc_bowtie_30m_p4: d_model=384 depth=4 heads=6 vocab=50257 lr=0.0003 warmup=300 min_ratio=0.1 wd=0.05
[train_dsl] scale 30m_p4 (~30M): d_model=512 depth=8 heads=8 batch=1 ctx=512 grad_accum=4 dist=single
[train_dsl] DSL-LM (full N8 cortex): vocab=50257 d_model=512 depth=8 heads=8 ctx=512
[train_dsl] training config: loss_clip=True(f=3.0), opt=adamw, lr=0.0005, grad_accum=8, label_smooth=0.0, wd=0.01, dropout=0.0, pct_strength=0.0
[train_dsl] GQA: n_kv_heads=8/8  RoPE base=500000

Loading weights:   0%|          | 0/290 [00:00<?, ?it/s]
Loading weights: 100%|██████████| 290/290 [00:00<00:00, 8539.85it/s]

Loading weights:   0%|          | 0/148 [00:00<?, ?it/s]
Loading weights: 100%|██████████| 148/148 [00:00<00:00, 6196.91it/s]
[transformers] [1mGPT2LMHeadModel LOAD REPORT[0m from: microsoft/CodeGPT-small-py
Key                                     | Status     |  | 
----------------------------------------+------------+--+-
transformer.h.{0...11}.attn.masked_bias | UNEXPECTED |  | 

Notes:
- UNEXPECTED:	can be ignored when loading from different task/architecture; not ok if you expect identical arch.

Loading weights:   0%|          | 0/290 [00:00<?, ?it/s]
Loading weights: 100%|██████████| 290/290 [00:00<00:00, 5599.05it/s]
[train_dsl] DSL-LM parameters: total 1127.0M  (trainable 146.9M · frozen 980.1M); checkpoint will only save the trainable subset (frozen HF experts excluded via _CKPT_EXTERNAL_PREFIXES)
[train_dsl] TrunkOptMonitor attached (n_trainable=146.9M, pac_sigma=0.02, pac_delta=0.05)
`trust_remote_code` is not supported anymore.
Please check that the Hugging Face dataset 'Salesforce/wikitext' isn't based on a loading script and remove `trust_remote_code`.
If the dataset is based on a loading script, please ask the dataset author to remove it and convert it to a standard format like Parquet.

Generating test split:   0%|          | 0/4358 [00:00<?, ? examples/s]
Generating test split: 100%|██████████| 4358/4358 [00:00<00:00, 105803.84 examples/s]

Generating train split:   0%|          | 0/1801350 [00:00<?, ? examples/s]
Generating train split:   2%|▏         | 43000/1801350 [00:00<00:04, 414133.35 examples/s]
Generating train split:   6%|▌         | 111000/1801350 [00:00<00:03, 561566.18 examples/s]
Generating train split:  15%|█▍        | 264000/1801350 [00:02<00:15, 98693.76 examples/s] 
Generating train split:  29%|██▊       | 517000/1801350 [00:02<00:05, 243950.80 examples/s]
Generating train split:  36%|███▌      | 645000/1801350 [00:02<00:03, 324740.24 examples/s]
Generating train split:  44%|████▍     | 792000/1801350 [00:02<00:02, 439926.73 examples/s]
Generating train split:  52%|█████▏    | 936675/1801350 [00:02<00:01, 531329.27 examples/s]
Generating train split:  59%|█████▉    | 1059675/1801350 [00:03<00:01, 421603.35 examples/s]
Generating train split:  64%|██████▍   | 1157675/1801350 [00:03<00:01, 460372.65 examples/s]
Generating train split:  69%|██████▉   | 1241675/1801350 [00:03<00:01, 477164.70 examples/s]
Generating train split:  74%|███████▎  | 1326675/1801350 [00:03<00:00, 495194.38 examples/s]
Generating train split:  78%|███████▊  | 1406675/1801350 [00:03<00:00, 460622.84 examples/s]
Generating train split:  82%|████████▏ | 1480675/1801350 [00:04<00:00, 387759.97 examples/s]
Generating train split:  86%|████████▌ | 1546675/1801350 [00:04<00:00, 428513.04 examples/s]
Generating train split:  89%|████████▉ | 1600675/1801350 [00:08<00:03, 58740.14 examples/s] 
Generating train split:  97%|█████████▋| 1749675/1801350 [00:08<00:00, 94583.68 examples/s]
Generating train split: 100%|██████████| 1801350/1801350 [00:08<00:00, 211533.14 examples/s]

Generating validation split:   0%|          | 0/3760 [00:00<?, ? examples/s]
Generating validation split: 100%|██████████| 3760/3760 [00:00<00:00, 349525.33 examples/s]
[train_dsl] GIF OOD probe armed
[train_dsl] LR schedule from arch.neuro (preset rcc_bowtie_30m_p4 suppressed): lr=0.0005 wd=0.01 warmup=2400 min_ratio=0.1
[train_dsl] mixed precision: bf16
BRIANHarness:
  vocab_size = 50257
  d_sem      = 512
  parameters = 1,127,007,763  (trainable 146,910,675 · frozen 980,097,088)
  checkpoint = 149,241,634 params ≈ 569.3 MB (fp32) — frozen HF experts excluded
  circuit populations = 0
  sink population = 
  loss clipping = True (factor=3.0)
  optimizer = adamw (lr=0.0005)
[train_dsl] device=cuda, warmup=2400/10000
[train_dsl] ══════════════════════════════════════════════
[train_dsl] PR2 OOD interventions: dar=ON pcc=ON isotropy=ON cmd=off adaptive_mixture=off
[train_dsl] ══════════════════════════════════════════════
[train_dsl] DAR domain labels ON — emitting (window, source_id) tuples
[data:text] using FineWeb-Edu-10BT (HuggingFaceFW/fineweb-edu:sample-10BT)
[data:chat] using OpenHermes-2.5 (teknium/OpenHermes-2.5)
step    20 | loss 6.7418 | lm 6.0274 | ppl 414.6 | gnorm 7.472 | lr 4.17e-06 | 171 tok/s | Φ 0.882 | λ₁ 0.075 | ign 0.00 | mesoLG 0.52 | troph 8/8 μ0.83 | NT[DA=0.41 NE=0.15 5HT=0.34 ACh=0.20 eCB=0.05 Glu=0.39 GABA=0.10] | osc[δ=0.347 θ=0.319 γ=0.334] | em[C2:ρ=0.00/τ=0.47/s=0.00 C4:Q=0.4 W=1 pl=255 C3:pc=3.816 VBB:β=1.00 σ=0.0183 kl=26011.740 C5:lat=1.00 C6:pac=0.00] | reg[dar=0.000 pcc=0.000 iso=0.0000 cmd=0.000 Σ=0.000 w=0.00 chat=0.60] | cortex[α_eff=0.500 inh=0.000 λ=0.596 kl=0.453 lm_ema=11.33 cx_ema=3.59] | gif[α=0.0010 p=0.000 ood_ema=0.00 ood_ce=0.00 iso_w=0.0000] | gif7[dgn=0.556 lr×1.000 klf=0.0] | nfo[R=0.48 R★=0.91 A=0.61 σA=0.28 cV=0.98 κ=0.10 α=0.010 Φκ=0.52] | hpa[load=0.02 cort=0.00 NE×1.00 T×1.00 LR×1.00] | trunk[budget=0.92 bpp=4.83e-08 erank=40.0 uni=2.64 α=1.09 R²=0.93 PR=1.6]
step    40 | loss 6.7988 | lm 6.3060 | ppl 547.8 | gnorm 8.713 | lr 8.32e-06 | 622 tok/s | Φ 0.907 | λ₁ 0.075 | ign 0.53 | mesoLG 0.50 | troph 8/8 μ1.12 | NT[DA=0.21 NE=0.47 5HT=0.37 ACh=0.20 eCB=0.05 Glu=0.39 GABA=0.15] | osc[δ=0.284 θ=0.315 γ=0.401] | em[C2:ρ=0.03/τ=0.43/s=0.53 C4:Q=0.5 W=1 pl=255 C3:pc=1.595 VBB:β=1.00 σ=0.0183 kl=25957.908 C5:lat=1.00 C6:pac=0.04] | reg[dar=0.000 pcc=0.000 iso=0.0000 cmd=0.000 Σ=0.000 w=0.00 chat=0.60] | cortex[α_eff=0.500 inh=0.000 λ=0.677 kl=0.475 lm_ema=11.28 cx_ema=3.91] | gif[α=0.0010 p=0.000 ood_ema=0.00 ood_ce=0.00 iso_w=0.0000] | gif7[dgn=0.498 lr×1.000 klf=0.0] | nfo[R=0.52 R★=1.13 A=0.60 σA=0.31 cV=0.93 κ=0.10 α=0.010 Φκ=0.49] | hpa[load=0.05 cort=0.00 NE×1.00 T×1.00 LR×1.00] | trunk[budget=0.93 bpp=4.20e-08 erank=34.2 uni=2.54 α=1.15 R²=0.93 PR=1.7]
step    60 | loss 7.2130 | lm 6.7186 | ppl 827.6 | gnorm 32.942 | lr 1.25e-05 | 676 tok/s | Φ 0.872 | λ₁ 0.075 | ign 0.79 | mesoLG 0.54 | troph 8/8 μ1.26 | NT[DA=0.19 NE=0.98 5HT=0.37 ACh=0.18 eCB=0.05 Glu=0.39 GABA=0.42] | osc[δ=0.371 θ=0.350 γ=0.278] | em[C2:ρ=0.25/τ=0.42/s=0.79 C4:Q=-0.4 W=1 pl=255 C3:pc=0.745 VBB:β=1.00 σ=0.0183 kl=24739.918 C5:lat=1.77 C6:pac=0.02] | reg[dar=0.000 pcc=0.000 iso=0.0000 cmd=0.000 Σ=0.000 w=0.00 chat=0.60] | cortex[α_eff=0.500 inh=0.000 λ=0.779 kl=0.438 lm_ema=11.13 cx_ema=4.42] | gif[α=0.0010 p=0.000 ood_ema=0.00 ood_ce=0.00 iso_w=0.0000] | gif7[dgn=0.150 lr×1.000 klf=0.0] | nfo[R=0.59 R★=1.52 A=0.70 σA=0.36 cV=0.99 κ=0.10 α=0.010 Φκ=0.46] | hpa[load=0.09 cort=0.01 NE×1.00 T×0.99 LR×1.00] | trunk[budget=0.93 bpp=4.16e-08 erank=24.6 uni=2.27 α=1.24 R²=0.94 PR=1.5]
step    80 | loss 6.6745 | lm 6.2000 | ppl 492.7 | gnorm 6.598 | lr 1.66e-05 | 603 tok/s | Φ 0.890 | λ₁ 0.075 | ign 0.74 | mesoLG 0.51 | troph 8/8 μ1.28 | NT[DA=0.25 NE=0.15 5HT=0.40 ACh=0.17 eCB=0.05 Glu=0.38 GABA=0.15] | osc[δ=0.337 θ=0.395 γ=0.268] | em[C2:ρ=0.39/τ=0.45/s=0.74 C4:Q=-0.5 W=1 pl=255 C3:pc=0.379 VBB:β=1.00 σ=0.0184 kl=25841.891 C5:lat=1.00 C6:pac=0.02] | reg[dar=0.000 pcc=0.000 iso=0.0000 cmd=0.000 Σ=0.000 w=0.00 chat=0.60] | cortex[α_eff=0.500 inh=0.000 λ=0.677 kl=0.424 lm_ema=11.10 cx_ema=3.96] | gif[α=0.0010 p=0.000 ood_ema=0.00 ood_ce=0.00 iso_w=0.0000] | gif7[dgn=0.604 lr×1.000 klf=0.0] | nfo[R=0.59 R★=1.54 A=0.61 σA=0.35 cV=0.99 κ=0.10 α=0.010 Φκ=0.44] | hpa[load=0.11 cort=0.01 NE×0.99 T×0.99 LR×0.99] | trunk[budget=0.93 bpp=4.17e-08 erank=34.1 uni=2.45 α=1.10 R²=0.92 PR=1.5]
step   100 | loss 6.4058 | lm 5.9583 | ppl 386.9 | gnorm 7.377 | lr 2.08e-05 | 571 tok/s | Φ 0.880 | λ₁ 0.075 | ign 0.74 | mesoLG 0.52 | troph 8/8 μ1.31 | NT[DA=0.29 NE=0.13 5HT=0.43 ACh=0.17 eCB=0.05 Glu=0.41 GABA=0.13] | osc[δ=0.409 θ=0.312 γ=0.279] | em[C2:ρ=0.45/τ=0.50/s=0.74 C4:Q=-0.5 W=1 pl=255 C3:pc=0.242 VBB:β=1.00 σ=0.0184 kl=28090.266 C5:lat=1.67 C6:pac=0.02] | reg[dar=0.000 pcc=0.000 iso=0.0000 cmd=0.000 Σ=0.000 w=0.00 chat=0.60] | cortex[α_eff=0.500 inh=0.000 λ=0.782 kl=0.371 lm_ema=10.82 cx_ema=3.78] | gif[α=0.0010 p=0.000 gap=1.46 ood_ema=11.28 ood_ce=11.28 iso_w=0.0000 div=0.003] | gif7[dgn=0.561 lr×1.000 klf=0.0] | nfo[R=0.61 R★=1.18 A=0.68 σA=0.31 cV=0.98 κ=0.10 α=0.010 Φκ=0.40] | hpa[load=0.12 cort=0.02 NE×0.99 T×0.98 LR×0.99] | trunk[budget=0.93 bpp=4.56e-08 erank=13.3 uni=2.51 α=1.37 R²=0.96 PR=1.3]
step   120 | loss 6.3687 | lm 5.9195 | ppl 372.2 | gnorm 7.195 | lr 2.47e-05 | 560 tok/s | Φ 0.887 | λ₁ 0.075 | ign 0.73 | mesoLG 0.50 | troph 8/8 μ1.32 | NT[DA=0.26 NE=0.11 5HT=0.45 ACh=0.17 eCB=0.05 Glu=0.41 GABA=0.12] | osc[δ=0.362 θ=0.299 γ=0.339] | em[C2:ρ=0.30/τ=0.54/s=0.73 C4:Q=-0.5 W=1 pl=255 C3:pc=0.178 VBB:β=1.00 σ=0.0185 kl=26657.820 C5:lat=1.00 C6:pac=0.00] | reg[dar=0.000 pcc=0.000 iso=0.0000 cmd=0.000 Σ=0.000 w=0.00 chat=0.60] | cortex[α_eff=0.500 inh=0.000 λ=0.683 kl=0.400 lm_ema=10.82 cx_ema=3.65] | gif[α=0.0011 p=0.001 gap=1.58 ood_ema=11.28 ood_ce=11.28 iso_w=0.0000 ls=0.003 div=0.003] | gif7[dgn=0.571 lr×1.000 klf=0.0] | nfo[R=0.58 R★=1.12 A=0.72 σA=0.38 cV=1.00 κ=0.10 α=0.010 Φκ=0.43] | hpa[load=0.11 cort=0.02 NE×0.98 T×0.98 LR×0.99] | trunk[budget=0.93 bpp=4.21e-08 erank=34.2 uni=2.57 α=1.14 R²=0.93 PR=1.6]
step   140 | loss 6.4393 | lm 5.9672 | ppl 390.4 | gnorm 8.897 | lr 2.92e-05 | 587 tok/s | Φ 0.867 | λ₁ 0.075 | ign 0.73 | mesoLG 0.51 | troph 8/8 μ1.34 | NT[DA=0.25 NE=0.16 5HT=0.45 ACh=0.20 eCB=0.05 Glu=0.42 GABA=0.10] | osc[δ=0.365 θ=0.272 γ=0.362] | em[C2:ρ=0.09/τ=0.53/s=0.73 C4:Q=-0.5 W=1 pl=255 C3:pc=0.173 VBB:β=1.00 σ=0.0186 kl=27245.637 C5:lat=1.00 C6:pac=0.01] | reg[dar=0.000 pcc=0.000 iso=0.0000 cmd=0.000 Σ=0.000 w=0.00 chat=0.60] | cortex[α_eff=0.500 inh=0.000 λ=0.798 kl=0.375 lm_ema=10.38 cx_ema=3.90] | gif[α=0.0012 p=0.004 gap=2.22 ood_ema=11.28 ood_ce=11.28 iso_w=0.0000 ls=0.024 div=0.002] | gif7[dgn=0.490 lr×1.000 klf=0.0] | nfo[R=0.52 R★=1.11 A=0.63 σA=0.32 cV=0.99 κ=0.10 α=0.010 Φκ=0.49] | hpa[load=0.13 cort=0.03 NE×0.98 T×0.97 LR×0.99] | trunk[budget=0.92 bpp=4.89e-08 erank=17.5 uni=2.57 α=1.40 R²=0.96 PR=1.6]
step   160 | loss 6.4084 | lm 5.9458 | ppl 382.1 | gnorm 9.553 | lr 3.28e-05 | 584 tok/s | Φ 0.849 | λ₁ 0.075 | ign 0.73 | mesoLG 0.48 | troph 8/8 μ1.39 | NT[DA=0.23 NE=0.17 5HT=0.46 ACh=0.20 eCB=0.06 Glu=0.48 GABA=0.10] | osc[δ=0.377 θ=0.280 γ=0.342] | em[C2:ρ=0.09/τ=0.50/s=0.73 C4:Q=-0.5 W=1 pl=255 C3:pc=0.176 VBB:β=1.00 σ=0.0190 kl=31335.398 C5:lat=1.00 C6:pac=0.01] | reg[dar=0.000 pcc=0.000 iso=0.0000 cmd=0.000 Σ=0.000 w=0.00 chat=0.60] | cortex[α_eff=0.500 inh=0.000 λ=0.746 kl=0.316 lm_ema=9.74 cx_ema=4.05] | gif[α=0.0016 p=0.012 gap=4.97 ood_ema=11.28 ood_ce=11.28 iso_w=0.0001 ls=0.050 div=0.003] | gif7[dgn=0.464 lr×1.000 klf=0.0] | nfo[R=0.60 R★=1.24 A=0.69 σA=0.32 cV=0.97 κ=0.10 α=0.010 Φκ=0.42] | hpa[load=0.14 cort=0.03 NE×0.98 T×0.97 LR×0.98] | trunk[budget=0.93 bpp=4.82e-08 erank=20.2 uni=2.35 α=1.21 R²=0.93 PR=1.3]
step   180 | loss 6.1518 | lm 5.6429 | ppl 282.3 | gnorm 8.227 | lr 3.75e-05 | 599 tok/s | Φ 0.904 | λ₁ 0.075 | ign 0.74 | mesoLG 0.46 | troph 8/8 μ1.43 | NT[DA=0.21 NE=0.16 5HT=0.47 ACh=0.20 eCB=0.07 Glu=0.47 GABA=0.10] | osc[δ=0.428 θ=0.246 γ=0.326] | em[C2:ρ=0.08/τ=0.48/s=0.74 C4:Q=-0.5 W=1 pl=255 C3:pc=0.183 VBB:β=1.00 σ=0.0191 kl=28040.123 C5:lat=1.66 C6:pac=0.02] | reg[dar=0.000 pcc=0.000 iso=0.0000 cmd=0.000 Σ=0.000 w=0.00 chat=0.60] | cortex[α_eff=0.500 inh=0.000 λ=0.680 kl=0.377 lm_ema=9.65 cx_ema=3.72] | gif[α=0.0025 p=0.030 gap=5.73 ood_ema=11.28 ood_ce=11.28 iso_w=0.0003 ls=0.050 div=0.001] | gif7[dgn=0.519 lr×1.000 klf=0.0] | nfo[R=0.53 R★=1.12 A=0.65 σA=0.33 cV=0.99 κ=0.10 α=0.010 Φκ=0.47] | hpa[load=0.15 cort=0.04 NE×0.97 T×0.96 LR×0.98] | trunk[budget=0.93 bpp=5.35e-08 erank=33.1 uni=2.48 α=1.17 R²=0.93 PR=1.6]
step   200 | loss 5.9883 | lm 5.4387 | ppl 230.1 | gnorm 9.446 | lr 4.07e-05 | 566 tok/s | Φ 0.777 | λ₁ 0.075 | ign 0.75 | mesoLG 0.49 | troph 8/8 μ1.52 | NT[DA=0.31 NE=0.15 5HT=0.48 ACh=0.20 eCB=0.09 Glu=0.57 GABA=0.10] | osc[δ=0.435 θ=0.216 γ=0.349] | em[C2:ρ=0.09/τ=0.46/s=0.75 C4:Q=-0.5 W=1 pl=255 C3:pc=0.199 VBB:β=1.00 σ=0.0200 kl=34585.027 C5:lat=1.44 C6:pac=0.01] | reg[dar=0.000 pcc=0.000 iso=0.0000 cmd=0.000 Σ=0.000 w=0.00 chat=0.60] | cortex[α_eff=0.500 inh=0.000 λ=0.772 kl=0.244 lm_ema=8.82 cx_ema=3.98] | gif[α=0.0035 p=0.051 gap=10.59 ood_ema=11.22 ood_ce=10.69 iso_w=0.0005 ls=0.050 div=0.003] | gif7[dgn=0.468 lr×1.000 klf=0.0] | nfo[R=0.58 R★=1.31 A=0.67 σA=0.31 cV=1.00 κ=0.10 α=0.011 Φκ=0.44] | hpa[load=0.16 cort=0.04 NE×0.97 T×0.96 LR×0.98] | trunk[budget=0.89 bpp=4.89e-08 erank=9.1 uni=2.08 α=1.53 R²=0.96 PR=1.2]
