── compiling DNA → DSL → HypergraphIR workspace ──
  workspace: /workspace/brian/.neuro/arch/temp
  source:    dna=/workspace/brian/dna/master/arch.dna
  IR:        43 nodes, 90 edges
════════════════════════════════════════════════════════════════
  DNA-driven training loop (canonical pipeline)
  dna=./dna/master/arch.dna  ->  workspace=/workspace/brian/.neuro/arch/temp  (arch=master)
  steps=10000 batch=16 seq_len=512 d_sem=384
  ckpt_dir=/workspace/brian/lfs_checkpoints
════════════════════════════════════════════════════════════════

▶ launch attempt 1 @ 19:46:48Z
[train_dsl] boot @ 2026-06-15T19:46:50Z
[train_dsl] git_commit f976e7170198f2d9990cc27a230ccd5604435777 (master)
[train_dsl] arch_dsl_sha256 02f0e39582158d2db49d894a9221a9df8ae5ed59622532e4722d7a66f92fc7eb (/workspace/brian/.neuro/arch/temp)
[train_dsl] preset rcc_bowtie_30m_p4: d_model=384 depth=4 heads=6 vocab=50257 lr=0.0003 warmup=300 min_ratio=0.1 wd=0.05
[train_dsl] scale 30m_p4 (~30M): d_model=512 depth=8 heads=8 batch=1 ctx=512 grad_accum=4 dist=single
[train_dsl] DSL-LM (full N8 cortex): vocab=50257 d_model=512 depth=8 heads=8 ctx=512
[train_dsl] training config: loss_clip=True(f=3.0), opt=adamw, lr=0.0005, grad_accum=8, label_smooth=0.0, wd=0.01, dropout=0.0, pct_strength=0.0
[train_dsl] DSL-LM parameters: total 1127.0M  (trainable 146.9M · frozen 980.1M); checkpoint will only save the trainable subset (frozen HF experts excluded via _CKPT_EXTERNAL_PREFIXES)
[train_dsl] LR schedule from arch.neuro (preset rcc_bowtie_30m_p4 suppressed): lr=0.0005 wd=0.01 warmup=2400 min_ratio=0.1
[train_dsl] mixed precision: bf16
BRIANHarness:
  vocab_size = 50257
  d_sem      = 512
  parameters = 1,126,953,903  (trainable 146,856,815 · frozen 980,097,088)
  checkpoint = 149,187,774 params ≈ 569.1 MB (fp32) — frozen HF experts excluded
  circuit populations = 0
  sink population = 
  loss clipping = True (factor=3.0)
  optimizer = adamw (lr=0.0005)
[train_dsl] device=cuda, warmup=2400/10000
[train_dsl] skipping 1 LFS pointer file(s) in /workspace/brian/lfs_checkpoints
[train_dsl] ══════════════════════════════════════════════
[train_dsl] PR2 OOD interventions: dar=off pcc=off isotropy=off cmd=off adaptive_mixture=off
[train_dsl] ══════════════════════════════════════════════
[data:text] using FineWeb-Edu-10BT (HuggingFaceFW/fineweb-edu:sample-10BT)
[data:chat] using OpenHermes-2.5 (teknium/OpenHermes-2.5)
step   500 | loss 7.8242 | lm 6.0884 | ppl 440.7 | gnorm 7.163 | lr 1.04e-04 | 1362 tok/s | Φ 0.880 | λ₁ 0.075 | ign 0.61 | mesoLG 0.52 | troph 8/8 μ1.40 | NT[DA=0.23 NE=0.11 5HT=0.51 ACh=0.11 eCB=0.02 Glu=0.21 GABA=0.23] | osc[δ=0.477 θ=0.206 γ=0.317] | em[C2:ρ=0.61/τ=0.10/s=0.61 C4:Q=-0.5 W=1 pl=255 C3:pc=0.628 VBB:β=1.00 σ=0.0200 kl=5709.316 C5:lat=1.00 C6:pac=0.03] | cortex[α_eff=0.501 inh=0.000 λ=0.880 kl=-0.121 lm_ema=10.09 cx_ema=4.33] | hpa[load=0.12 cort=0.11 NE×0.93 T×0.89 LR×0.95]
[train_dsl] saved checkpoint /workspace/brian/lfs_checkpoints/20260615-194648_f50b1568_neuroslm-full-dna-arch/step500.pt
[mid-ood] step 500: WikiText-103 snapshot...
`trust_remote_code` is not supported anymore.
Please check that the Hugging Face dataset 'Salesforce/wikitext' isn't based on a loading script and remove `trust_remote_code`.
If the dataset is based on a loading script, please ask the dataset author to remove it and convert it to a standard format like Parquet.
[mid-ood] step 500: wikitext ppl=597.5 gap_ratio=1.36 (train_ppl=440.7) (50 seq, 6430 tok)
step  1000 | loss 5.7284 | lm 5.2275 | ppl 186.3 | gnorm 7.068 | lr 1.98e-04 | 1859 tok/s | Φ 0.755 | λ₁ 0.075 | ign 0.60 | mesoLG 0.52 | troph 8/8 μ1.59 | NT[DA=0.24 NE=0.10 5HT=0.43 ACh=0.13 eCB=0.04 Glu=0.32 GABA=0.17] | osc[δ=0.342 θ=0.279 γ=0.378] | em[C2:ρ=0.38/τ=0.13/s=0.60 C4:Q=0.5 W=1 pl=255 C3:pc=0.249 VBB:β=1.01 σ=0.0244 kl=3161.540 C5:lat=1.70 C6:pac=0.01] | cortex[α_eff=0.495 inh=0.015 λ=0.814 kl=0.169 lm_ema=7.99 cx_ema=3.76] | hpa[load=0.11 cort=0.10 NE×0.93 T×0.90 LR×0.95]
[train_dsl] saved checkpoint /workspace/brian/lfs_checkpoints/20260615-194648_f50b1568_neuroslm-full-dna-arch/step1000.pt
[mid-ood] step 1000: WikiText-103 snapshot...
`trust_remote_code` is not supported anymore.
Please check that the Hugging Face dataset 'Salesforce/wikitext' isn't based on a loading script and remove `trust_remote_code`.
If the dataset is based on a loading script, please ask the dataset author to remove it and convert it to a standard format like Parquet.
[mid-ood] step 1000: wikitext ppl=305.9 gap_ratio=1.64 (train_ppl=186.3) (50 seq, 6430 tok)
step  1500 | loss 5.0371 | lm 4.5334 | ppl 93.1 | gnorm 9.445 | lr 3.13e-04 | 1875 tok/s | Φ 0.708 | λ₁ 0.075 | ign 0.62 | mesoLG 0.51 | troph 8/8 μ1.53 | NT[DA=0.22 NE=0.22 5HT=0.41 ACh=0.19 eCB=0.04 Glu=0.35 GABA=0.12] | osc[δ=0.444 θ=0.285 γ=0.272] | em[C2:ρ=0.27/τ=0.02/s=0.62 C4:Q=0.5 W=1 pl=255 C3:pc=0.215 VBB:β=1.02 σ=0.0341 kl=3705.389 C5:lat=1.00 C6:pac=0.01] | cortex[α_eff=0.503 inh=0.004 λ=0.799 kl=0.254 lm_ema=7.47 cx_ema=3.66] | hpa[load=0.11 cort=0.11 NE×0.92 T×0.89 LR×0.95]
[train_dsl] saved checkpoint /workspace/brian/lfs_checkpoints/20260615-194648_f50b1568_neuroslm-full-dna-arch/step1500.pt
[mid-ood] step 1500: WikiText-103 snapshot...
`trust_remote_code` is not supported anymore.
Please check that the Hugging Face dataset 'Salesforce/wikitext' isn't based on a loading script and remove `trust_remote_code`.
If the dataset is based on a loading script, please ask the dataset author to remove it and convert it to a standard format like Parquet.
[mid-ood] step 1500: wikitext ppl=247.7 gap_ratio=2.66 (train_ppl=93.1) (50 seq, 6430 tok)
step  2000 | loss 4.5960 | lm 4.0941 | ppl 60.0 | gnorm 3.976 | lr 3.94e-04 | 1887 tok/s | Φ 0.715 | λ₁ 0.075 | ign 0.65 | mesoLG 0.55 | troph 8/8 μ1.42 | NT[DA=0.08 NE=0.05 5HT=0.35 ACh=0.28 eCB=0.07 Glu=0.44 GABA=0.04] | osc[δ=0.280 θ=0.380 γ=0.339] | em[C2:ρ=0.09/τ=0.14/s=0.65 C4:Q=0.5 W=1 pl=255 C3:pc=0.223 VBB:β=1.04 σ=0.0299 kl=2738.979 C5:lat=1.00 C6:pac=0.01] | cortex[α_eff=0.491 inh=0.037 λ=0.779 kl=0.091 lm_ema=7.67 cx_ema=3.63] | hpa[load=0.11 cort=0.11 NE×0.92 T×0.89 LR×0.95]
[train_dsl] saved checkpoint /workspace/brian/lfs_checkpoints/20260615-194648_f50b1568_neuroslm-full-dna-arch/step2000.pt
[mid-ood] step 2000: WikiText-103 snapshot...
`trust_remote_code` is not supported anymore.
Please check that the Hugging Face dataset 'Salesforce/wikitext' isn't based on a loading script and remove `trust_remote_code`.
If the dataset is based on a loading script, please ask the dataset author to remove it and convert it to a standard format like Parquet.
[mid-ood] step 2000: wikitext ppl=215.1 gap_ratio=3.59 (train_ppl=60.0) (50 seq, 6430 tok)
