── compiling DNA → DSL → HypergraphIR workspace ──
  workspace: /workspace/brian/.neuro/arch/temp
  source:    dna=/workspace/brian/dna/master/arch.dna
  IR:        43 nodes, 90 edges
════════════════════════════════════════════════════════════════
  DNA-driven training loop (canonical pipeline)
  dna=./dna/master/arch.dna  ->  workspace=/workspace/brian/.neuro/arch/temp  (arch=master)
  steps=10000 batch=16 seq_len=512 d_sem=384
  ckpt_dir=/workspace/brian/lfs_checkpoints
════════════════════════════════════════════════════════════════

▶ launch attempt 1 @ 21:10:06Z
[train_dsl] boot @ 2026-06-15T21:10:08Z
[train_dsl] git_commit 484dc871527942c201f46394ed091b2fb504954d (master)
[train_dsl] arch_dsl_sha256 02f0e39582158d2db49d894a9221a9df8ae5ed59622532e4722d7a66f92fc7eb (/workspace/brian/.neuro/arch/temp)
[train_dsl] preset rcc_bowtie_30m_p4: d_model=384 depth=4 heads=6 vocab=50257 lr=0.0003 warmup=300 min_ratio=0.1 wd=0.05
[train_dsl] scale 30m_p4 (~30M): d_model=512 depth=8 heads=8 batch=1 ctx=512 grad_accum=4 dist=single
[train_dsl] DSL-LM (full N8 cortex): vocab=50257 d_model=512 depth=8 heads=8 ctx=512
[train_dsl] training config: loss_clip=True(f=3.0), opt=adamw, lr=0.0005, grad_accum=8, label_smooth=0.0, wd=0.01, dropout=0.0, pct_strength=0.0
[train_dsl] DSL-LM parameters: total 1127.0M  (trainable 146.9M · frozen 980.1M); checkpoint will only save the trainable subset (frozen HF experts excluded via _CKPT_EXTERNAL_PREFIXES)
[train_dsl] LR schedule from arch.neuro (preset rcc_bowtie_30m_p4 suppressed): lr=0.0005 wd=0.01 warmup=2400 min_ratio=0.1
[train_dsl] mixed precision: bf16
BRIANHarness:
  vocab_size = 50257
  d_sem      = 512
  parameters = 1,126,953,903  (trainable 146,856,815 · frozen 980,097,088)
  checkpoint = 149,187,774 params ≈ 569.1 MB (fp32) — frozen HF experts excluded
  circuit populations = 0
  sink population = 
  loss clipping = True (factor=3.0)
  optimizer = adamw (lr=0.0005)
[train_dsl] device=cuda, warmup=2400/10000
[train_dsl] skipping 1 LFS pointer file(s) in /workspace/brian/lfs_checkpoints
[train_dsl] ══════════════════════════════════════════════
[train_dsl] PR2 OOD interventions: dar=off pcc=off isotropy=off cmd=off adaptive_mixture=off
[train_dsl] ══════════════════════════════════════════════
[data:text] using FineWeb-Edu-10BT (HuggingFaceFW/fineweb-edu:sample-10BT)
[data:chat] using OpenHermes-2.5 (teknium/OpenHermes-2.5)
step   500 | loss 7.8242 | lm 6.0884 | ppl 440.7 | gnorm 7.164 | lr 1.04e-04 | 1371 tok/s | Φ 0.880 | λ₁ 0.075 | ign 0.64 | mesoLG 0.52 | troph 8/8 μ1.40 | NT[DA=0.23 NE=0.11 5HT=0.51 ACh=0.13 eCB=0.02 Glu=0.21 GABA=0.18] | osc[δ=0.477 θ=0.206 γ=0.317] | em[C2:ρ=0.45/τ=0.10/s=0.64 C4:Q=-0.5 W=1 pl=255 C3:pc=0.628 VBB:β=1.00 σ=0.0200 kl=5711.800 C5:lat=1.00 C6:pac=0.03] | cortex[α_eff=0.501 inh=0.000 λ=0.880 kl=-0.121 lm_ema=10.09 cx_ema=4.33] | hpa[load=0.12 cort=0.11 NE×0.93 T×0.89 LR×0.95]
[train_dsl] saved checkpoint /workspace/brian/lfs_checkpoints/20260615-211006_3d7dd4c3_neuroslm-full-dna-arch/step500.pt
[mid-ood] step 500: WikiText-103 snapshot...
`trust_remote_code` is not supported anymore.
Please check that the Hugging Face dataset 'Salesforce/wikitext' isn't based on a loading script and remove `trust_remote_code`.
If the dataset is based on a loading script, please ask the dataset author to remove it and convert it to a standard format like Parquet.
[mid-ood] step 500: wikitext ppl=597.4 gap_ratio=1.36 (train_ppl=440.7) (50 seq, 6430 tok)
step  1000 | loss 5.7278 | lm 5.2271 | ppl 186.3 | gnorm 7.120 | lr 1.98e-04 | 1845 tok/s | Φ 0.757 | λ₁ 0.075 | ign 0.57 | mesoLG 0.52 | troph 8/8 μ1.59 | NT[DA=0.24 NE=0.12 5HT=0.43 ACh=0.25 eCB=0.04 Glu=0.31 GABA=0.06] | osc[δ=0.365 θ=0.272 γ=0.362] | em[C2:ρ=0.08/τ=0.05/s=0.57 C4:Q=0.5 W=1 pl=255 C3:pc=0.250 VBB:β=1.01 σ=0.0242 kl=3072.102 C5:lat=1.72 C6:pac=0.01] | cortex[α_eff=0.496 inh=0.015 λ=0.816 kl=0.162 lm_ema=8.00 cx_ema=3.76] | hpa[load=0.11 cort=0.10 NE×0.93 T×0.90 LR×0.95]
[train_dsl] saved checkpoint /workspace/brian/lfs_checkpoints/20260615-211006_3d7dd4c3_neuroslm-full-dna-arch/step1000.pt
[mid-ood] step 1000: WikiText-103 snapshot...
`trust_remote_code` is not supported anymore.
Please check that the Hugging Face dataset 'Salesforce/wikitext' isn't based on a loading script and remove `trust_remote_code`.
If the dataset is based on a loading script, please ask the dataset author to remove it and convert it to a standard format like Parquet.
[mid-ood] step 1000: wikitext ppl=304.2 gap_ratio=1.63 (train_ppl=186.3) (50 seq, 6430 tok)
